Log file open, 04/16/24 14:05:10
LogWindows: Failed to load 'aqProf.dll' (GetLastError=126)
LogWindows: File 'aqProf.dll' does not exist
LogWindows: Failed to load 'VtuneApi.dll' (GetLastError=126)
LogWindows: File 'VtuneApi.dll' does not exist
LogWindows: Failed to load 'VtuneApi32e.dll' (GetLastError=126)
LogWindows: File 'VtuneApi32e.dll' does not exist
LogConsoleResponse: Display: Failed to find resolution value strings in scalability ini. Falling back to default.
LogConsoleResponse: Display: Failed to find resolution value strings in scalability ini. Falling back to default.
LogInit: Display: Running engine for game: StayCalm
LogPlatformFile: Not using cached read wrapper
LogTaskGraph: Started task graph with 5 named threads and 47 total threads with 3 sets of task threads.
LogStats: Stats thread started at 0.158346
LogICUInternationalization: ICU TimeZone Detection - Raw Offset: +0:00, Platform Override: ''
LogInit: Display: Loading text-based GConfig....
LogPluginManager: Mounting plugin MeshPainting
LogPluginManager: Mounting plugin XGEController
LogPluginManager: Mounting plugin Paper2D
LogPluginManager: Mounting plugin AISupport
LogPluginManager: Mounting plugin EnvironmentQueryEditor
LogPluginManager: Mounting plugin LightPropagationVolume
LogPluginManager: Mounting plugin LiveLink
LogPluginManager: Mounting plugin GameplayCameras
LogPluginManager: Mounting plugin OodleData
LogPluginManager: Mounting plugin CameraShakePreviewer
LogPluginManager: Mounting plugin OodleNetwork
LogPluginManager: Mounting plugin AnimationSharing
LogPluginManager: Mounting plugin CodeLiteSourceCodeAccess
LogPluginManager: Mounting plugin NullSourceCodeAccess
LogPluginManager: Mounting plugin CLionSourceCodeAccess
LogPluginManager: Mounting plugin GitSourceControl
LogPluginManager: Mounting plugin AssetManagerEditor
LogPluginManager: Mounting plugin KDevelopSourceCodeAccess
LogPluginManager: Mounting plugin PixWinPlugin
LogPluginManager: Mounting plugin PluginUtils
LogPluginManager: Mounting plugin PerforceSourceControl
LogPluginManager: Mounting plugin PropertyAccessNode
LogPluginManager: Mounting plugin CryptoKeys
LogPluginManager: Mounting plugin PlasticSourceControl
LogPluginManager: Mounting plugin RiderSourceCodeAccess
LogPluginManager: Mounting plugin SubversionSourceControl
LogPluginManager: Mounting plugin TextureFormatOodle
LogPluginManager: Mounting plugin CurveEditorTools
LogPluginManager: Mounting plugin DataValidation
LogPluginManager: Mounting plugin UObjectPlugin
LogPluginManager: Mounting plugin FacialAnimation
LogPluginManager: Mounting plugin GameplayTagsEditor
LogPluginManager: Mounting plugin GeometryMode
LogPluginManager: Mounting plugin MacGraphicsSwitching
LogPluginManager: Mounting plugin MaterialAnalyzer
LogPluginManager: Mounting plugin DatasmithContent
LogPluginManager: Mounting plugin VisualStudioCodeSourceCodeAccess
LogPluginManager: Mounting plugin VisualStudioSourceCodeAccess
LogPluginManager: Mounting plugin XCodeSourceCodeAccess
LogPluginManager: Mounting plugin MobileLauncherProfileWizard
LogPluginManager: Mounting plugin PluginBrowser
LogPluginManager: Mounting plugin SpeedTreeImporter
LogPluginManager: Mounting plugin VariantManagerContent
LogPluginManager: Mounting plugin AlembicImporter
LogPluginManager: Mounting plugin AutomationUtils
LogPluginManager: Mounting plugin BackChannel
LogPluginManager: Mounting plugin ChaosCloth
LogPluginManager: Mounting plugin ChaosClothEditor
LogPluginManager: Mounting plugin ChaosNiagara
LogPluginManager: Mounting plugin ChaosEditor
LogPluginManager: Mounting plugin ChaosSolverPlugin
LogPluginManager: Mounting plugin CharacterAI
LogPluginManager: Mounting plugin GeometryCache
LogPluginManager: Mounting plugin GeometryCollectionPlugin
LogPluginManager: Mounting plugin GeometryProcessing
LogPluginManager: Mounting plugin MotoSynth
LogPluginManager: Mounting plugin OpenImageDenoise
LogPluginManager: Mounting plugin PlanarCut
LogPluginManager: Mounting plugin PythonScriptPlugin
LogPluginManager: Mounting plugin PlatformCrypto
LogPluginManager: Mounting plugin ProxyLODPlugin
LogPluginManager: Mounting plugin Niagara
LogPluginManager: Mounting plugin LuminPlatformFeatures
LogPluginManager: Mounting plugin SkeletalReduction
LogPluginManager: Mounting plugin MagicLeap
LogPluginManager: Mounting plugin MagicLeapLightEstimation
LogPluginManager: Mounting plugin MagicLeapMedia
LogPluginManager: Mounting plugin MagicLeapPassableWorld
LogPluginManager: Mounting plugin MLSDK
LogPluginManager: Mounting plugin TcpSocketPlugin
LogPluginManager: Mounting plugin AndroidMedia
LogPluginManager: Mounting plugin AvfMedia
LogPluginManager: Mounting plugin ImgMedia
LogPluginManager: Mounting plugin MediaCompositing
LogPluginManager: Mounting plugin MediaPlayerEditor
LogPluginManager: Mounting plugin WebMMedia
LogPluginManager: Mounting plugin WmfMedia
LogPluginManager: Mounting plugin TcpMessaging
LogPluginManager: Mounting plugin UdpMessaging
LogPluginManager: Mounting plugin OnlineSubsystem
LogPluginManager: Mounting plugin OnlineSubsystemNull
LogPluginManager: Mounting plugin LauncherChunkInstaller
LogPluginManager: Mounting plugin OnlineSubsystemUtils
LogPluginManager: Mounting plugin ActorSequence
LogPluginManager: Mounting plugin LevelSequenceEditor
LogPluginManager: Mounting plugin MatineeToLevelSequence
LogPluginManager: Mounting plugin TemplateSequence
LogPluginManager: Mounting plugin AndroidMoviePlayer
LogPluginManager: Mounting plugin AppleImageUtils
LogPluginManager: Mounting plugin AndroidPermission
LogPluginManager: Mounting plugin ActorLayerUtilities
LogPluginManager: Mounting plugin AndroidDeviceProfileSelector
LogPluginManager: Mounting plugin ArchVisCharacter
LogPluginManager: Mounting plugin AudioCapture
LogPluginManager: Mounting plugin AssetTags
LogPluginManager: Mounting plugin AudioSynesthesia
LogPluginManager: Mounting plugin CableComponent
LogPluginManager: Mounting plugin ChunkDownloader
LogPluginManager: Mounting plugin CustomMeshComponent
LogPluginManager: Mounting plugin EditableMesh
LogPluginManager: Mounting plugin ExampleDeviceProfileSelector
LogPluginManager: Mounting plugin GoogleCloudMessaging
LogPluginManager: Mounting plugin GooglePAD
LogPluginManager: Mounting plugin LocationServicesBPLibrary
LogPluginManager: Mounting plugin LinuxDeviceProfileSelector
LogPluginManager: Mounting plugin AppleMoviePlayer
LogPluginManager: Mounting plugin IOSDeviceProfileSelector
LogPluginManager: Mounting plugin MobilePatchingUtils
LogPluginManager: Mounting plugin OpenXR
LogPluginManager: Mounting plugin OpenXREyeTracker
LogPluginManager: Mounting plugin ScreenshotTools
LogPluginManager: Mounting plugin Takes
LogPluginManager: Mounting plugin OpenXRHandTracking
LogPluginManager: Mounting plugin PhysXVehicles
LogPluginManager: Mounting plugin PostSplashScreen
LogPluginManager: Mounting plugin ProceduralMeshComponent
LogPluginManager: Mounting plugin PropertyAccessEditor
LogPluginManager: Mounting plugin RuntimePhysXCooking
LogPluginManager: Mounting plugin SignificanceManager
LogPluginManager: Mounting plugin SoundFields
LogPluginManager: Mounting plugin Synthesis
LogPluginManager: Mounting plugin WebMMoviePlayer
LogPluginManager: Mounting plugin WindowsMoviePlayer
LogPluginManager: Mounting plugin ContentBrowserAssetDataSource
LogPluginManager: Mounting plugin ContentBrowserClassDataSource
LogPluginManager: Mounting plugin ContentBrowserFileDataSource
LogPluginManager: Mounting plugin OnlineSubsystemGooglePlay
LogPluginManager: Mounting plugin OnlineSubsystemIOS
LogPluginManager: Mounting plugin OculusVR
LogPluginManager: Mounting plugin SteamVR
PixWinPlugin: PIX capture plugin failed to initialize! Check that the process is launched from PIX.
LogLuminAPIImpl: Warning: MLSDK not found.  This likely means the MLSDK environment variable is not set.
LogInit: Using libcurl 7.55.1-DEV
LogInit:  - built for x86_64-pc-win32
LogInit:  - supports SSL with OpenSSL/1.1.1
LogInit:  - supports HTTP deflate (compression) using libz 1.2.8
LogInit:  - other features:
LogInit:      CURL_VERSION_SSL
LogInit:      CURL_VERSION_LIBZ
LogInit:      CURL_VERSION_IPV6
LogInit:      CURL_VERSION_ASYNCHDNS
LogInit:      CURL_VERSION_LARGEFILE
LogInit:      CURL_VERSION_IDN
LogInit:  CurlRequestOptions (configurable via config and command line):
LogInit:  - bVerifyPeer = true  - Libcurl will verify peer certificate
LogInit:  - bUseHttpProxy = false  - Libcurl will NOT use HTTP proxy
LogInit:  - bDontReuseConnections = false  - Libcurl will reuse connections
LogInit:  - MaxHostConnections = 16  - Libcurl will limit the number of connections to a host
LogInit:  - LocalHostAddr = Default
LogInit:  - BufferSize = 65536
LogOnline: OSS: Creating online subsystem instance for: NULL
LogInit: WinSock: version 1.1 (2.2), MaxSocks=32767, MaxUdp=65467
LogOnline: OSS: TryLoadSubsystemAndSetDefault: Loaded subsystem for module [NULL]
LogOculusPluginWrapper: OculusPlugin initialized successfully
LogHMD: Failed initializing OVRPlugin 1.59.0
LogInit: Build: ++UE4+Release-4.27-CL-18319896
LogInit: Engine Version: 4.27.2-18319896+++UE4+Release-4.27
LogInit: Compatible Engine Version: 4.27.0-17155196+++UE4+Release-4.27
LogInit: Net CL: 17155196
LogInit: OS: Windows 10 (Release 2009) (), CPU: 11th Gen Intel(R) Core(TM) i9-11900F @ 2.50GHz, GPU: NVIDIA GeForce RTX 3070
LogInit: Compiled (64-bit): Nov 30 2021 07:12:08
LogInit: Compiled with Visual C++: 19.24.28315.00
LogInit: Build Configuration: Development
LogInit: Branch Name: ++UE4+Release-4.27
LogInit: Command Line: 
LogInit: Base Directory: C:/Program Files/Epic Games/UE_4.27/Engine/Binaries/Win64/
LogInit: Allocator: TBB
LogInit: Installed Engine Build: 1
LogDevObjectVersion: Number of dev versions registered: 29
LogDevObjectVersion:   Dev-Blueprints (B0D832E4-1F89-4F0D-ACCF-7EB736FD4AA2): 10
LogDevObjectVersion:   Dev-Build (E1C64328-A22C-4D53-A36C-8E866417BD8C): 0
LogDevObjectVersion:   Dev-Core (375EC13C-06E4-48FB-B500-84F0262A717E): 4
LogDevObjectVersion:   Dev-Editor (E4B068ED-F494-42E9-A231-DA0B2E46BB41): 40
LogDevObjectVersion:   Dev-Framework (CFFC743F-43B0-4480-9391-14DF171D2073): 37
LogDevObjectVersion:   Dev-Mobile (B02B49B5-BB20-44E9-A304-32B752E40360): 3
LogDevObjectVersion:   Dev-Networking (A4E4105C-59A1-49B5-A7C5-40C4547EDFEE): 0
LogDevObjectVersion:   Dev-Online (39C831C9-5AE6-47DC-9A44-9C173E1C8E7C): 0
LogDevObjectVersion:   Dev-Physics (78F01B33-EBEA-4F98-B9B4-84EACCB95AA2): 14
LogDevObjectVersion:   Dev-Platform (6631380F-2D4D-43E0-8009-CF276956A95A): 0
LogDevObjectVersion:   Dev-Rendering (12F88B9F-8875-4AFC-A67C-D90C383ABD29): 45
LogDevObjectVersion:   Dev-Sequencer (7B5AE74C-D270-4C10-A958-57980B212A5A): 13
LogDevObjectVersion:   Dev-VR (D7296918-1DD6-4BDD-9DE2-64A83CC13884): 3
LogDevObjectVersion:   Dev-LoadTimes (C2A15278-BFE7-4AFE-6C17-90FF531DF755): 1
LogDevObjectVersion:   Private-Geometry (6EACA3D4-40EC-4CC1-B786-8BED09428FC5): 3
LogDevObjectVersion:   Dev-AnimPhys (29E575DD-E0A3-4627-9D10-D276232CDCEA): 17
LogDevObjectVersion:   Dev-Anim (AF43A65D-7FD3-4947-9873-3E8ED9C1BB05): 15
LogDevObjectVersion:   Dev-ReflectionCapture (6B266CEC-1EC7-4B8F-A30B-E4D90942FC07): 1
LogDevObjectVersion:   Dev-Automation (0DF73D61-A23F-47EA-B727-89E90C41499A): 1
LogDevObjectVersion:   FortniteMain (601D1886-AC64-4F84-AA16-D3DE0DEAC7D6): 47
LogDevObjectVersion:   FortniteRelease (E7086368-6B23-4C58-8439-1B7016265E91): 1
LogDevObjectVersion:   Dev-Enterprise (9DFFBCD6-494F-0158-E221-12823C92A888): 10
LogDevObjectVersion:   Dev-Niagara (F2AED0AC-9AFE-416F-8664-AA7FFA26D6FC): 1
LogDevObjectVersion:   Dev-Destruction (174F1F0B-B4C6-45A5-B13F-2EE8D0FB917D): 10
LogDevObjectVersion:   Dev-Physics-Ext (35F94A83-E258-406C-A318-09F59610247C): 41
LogDevObjectVersion:   Dev-PhysicsMaterial-Chaos (B68FC16E-8B1B-42E2-B453-215C058844FE): 1
LogDevObjectVersion:   Dev-CineCamera (B2E18506-4273-CFC2-A54E-F4BB758BBA07): 1
LogDevObjectVersion:   Dev-VirtualProduction (64F58936-FD1B-42BA-BA96-7289D5D0FA4E): 1
LogDevObjectVersion:   Dev-MediaFramework (6F0ED827-A609-4895-9C91-998D90180EA4): 2
LogInit: Presizing for max 25165824 objects, including 0 objects not considered by GC, pre-allocating 0 bytes for permanent pool.
LogConfig: Applying CVar settings from Section [/Script/Engine.StreamingSettings] File [C:/Users/Owner/storage/northumbria-university/my/uproject/StayCalm/Saved/Config/Windows/Engine.ini]
LogConfig: Setting CVar [[s.MinBulkDataSizeForAsyncLoading:131072]]
LogConfig: Setting CVar [[s.AsyncLoadingThreadEnabled:0]]
LogConfig: Setting CVar [[s.EventDrivenLoaderEnabled:1]]
LogConfig: Setting CVar [[s.WarnIfTimeLimitExceeded:0]]
LogConfig: Setting CVar [[s.TimeLimitExceededMultiplier:1.5]]
LogConfig: Setting CVar [[s.TimeLimitExceededMinTime:0.005]]
LogConfig: Setting CVar [[s.UseBackgroundLevelStreaming:1]]
LogConfig: Setting CVar [[s.PriorityAsyncLoadingExtraTime:15.0]]
LogConfig: Setting CVar [[s.LevelStreamingActorsUpdateTimeLimit:5.0]]
LogConfig: Setting CVar [[s.PriorityLevelStreamingActorsUpdateExtraTime:5.0]]
LogConfig: Setting CVar [[s.LevelStreamingComponentsRegistrationGranularity:10]]
LogConfig: Setting CVar [[s.UnregisterComponentsTimeLimit:1.0]]
LogConfig: Setting CVar [[s.LevelStreamingComponentsUnregistrationGranularity:5]]
LogConfig: Setting CVar [[s.FlushStreamingOnExit:1]]
LogInit: Object subsystem initialized
LogConfig: Setting CVar [[con.DebugEarlyDefault:1]]
LogConfig: Setting CVar [[r.setres:1280x720]]
[2024.04.16-13.05.10:368][  0]LogConfig: Setting CVar [[r.VSync:0]]
[2024.04.16-13.05.10:368][  0]LogConfig: Setting CVar [[r.RHICmdBypass:0]]
[2024.04.16-13.05.10:368][  0]LogConfig: Applying CVar settings from Section [/Script/Engine.RendererSettings] File [C:/Users/Owner/storage/northumbria-university/my/uproject/StayCalm/Saved/Config/Windows/Engine.ini]
[2024.04.16-13.05.10:368][  0]LogConfig: Setting CVar [[r.GPUCrashDebugging:0]]
[2024.04.16-13.05.10:368][  0]LogConfig: Applying CVar settings from Section [/Script/Engine.RendererOverrideSettings] File [C:/Users/Owner/storage/northumbria-university/my/uproject/StayCalm/Saved/Config/Windows/Engine.ini]
[2024.04.16-13.05.10:368][  0]LogConfig: Applying CVar settings from Section [/Script/Engine.StreamingSettings] File [C:/Users/Owner/storage/northumbria-university/my/uproject/StayCalm/Saved/Config/Windows/Engine.ini]
[2024.04.16-13.05.10:368][  0]LogConfig: Setting CVar [[s.MinBulkDataSizeForAsyncLoading:131072]]
[2024.04.16-13.05.10:368][  0]LogConfig: Setting CVar [[s.AsyncLoadingThreadEnabled:0]]
[2024.04.16-13.05.10:368][  0]LogConfig: Setting CVar [[s.EventDrivenLoaderEnabled:1]]
[2024.04.16-13.05.10:368][  0]LogConfig: Setting CVar [[s.WarnIfTimeLimitExceeded:0]]
[2024.04.16-13.05.10:368][  0]LogConfig: Setting CVar [[s.TimeLimitExceededMultiplier:1.5]]
[2024.04.16-13.05.10:368][  0]LogConfig: Setting CVar [[s.TimeLimitExceededMinTime:0.005]]
[2024.04.16-13.05.10:368][  0]LogConfig: Setting CVar [[s.UseBackgroundLevelStreaming:1]]
[2024.04.16-13.05.10:368][  0]LogConfig: Setting CVar [[s.PriorityAsyncLoadingExtraTime:15.0]]
[2024.04.16-13.05.10:368][  0]LogConfig: Setting CVar [[s.LevelStreamingActorsUpdateTimeLimit:5.0]]
[2024.04.16-13.05.10:368][  0]LogConfig: Setting CVar [[s.PriorityLevelStreamingActorsUpdateExtraTime:5.0]]
[2024.04.16-13.05.10:368][  0]LogConfig: Setting CVar [[s.LevelStreamingComponentsRegistrationGranularity:10]]
[2024.04.16-13.05.10:368][  0]LogConfig: Setting CVar [[s.UnregisterComponentsTimeLimit:1.0]]
[2024.04.16-13.05.10:368][  0]LogConfig: Setting CVar [[s.LevelStreamingComponentsUnregistrationGranularity:5]]
[2024.04.16-13.05.10:368][  0]LogConfig: Setting CVar [[s.FlushStreamingOnExit:1]]
[2024.04.16-13.05.10:368][  0]LogConfig: Applying CVar settings from Section [/Script/Engine.GarbageCollectionSettings] File [C:/Users/Owner/storage/northumbria-university/my/uproject/StayCalm/Saved/Config/Windows/Engine.ini]
[2024.04.16-13.05.10:368][  0]LogConfig: Setting CVar [[gc.MaxObjectsNotConsideredByGC:1]]
[2024.04.16-13.05.10:368][  0]LogConfig: Setting CVar [[gc.SizeOfPermanentObjectPool:0]]
[2024.04.16-13.05.10:368][  0]LogConfig: Setting CVar [[gc.FlushStreamingOnGC:0]]
[2024.04.16-13.05.10:368][  0]LogConfig: Setting CVar [[gc.NumRetriesBeforeForcingGC:10]]
[2024.04.16-13.05.10:368][  0]LogConfig: Setting CVar [[gc.AllowParallelGC:1]]
[2024.04.16-13.05.10:368][  0]LogConfig: Setting CVar [[gc.TimeBetweenPurgingPendingKillObjects:61.1]]
[2024.04.16-13.05.10:368][  0]LogConfig: Setting CVar [[gc.MaxObjectsInEditor:25165824]]
[2024.04.16-13.05.10:368][  0]LogConfig: Setting CVar [[gc.IncrementalBeginDestroyEnabled:1]]
[2024.04.16-13.05.10:368][  0]LogConfig: Setting CVar [[gc.CreateGCClusters:1]]
[2024.04.16-13.05.10:368][  0]LogConfig: Setting CVar [[gc.MinGCClusterSize:5]]
[2024.04.16-13.05.10:368][  0]LogConfig: Setting CVar [[gc.ActorClusteringEnabled:0]]
[2024.04.16-13.05.10:368][  0]LogConfig: Setting CVar [[gc.BlueprintClusteringEnabled:0]]
[2024.04.16-13.05.10:368][  0]LogConfig: Setting CVar [[gc.UseDisregardForGCOnDedicatedServers:0]]
[2024.04.16-13.05.10:368][  0]LogConfig: Setting CVar [[gc.MultithreadedDestructionEnabled:1]]
[2024.04.16-13.05.10:368][  0]LogConfig: Applying CVar settings from Section [/Script/Engine.NetworkSettings] File [C:/Users/Owner/storage/northumbria-university/my/uproject/StayCalm/Saved/Config/Windows/Engine.ini]
[2024.04.16-13.05.10:368][  0]LogConfig: Applying CVar settings from Section [/Script/UnrealEd.CookerSettings] File [C:/Users/Owner/storage/northumbria-university/my/uproject/StayCalm/Saved/Config/Windows/Engine.ini]
[2024.04.16-13.05.10:378][  0]LogConfig: Applying CVar settings from Section [ViewDistanceQuality@3] File [C:/Users/Owner/storage/northumbria-university/my/uproject/StayCalm/Saved/Config/Windows/Scalability.ini]
[2024.04.16-13.05.10:378][  0]LogConfig: Setting CVar [[r.SkeletalMeshLODBias:0]]
[2024.04.16-13.05.10:378][  0]LogConfig: Setting CVar [[r.ViewDistanceScale:1.0]]
[2024.04.16-13.05.10:378][  0]LogConfig: Applying CVar settings from Section [AntiAliasingQuality@3] File [C:/Users/Owner/storage/northumbria-university/my/uproject/StayCalm/Saved/Config/Windows/Scalability.ini]
[2024.04.16-13.05.10:378][  0]LogConfig: Setting CVar [[r.PostProcessAAQuality:4]]
[2024.04.16-13.05.10:378][  0]LogConfig: Applying CVar settings from Section [ShadowQuality@3] File [C:/Users/Owner/storage/northumbria-university/my/uproject/StayCalm/Saved/Config/Windows/Scalability.ini]
[2024.04.16-13.05.10:378][  0]LogConfig: Setting CVar [[r.LightFunctionQuality:1]]
[2024.04.16-13.05.10:378][  0]LogConfig: Setting CVar [[r.ShadowQuality:5]]
[2024.04.16-13.05.10:378][  0]LogConfig: Setting CVar [[r.Shadow.CSM.MaxCascades:10]]
[2024.04.16-13.05.10:378][  0]LogConfig: Setting CVar [[r.Shadow.MaxResolution:2048]]
[2024.04.16-13.05.10:378][  0]LogConfig: Setting CVar [[r.Shadow.MaxCSMResolution:2048]]
[2024.04.16-13.05.10:378][  0]LogConfig: Setting CVar [[r.Shadow.RadiusThreshold:0.01]]
[2024.04.16-13.05.10:378][  0]LogConfig: Setting CVar [[r.Shadow.DistanceScale:1.0]]
[2024.04.16-13.05.10:378][  0]LogConfig: Setting CVar [[r.Shadow.CSM.TransitionScale:1.0]]
[2024.04.16-13.05.10:378][  0]LogConfig: Setting CVar [[r.Shadow.PreShadowResolutionFactor:1.0]]
[2024.04.16-13.05.10:378][  0]LogConfig: Setting CVar [[r.DistanceFieldShadowing:1]]
[2024.04.16-13.05.10:378][  0]LogConfig: Setting CVar [[r.DistanceFieldAO:1]]
[2024.04.16-13.05.10:378][  0]LogConfig: Setting CVar [[r.AOQuality:2]]
[2024.04.16-13.05.10:378][  0]LogConfig: Setting CVar [[r.VolumetricFog:1]]
[2024.04.16-13.05.10:378][  0]LogConfig: Setting CVar [[r.VolumetricFog.GridPixelSize:8]]
[2024.04.16-13.05.10:378][  0]LogConfig: Setting CVar [[r.VolumetricFog.GridSizeZ:128]]
[2024.04.16-13.05.10:378][  0]LogConfig: Setting CVar [[r.VolumetricFog.HistoryMissSupersampleCount:4]]
[2024.04.16-13.05.10:378][  0]LogConfig: Setting CVar [[r.LightMaxDrawDistanceScale:1]]
[2024.04.16-13.05.10:378][  0]LogConfig: Setting CVar [[r.CapsuleShadows:1]]
[2024.04.16-13.05.10:378][  0]LogConfig: Applying CVar settings from Section [PostProcessQuality@3] File [C:/Users/Owner/storage/northumbria-university/my/uproject/StayCalm/Saved/Config/Windows/Scalability.ini]
[2024.04.16-13.05.10:378][  0]LogConfig: Setting CVar [[r.MotionBlurQuality:4]]
[2024.04.16-13.05.10:378][  0]LogConfig: Setting CVar [[r.AmbientOcclusionMipLevelFactor:0.4]]
[2024.04.16-13.05.10:378][  0]LogConfig: Setting CVar [[r.AmbientOcclusionMaxQuality:100]]
[2024.04.16-13.05.10:378][  0]LogConfig: Setting CVar [[r.AmbientOcclusionLevels:-1]]
[2024.04.16-13.05.10:378][  0]LogConfig: Setting CVar [[r.AmbientOcclusionRadiusScale:1.0]]
[2024.04.16-13.05.10:378][  0]LogConfig: Setting CVar [[r.DepthOfFieldQuality:2]]
[2024.04.16-13.05.10:378][  0]LogConfig: Setting CVar [[r.RenderTargetPoolMin:400]]
[2024.04.16-13.05.10:378][  0]LogConfig: Setting CVar [[r.LensFlareQuality:2]]
[2024.04.16-13.05.10:378][  0]LogConfig: Setting CVar [[r.SceneColorFringeQuality:1]]
[2024.04.16-13.05.10:379][  0]LogConfig: Setting CVar [[r.EyeAdaptationQuality:2]]
[2024.04.16-13.05.10:379][  0]LogConfig: Setting CVar [[r.BloomQuality:5]]
[2024.04.16-13.05.10:379][  0]LogConfig: Setting CVar [[r.FastBlurThreshold:100]]
[2024.04.16-13.05.10:379][  0]LogConfig: Setting CVar [[r.Upscale.Quality:3]]
[2024.04.16-13.05.10:379][  0]LogConfig: Setting CVar [[r.Tonemapper.GrainQuantization:1]]
[2024.04.16-13.05.10:379][  0]LogConfig: Setting CVar [[r.LightShaftQuality:1]]
[2024.04.16-13.05.10:379][  0]LogConfig: Setting CVar [[r.Filter.SizeScale:1]]
[2024.04.16-13.05.10:379][  0]LogConfig: Setting CVar [[r.Tonemapper.Quality:5]]
[2024.04.16-13.05.10:379][  0]LogConfig: Setting CVar [[r.DOF.Gather.AccumulatorQuality:1        ; higher gathering accumulator quality]]
[2024.04.16-13.05.10:379][  0]LogConfig: Setting CVar [[r.DOF.Gather.PostfilterMethod:1          ; Median3x3 postfilering method]]
[2024.04.16-13.05.10:379][  0]LogConfig: Setting CVar [[r.DOF.Gather.EnableBokehSettings:0       ; no bokeh simulation when gathering]]
[2024.04.16-13.05.10:379][  0]LogConfig: Setting CVar [[r.DOF.Gather.RingCount:4                 ; medium number of samples when gathering]]
[2024.04.16-13.05.10:379][  0]LogConfig: Setting CVar [[r.DOF.Scatter.ForegroundCompositing:1    ; additive foreground scattering]]
[2024.04.16-13.05.10:379][  0]LogConfig: Setting CVar [[r.DOF.Scatter.BackgroundCompositing:2    ; additive background scattering]]
[2024.04.16-13.05.10:379][  0]LogConfig: Setting CVar [[r.DOF.Scatter.EnableBokehSettings:1      ; bokeh simulation when scattering]]
[2024.04.16-13.05.10:379][  0]LogConfig: Setting CVar [[r.DOF.Scatter.MaxSpriteRatio:0.1         ; only a maximum of 10% of scattered bokeh]]
[2024.04.16-13.05.10:379][  0]LogConfig: Setting CVar [[r.DOF.Recombine.Quality:1                ; cheap slight out of focus]]
[2024.04.16-13.05.10:379][  0]LogConfig: Setting CVar [[r.DOF.Recombine.EnableBokehSettings:0    ; no bokeh simulation on slight out of focus]]
[2024.04.16-13.05.10:379][  0]LogConfig: Setting CVar [[r.DOF.TemporalAAQuality:1                ; more stable temporal accumulation]]
[2024.04.16-13.05.10:379][  0]LogConfig: Setting CVar [[r.DOF.Kernel.MaxForegroundRadius:0.025]]
[2024.04.16-13.05.10:379][  0]LogConfig: Setting CVar [[r.DOF.Kernel.MaxBackgroundRadius:0.025]]
[2024.04.16-13.05.10:379][  0]LogConfig: Applying CVar settings from Section [TextureQuality@3] File [C:/Users/Owner/storage/northumbria-university/my/uproject/StayCalm/Saved/Config/Windows/Scalability.ini]
[2024.04.16-13.05.10:379][  0]LogConfig: Setting CVar [[r.Streaming.MipBias:0]]
[2024.04.16-13.05.10:379][  0]LogConfig: Setting CVar [[r.Streaming.AmortizeCPUToGPUCopy:0]]
[2024.04.16-13.05.10:379][  0]LogConfig: Setting CVar [[r.Streaming.MaxNumTexturesToStreamPerFrame:0]]
[2024.04.16-13.05.10:379][  0]LogConfig: Setting CVar [[r.Streaming.Boost:1]]
[2024.04.16-13.05.10:379][  0]LogConfig: Setting CVar [[r.MaxAnisotropy:8]]
[2024.04.16-13.05.10:379][  0]LogConfig: Setting CVar [[r.VT.MaxAnisotropy:8]]
[2024.04.16-13.05.10:379][  0]LogConfig: Setting CVar [[r.Streaming.LimitPoolSizeToVRAM:0]]
[2024.04.16-13.05.10:379][  0]LogConfig: Setting CVar [[r.Streaming.PoolSize:1000]]
[2024.04.16-13.05.10:379][  0]LogConfig: Setting CVar [[r.Streaming.MaxEffectiveScreenSize:0]]
[2024.04.16-13.05.10:379][  0]LogConfig: Applying CVar settings from Section [EffectsQuality@3] File [C:/Users/Owner/storage/northumbria-university/my/uproject/StayCalm/Saved/Config/Windows/Scalability.ini]
[2024.04.16-13.05.10:379][  0]LogConfig: Setting CVar [[r.TranslucencyLightingVolumeDim:64]]
[2024.04.16-13.05.10:379][  0]LogConfig: Setting CVar [[r.RefractionQuality:2]]
[2024.04.16-13.05.10:379][  0]LogConfig: Setting CVar [[r.SSR.Quality:3]]
[2024.04.16-13.05.10:379][  0]LogConfig: Setting CVar [[r.SSR.HalfResSceneColor:0]]
[2024.04.16-13.05.10:379][  0]LogConfig: Setting CVar [[r.SceneColorFormat:4]]
[2024.04.16-13.05.10:379][  0]LogConfig: Setting CVar [[r.DetailMode:2]]
[2024.04.16-13.05.10:379][  0]LogConfig: Setting CVar [[r.TranslucencyVolumeBlur:1]]
[2024.04.16-13.05.10:379][  0]LogConfig: Setting CVar [[r.MaterialQualityLevel:1 ; High quality]]
[2024.04.16-13.05.10:379][  0]LogConfig: Setting CVar [[r.AnisotropicMaterials:1]]
[2024.04.16-13.05.10:379][  0]LogConfig: Setting CVar [[r.SSS.Scale:1]]
[2024.04.16-13.05.10:379][  0]LogConfig: Setting CVar [[r.SSS.SampleSet:2]]
[2024.04.16-13.05.10:379][  0]LogConfig: Setting CVar [[r.SSS.Quality:1]]
[2024.04.16-13.05.10:379][  0]LogConfig: Setting CVar [[r.SSS.HalfRes:0]]
[2024.04.16-13.05.10:379][  0]LogConfig: Setting CVar [[r.SSGI.Quality:3]]
[2024.04.16-13.05.10:379][  0]LogConfig: Setting CVar [[r.EmitterSpawnRateScale:1.0]]
[2024.04.16-13.05.10:379][  0]LogConfig: Setting CVar [[r.ParticleLightQuality:2]]
[2024.04.16-13.05.10:379][  0]LogConfig: Setting CVar [[r.SkyAtmosphere.AerialPerspectiveLUT.FastApplyOnOpaque:1 ; Always have FastSkyLUT 1 in this case to avoid wrong sky]]
[2024.04.16-13.05.10:379][  0]LogConfig: Setting CVar [[r.SkyAtmosphere.AerialPerspectiveLUT.SampleCountMaxPerSlice:4]]
[2024.04.16-13.05.10:379][  0]LogConfig: Setting CVar [[r.SkyAtmosphere.AerialPerspectiveLUT.DepthResolution:16.0]]
[2024.04.16-13.05.10:379][  0]LogConfig: Setting CVar [[r.SkyAtmosphere.FastSkyLUT:1]]
[2024.04.16-13.05.10:379][  0]LogConfig: Setting CVar [[r.SkyAtmosphere.FastSkyLUT.SampleCountMin:4.0]]
[2024.04.16-13.05.10:379][  0]LogConfig: Setting CVar [[r.SkyAtmosphere.FastSkyLUT.SampleCountMax:128.0]]
[2024.04.16-13.05.10:379][  0]LogConfig: Setting CVar [[r.SkyAtmosphere.SampleCountMin:4.0]]
[2024.04.16-13.05.10:379][  0]LogConfig: Setting CVar [[r.SkyAtmosphere.SampleCountMax:128.0]]
[2024.04.16-13.05.10:379][  0]LogConfig: Setting CVar [[r.SkyAtmosphere.TransmittanceLUT.UseSmallFormat:0]]
[2024.04.16-13.05.10:379][  0]LogConfig: Setting CVar [[r.SkyAtmosphere.TransmittanceLUT.SampleCount:10.0]]
[2024.04.16-13.05.10:379][  0]LogConfig: Setting CVar [[r.SkyAtmosphere.MultiScatteringLUT.SampleCount:15.0]]
[2024.04.16-13.05.10:379][  0]LogConfig: Setting CVar [[r.SkyLight.RealTimeReflectionCapture:1]]
[2024.04.16-13.05.10:379][  0]LogConfig: Applying CVar settings from Section [FoliageQuality@3] File [C:/Users/Owner/storage/northumbria-university/my/uproject/StayCalm/Saved/Config/Windows/Scalability.ini]
[2024.04.16-13.05.10:379][  0]LogConfig: Setting CVar [[foliage.DensityScale:1.0]]
[2024.04.16-13.05.10:379][  0]LogConfig: Setting CVar [[grass.DensityScale:1.0]]
[2024.04.16-13.05.10:379][  0]LogConfig: Applying CVar settings from Section [ShadingQuality@3] File [C:/Users/Owner/storage/northumbria-university/my/uproject/StayCalm/Saved/Config/Windows/Scalability.ini]
[2024.04.16-13.05.10:379][  0]LogConfig: Setting CVar [[r.HairStrands.SkyLighting.IntegrationType:2]]
[2024.04.16-13.05.10:379][  0]LogConfig: Setting CVar [[r.HairStrands.SkyAO.SampleCount:4]]
[2024.04.16-13.05.10:379][  0]LogConfig: Setting CVar [[r.HairStrands.Visibility.MSAA.SamplePerPixel:4]]
[2024.04.16-13.05.10:379][  0]LogInit: Selected Device Profile: [Windows]
[2024.04.16-13.05.10:379][  0]LogInit: Applying CVar settings loaded from the selected device profile: [Windows]
[2024.04.16-13.05.10:379][  0]LogHAL: Display: Platform has ~ 16 GB [17042771968 / 17179869184 / 16], which maps to Larger [LargestMinGB=32, LargerMinGB=12, DefaultMinGB=8, SmallerMinGB=6, SmallestMinGB=0)
[2024.04.16-13.05.10:379][  0]LogInit: Going up to parent DeviceProfile []
[2024.04.16-13.05.10:379][  0]LogConfig: Applying CVar settings from Section [ViewDistanceQuality@3] File [C:/Users/Owner/storage/northumbria-university/my/uproject/StayCalm/Saved/Config/Windows/Scalability.ini]
[2024.04.16-13.05.10:379][  0]LogConfig: Setting CVar [[r.SkeletalMeshLODBias:0]]
[2024.04.16-13.05.10:379][  0]LogConfig: Setting CVar [[r.ViewDistanceScale:1.0]]
[2024.04.16-13.05.10:379][  0]LogConfig: Applying CVar settings from Section [AntiAliasingQuality@3] File [C:/Users/Owner/storage/northumbria-university/my/uproject/StayCalm/Saved/Config/Windows/Scalability.ini]
[2024.04.16-13.05.10:379][  0]LogConfig: Setting CVar [[r.PostProcessAAQuality:4]]
[2024.04.16-13.05.10:379][  0]LogConfig: Applying CVar settings from Section [ShadowQuality@3] File [C:/Users/Owner/storage/northumbria-university/my/uproject/StayCalm/Saved/Config/Windows/Scalability.ini]
[2024.04.16-13.05.10:379][  0]LogConfig: Setting CVar [[r.LightFunctionQuality:1]]
[2024.04.16-13.05.10:379][  0]LogConfig: Setting CVar [[r.ShadowQuality:5]]
[2024.04.16-13.05.10:379][  0]LogConfig: Setting CVar [[r.Shadow.CSM.MaxCascades:10]]
[2024.04.16-13.05.10:379][  0]LogConfig: Setting CVar [[r.Shadow.MaxResolution:2048]]
[2024.04.16-13.05.10:379][  0]LogConfig: Setting CVar [[r.Shadow.MaxCSMResolution:2048]]
[2024.04.16-13.05.10:379][  0]LogConfig: Setting CVar [[r.Shadow.RadiusThreshold:0.01]]
[2024.04.16-13.05.10:379][  0]LogConfig: Setting CVar [[r.Shadow.DistanceScale:1.0]]
[2024.04.16-13.05.10:379][  0]LogConfig: Setting CVar [[r.Shadow.CSM.TransitionScale:1.0]]
[2024.04.16-13.05.10:379][  0]LogConfig: Setting CVar [[r.Shadow.PreShadowResolutionFactor:1.0]]
[2024.04.16-13.05.10:379][  0]LogConfig: Setting CVar [[r.DistanceFieldShadowing:1]]
[2024.04.16-13.05.10:379][  0]LogConfig: Setting CVar [[r.DistanceFieldAO:1]]
[2024.04.16-13.05.10:379][  0]LogConfig: Setting CVar [[r.AOQuality:2]]
[2024.04.16-13.05.10:379][  0]LogConfig: Setting CVar [[r.VolumetricFog:1]]
[2024.04.16-13.05.10:379][  0]LogConfig: Setting CVar [[r.VolumetricFog.GridPixelSize:8]]
[2024.04.16-13.05.10:379][  0]LogConfig: Setting CVar [[r.VolumetricFog.GridSizeZ:128]]
[2024.04.16-13.05.10:379][  0]LogConfig: Setting CVar [[r.VolumetricFog.HistoryMissSupersampleCount:4]]
[2024.04.16-13.05.10:379][  0]LogConfig: Setting CVar [[r.LightMaxDrawDistanceScale:1]]
[2024.04.16-13.05.10:379][  0]LogConfig: Setting CVar [[r.CapsuleShadows:1]]
[2024.04.16-13.05.10:379][  0]LogConfig: Applying CVar settings from Section [PostProcessQuality@3] File [C:/Users/Owner/storage/northumbria-university/my/uproject/StayCalm/Saved/Config/Windows/Scalability.ini]
[2024.04.16-13.05.10:379][  0]LogConfig: Setting CVar [[r.MotionBlurQuality:4]]
[2024.04.16-13.05.10:379][  0]LogConfig: Setting CVar [[r.AmbientOcclusionMipLevelFactor:0.4]]
[2024.04.16-13.05.10:379][  0]LogConfig: Setting CVar [[r.AmbientOcclusionMaxQuality:100]]
[2024.04.16-13.05.10:379][  0]LogConfig: Setting CVar [[r.AmbientOcclusionLevels:-1]]
[2024.04.16-13.05.10:379][  0]LogConfig: Setting CVar [[r.AmbientOcclusionRadiusScale:1.0]]
[2024.04.16-13.05.10:379][  0]LogConfig: Setting CVar [[r.DepthOfFieldQuality:2]]
[2024.04.16-13.05.10:379][  0]LogConfig: Setting CVar [[r.RenderTargetPoolMin:400]]
[2024.04.16-13.05.10:379][  0]LogConfig: Setting CVar [[r.LensFlareQuality:2]]
[2024.04.16-13.05.10:379][  0]LogConfig: Setting CVar [[r.SceneColorFringeQuality:1]]
[2024.04.16-13.05.10:379][  0]LogConfig: Setting CVar [[r.EyeAdaptationQuality:2]]
[2024.04.16-13.05.10:379][  0]LogConfig: Setting CVar [[r.BloomQuality:5]]
[2024.04.16-13.05.10:379][  0]LogConfig: Setting CVar [[r.FastBlurThreshold:100]]
[2024.04.16-13.05.10:379][  0]LogConfig: Setting CVar [[r.Upscale.Quality:3]]
[2024.04.16-13.05.10:379][  0]LogConfig: Setting CVar [[r.Tonemapper.GrainQuantization:1]]
[2024.04.16-13.05.10:379][  0]LogConfig: Setting CVar [[r.LightShaftQuality:1]]
[2024.04.16-13.05.10:379][  0]LogConfig: Setting CVar [[r.Filter.SizeScale:1]]
[2024.04.16-13.05.10:379][  0]LogConfig: Setting CVar [[r.Tonemapper.Quality:5]]
[2024.04.16-13.05.10:379][  0]LogConfig: Setting CVar [[r.DOF.Gather.AccumulatorQuality:1        ; higher gathering accumulator quality]]
[2024.04.16-13.05.10:379][  0]LogConfig: Setting CVar [[r.DOF.Gather.PostfilterMethod:1          ; Median3x3 postfilering method]]
[2024.04.16-13.05.10:379][  0]LogConfig: Setting CVar [[r.DOF.Gather.EnableBokehSettings:0       ; no bokeh simulation when gathering]]
[2024.04.16-13.05.10:379][  0]LogConfig: Setting CVar [[r.DOF.Gather.RingCount:4                 ; medium number of samples when gathering]]
[2024.04.16-13.05.10:379][  0]LogConfig: Setting CVar [[r.DOF.Scatter.ForegroundCompositing:1    ; additive foreground scattering]]
[2024.04.16-13.05.10:379][  0]LogConfig: Setting CVar [[r.DOF.Scatter.BackgroundCompositing:2    ; additive background scattering]]
[2024.04.16-13.05.10:379][  0]LogConfig: Setting CVar [[r.DOF.Scatter.EnableBokehSettings:1      ; bokeh simulation when scattering]]
[2024.04.16-13.05.10:379][  0]LogConfig: Setting CVar [[r.DOF.Scatter.MaxSpriteRatio:0.1         ; only a maximum of 10% of scattered bokeh]]
[2024.04.16-13.05.10:379][  0]LogConfig: Setting CVar [[r.DOF.Recombine.Quality:1                ; cheap slight out of focus]]
[2024.04.16-13.05.10:379][  0]LogConfig: Setting CVar [[r.DOF.Recombine.EnableBokehSettings:0    ; no bokeh simulation on slight out of focus]]
[2024.04.16-13.05.10:379][  0]LogConfig: Setting CVar [[r.DOF.TemporalAAQuality:1                ; more stable temporal accumulation]]
[2024.04.16-13.05.10:379][  0]LogConfig: Setting CVar [[r.DOF.Kernel.MaxForegroundRadius:0.025]]
[2024.04.16-13.05.10:379][  0]LogConfig: Setting CVar [[r.DOF.Kernel.MaxBackgroundRadius:0.025]]
[2024.04.16-13.05.10:379][  0]LogConfig: Applying CVar settings from Section [TextureQuality@3] File [C:/Users/Owner/storage/northumbria-university/my/uproject/StayCalm/Saved/Config/Windows/Scalability.ini]
[2024.04.16-13.05.10:379][  0]LogConfig: Setting CVar [[r.Streaming.MipBias:0]]
[2024.04.16-13.05.10:379][  0]LogConfig: Setting CVar [[r.Streaming.AmortizeCPUToGPUCopy:0]]
[2024.04.16-13.05.10:379][  0]LogConfig: Setting CVar [[r.Streaming.MaxNumTexturesToStreamPerFrame:0]]
[2024.04.16-13.05.10:379][  0]LogConfig: Setting CVar [[r.Streaming.Boost:1]]
[2024.04.16-13.05.10:379][  0]LogConfig: Setting CVar [[r.MaxAnisotropy:8]]
[2024.04.16-13.05.10:379][  0]LogConfig: Setting CVar [[r.VT.MaxAnisotropy:8]]
[2024.04.16-13.05.10:379][  0]LogConfig: Setting CVar [[r.Streaming.LimitPoolSizeToVRAM:0]]
[2024.04.16-13.05.10:379][  0]LogConfig: Setting CVar [[r.Streaming.PoolSize:1000]]
[2024.04.16-13.05.10:379][  0]LogConfig: Setting CVar [[r.Streaming.MaxEffectiveScreenSize:0]]
[2024.04.16-13.05.10:379][  0]LogConfig: Applying CVar settings from Section [EffectsQuality@3] File [C:/Users/Owner/storage/northumbria-university/my/uproject/StayCalm/Saved/Config/Windows/Scalability.ini]
[2024.04.16-13.05.10:379][  0]LogConfig: Setting CVar [[r.TranslucencyLightingVolumeDim:64]]
[2024.04.16-13.05.10:379][  0]LogConfig: Setting CVar [[r.RefractionQuality:2]]
[2024.04.16-13.05.10:379][  0]LogConfig: Setting CVar [[r.SSR.Quality:3]]
[2024.04.16-13.05.10:379][  0]LogConfig: Setting CVar [[r.SSR.HalfResSceneColor:0]]
[2024.04.16-13.05.10:379][  0]LogConfig: Setting CVar [[r.SceneColorFormat:4]]
[2024.04.16-13.05.10:379][  0]LogConfig: Setting CVar [[r.DetailMode:2]]
[2024.04.16-13.05.10:379][  0]LogConfig: Setting CVar [[r.TranslucencyVolumeBlur:1]]
[2024.04.16-13.05.10:379][  0]LogConfig: Setting CVar [[r.MaterialQualityLevel:1 ; High quality]]
[2024.04.16-13.05.10:379][  0]LogConfig: Setting CVar [[r.AnisotropicMaterials:1]]
[2024.04.16-13.05.10:379][  0]LogConfig: Setting CVar [[r.SSS.Scale:1]]
[2024.04.16-13.05.10:379][  0]LogConfig: Setting CVar [[r.SSS.SampleSet:2]]
[2024.04.16-13.05.10:379][  0]LogConfig: Setting CVar [[r.SSS.Quality:1]]
[2024.04.16-13.05.10:380][  0]LogConfig: Setting CVar [[r.SSS.HalfRes:0]]
[2024.04.16-13.05.10:380][  0]LogConfig: Setting CVar [[r.SSGI.Quality:3]]
[2024.04.16-13.05.10:380][  0]LogConfig: Setting CVar [[r.EmitterSpawnRateScale:1.0]]
[2024.04.16-13.05.10:380][  0]LogConfig: Setting CVar [[r.ParticleLightQuality:2]]
[2024.04.16-13.05.10:380][  0]LogConfig: Setting CVar [[r.SkyAtmosphere.AerialPerspectiveLUT.FastApplyOnOpaque:1 ; Always have FastSkyLUT 1 in this case to avoid wrong sky]]
[2024.04.16-13.05.10:380][  0]LogConfig: Setting CVar [[r.SkyAtmosphere.AerialPerspectiveLUT.SampleCountMaxPerSlice:4]]
[2024.04.16-13.05.10:380][  0]LogConfig: Setting CVar [[r.SkyAtmosphere.AerialPerspectiveLUT.DepthResolution:16.0]]
[2024.04.16-13.05.10:380][  0]LogConfig: Setting CVar [[r.SkyAtmosphere.FastSkyLUT:1]]
[2024.04.16-13.05.10:380][  0]LogConfig: Setting CVar [[r.SkyAtmosphere.FastSkyLUT.SampleCountMin:4.0]]
[2024.04.16-13.05.10:380][  0]LogConfig: Setting CVar [[r.SkyAtmosphere.FastSkyLUT.SampleCountMax:128.0]]
[2024.04.16-13.05.10:380][  0]LogConfig: Setting CVar [[r.SkyAtmosphere.SampleCountMin:4.0]]
[2024.04.16-13.05.10:380][  0]LogConfig: Setting CVar [[r.SkyAtmosphere.SampleCountMax:128.0]]
[2024.04.16-13.05.10:380][  0]LogConfig: Setting CVar [[r.SkyAtmosphere.TransmittanceLUT.UseSmallFormat:0]]
[2024.04.16-13.05.10:380][  0]LogConfig: Setting CVar [[r.SkyAtmosphere.TransmittanceLUT.SampleCount:10.0]]
[2024.04.16-13.05.10:380][  0]LogConfig: Setting CVar [[r.SkyAtmosphere.MultiScatteringLUT.SampleCount:15.0]]
[2024.04.16-13.05.10:380][  0]LogConfig: Setting CVar [[r.SkyLight.RealTimeReflectionCapture:1]]
[2024.04.16-13.05.10:380][  0]LogConfig: Applying CVar settings from Section [FoliageQuality@3] File [C:/Users/Owner/storage/northumbria-university/my/uproject/StayCalm/Saved/Config/Windows/Scalability.ini]
[2024.04.16-13.05.10:380][  0]LogConfig: Setting CVar [[foliage.DensityScale:1.0]]
[2024.04.16-13.05.10:380][  0]LogConfig: Setting CVar [[grass.DensityScale:1.0]]
[2024.04.16-13.05.10:380][  0]LogConfig: Applying CVar settings from Section [ShadingQuality@3] File [C:/Users/Owner/storage/northumbria-university/my/uproject/StayCalm/Saved/Config/Windows/Scalability.ini]
[2024.04.16-13.05.10:380][  0]LogConfig: Setting CVar [[r.HairStrands.SkyLighting.IntegrationType:2]]
[2024.04.16-13.05.10:380][  0]LogConfig: Setting CVar [[r.HairStrands.SkyAO.SampleCount:4]]
[2024.04.16-13.05.10:380][  0]LogConfig: Setting CVar [[r.HairStrands.Visibility.MSAA.SamplePerPixel:4]]
[2024.04.16-13.05.10:380][  0]LogConfig: Applying CVar settings from Section [Startup] File [../../../Engine/Config/ConsoleVariables.ini]
[2024.04.16-13.05.10:380][  0]LogConfig: Setting CVar [[net.UseAdaptiveNetUpdateFrequency:0]]
[2024.04.16-13.05.10:380][  0]LogConfig: Setting CVar [[p.chaos.AllowCreatePhysxBodies:1]]
[2024.04.16-13.05.10:380][  0]LogConfig: Setting CVar [[fx.SkipVectorVMBackendOptimizations:1]]
[2024.04.16-13.05.10:380][  0]LogConfig: Applying CVar settings from Section [ConsoleVariables] File [C:/Users/Owner/storage/northumbria-university/my/uproject/StayCalm/Saved/Config/Windows/Engine.ini]
[2024.04.16-13.05.10:380][  0]LogConfig: Applying CVar settings from Section [ConsoleVariables] File [C:/Users/Owner/storage/northumbria-university/my/uproject/StayCalm/Saved/Config/Windows/Editor.ini]
[2024.04.16-13.05.10:380][  0]LogInit: Computer: DESKTOP-OFM8J10
[2024.04.16-13.05.10:380][  0]LogInit: User: Owner
[2024.04.16-13.05.10:380][  0]LogInit: CPU Page size=4096, Cores=8
[2024.04.16-13.05.10:380][  0]LogInit: High frequency timer resolution =10.000000 MHz
[2024.04.16-13.05.10:380][  0]LogMemory: Memory total: Physical=15.9GB (16GB approx)
[2024.04.16-13.05.10:380][  0]LogMemory: Platform Memory Stats for Windows
[2024.04.16-13.05.10:380][  0]LogMemory: Process Physical Memory: 146.99 MB used, 146.99 MB peak
[2024.04.16-13.05.10:380][  0]LogMemory: Process Virtual Memory: 129.24 MB used, 129.24 MB peak
[2024.04.16-13.05.10:380][  0]LogMemory: Physical Memory: 7786.03 MB used,  8467.23 MB free, 16253.25 MB total
[2024.04.16-13.05.10:380][  0]LogMemory: Virtual Memory: 134208792.00 MB used,  8935.37 MB free, 134217728.00 MB total
[2024.04.16-13.05.10:383][  0]LogWindows: WindowsPlatformFeatures enabled
[2024.04.16-13.05.10:407][  0]LogInit: Physics initialised using underlying interface: PhysX
[2024.04.16-13.05.10:407][  0]LogInit: Using OS detected language (en-GB).
[2024.04.16-13.05.10:407][  0]LogInit: Using OS detected locale (en-GB).
[2024.04.16-13.05.10:411][  0]LogTextLocalizationManager: No specific localization for 'en-GB' exists, so the 'en' localization will be used.
[2024.04.16-13.05.10:518][  0]LogInit: Setting process to per monitor DPI aware
[2024.04.16-13.05.10:533][  0]LogWindowsTextInputMethodSystem: Display: IME system deactivated.
[2024.04.16-13.05.10:540][  0]LogSlate: New Slate User Created.  User Index 0, Is Virtual User: 0
[2024.04.16-13.05.10:540][  0]LogSlate: Slate User Registered.  User Index 0, Is Virtual User: 0
[2024.04.16-13.05.10:610][  0]LogD3D11RHI: Loaded GFSDK_Aftermath_Lib.x64.dll
[2024.04.16-13.05.10:612][  0]LogHMD: Failed to initialize OpenVR with code 110
[2024.04.16-13.05.10:612][  0]LogD3D11RHI: D3D11 min allowed feature level: 11_0
[2024.04.16-13.05.10:612][  0]LogD3D11RHI: D3D11 max allowed feature level: 11_0
[2024.04.16-13.05.10:612][  0]LogD3D11RHI: D3D11 adapters:
[2024.04.16-13.05.10:729][  0]LogD3D11RHI:    0. 'NVIDIA GeForce RTX 3070' (Feature Level 11_0)
[2024.04.16-13.05.10:729][  0]LogD3D11RHI:       8032/0/8126 MB DedicatedVideo/DedicatedSystem/SharedSystem, Outputs:1, VendorId:0x10de
[2024.04.16-13.05.10:730][  0]LogD3D11RHI:    1. 'Microsoft Basic Render Driver' (Feature Level 11_0)
[2024.04.16-13.05.10:730][  0]LogD3D11RHI:       0/0/8126 MB DedicatedVideo/DedicatedSystem/SharedSystem, Outputs:0, VendorId:0x1414
[2024.04.16-13.05.10:730][  0]LogD3D11RHI: Chosen D3D11 Adapter:
[2024.04.16-13.05.10:730][  0]LogD3D11RHI:     Description : NVIDIA GeForce RTX 3070
[2024.04.16-13.05.10:730][  0]LogD3D11RHI:     VendorId    : 10de
[2024.04.16-13.05.10:730][  0]LogD3D11RHI:     DeviceId    : 2488
[2024.04.16-13.05.10:730][  0]LogD3D11RHI:     SubSysId    : 39091462
[2024.04.16-13.05.10:730][  0]LogD3D11RHI:     Revision    : 00a1
[2024.04.16-13.05.10:730][  0]LogD3D11RHI:     DedicatedVideoMemory : 8422162432 bytes
[2024.04.16-13.05.10:730][  0]LogD3D11RHI:     DedicatedSystemMemory : 0 bytes
[2024.04.16-13.05.10:730][  0]LogD3D11RHI:     SharedSystemMemory : 8521385984 bytes
[2024.04.16-13.05.10:730][  0]LogD3D11RHI:     AdapterLuid : 0 61535
[2024.04.16-13.05.10:733][  0]LogD3D11RHI: Creating new Direct3DDevice
[2024.04.16-13.05.10:733][  0]LogD3D11RHI:     GPU DeviceId: 0x2488 (for the marketing name, search the web for "GPU Device Id")
[2024.04.16-13.05.10:733][  0]LogWindows: EnumDisplayDevices:
[2024.04.16-13.05.10:733][  0]LogWindows:    0. 'NVIDIA GeForce RTX 3070' (P:1 D:1)
[2024.04.16-13.05.10:734][  0]LogWindows:    1. 'NVIDIA GeForce RTX 3070' (P:0 D:0)
[2024.04.16-13.05.10:734][  0]LogWindows:    2. 'NVIDIA GeForce RTX 3070' (P:0 D:0)
[2024.04.16-13.05.10:734][  0]LogWindows:    3. 'NVIDIA GeForce RTX 3070' (P:0 D:0)
[2024.04.16-13.05.10:734][  0]LogWindows: DebugString: FoundDriverCount:4 
[2024.04.16-13.05.10:734][  0]LogD3D11RHI:     Adapter Name: NVIDIA GeForce RTX 3070
[2024.04.16-13.05.10:734][  0]LogD3D11RHI:   Driver Version: 535.98 (internal:31.0.15.3598, unified:535.98)
[2024.04.16-13.05.10:734][  0]LogD3D11RHI:      Driver Date: 5-24-2023
[2024.04.16-13.05.10:734][  0]LogRHI: Texture pool is 5622 MB (70% of 8032 MB)
[2024.04.16-13.05.10:734][  0]LogD3D11RHI: Creating D3DDevice using adapter:
[2024.04.16-13.05.10:734][  0]LogD3D11RHI:     Description : NVIDIA GeForce RTX 3070
[2024.04.16-13.05.10:734][  0]LogD3D11RHI:     VendorId    : 10de
[2024.04.16-13.05.10:734][  0]LogD3D11RHI:     DeviceId    : 2488
[2024.04.16-13.05.10:734][  0]LogD3D11RHI:     SubSysId    : 39091462
[2024.04.16-13.05.10:734][  0]LogD3D11RHI:     Revision    : 00a1
[2024.04.16-13.05.10:734][  0]LogD3D11RHI:     DedicatedVideoMemory : 8422162432 bytes
[2024.04.16-13.05.10:734][  0]LogD3D11RHI:     DedicatedSystemMemory : 0 bytes
[2024.04.16-13.05.10:734][  0]LogD3D11RHI:     SharedSystemMemory : 8521385984 bytes
[2024.04.16-13.05.10:734][  0]LogD3D11RHI:     AdapterLuid : 0 61535
[2024.04.16-13.05.10:791][  0]LogD3D11RHI: RHI has support for 64 bit atomics
[2024.04.16-13.05.10:792][  0]LogD3D11RHI: Async texture creation enabled
[2024.04.16-13.05.10:792][  0]LogD3D11RHI: Array index from any shader is supported
[2024.04.16-13.05.10:814][  0]LogD3D11RHI: GPU Timing Frequency: 1000.000000 (Debug: 2 2)
[2024.04.16-13.05.10:831][  0]LogRHI: GeForceNow SDK initialized: 1
[2024.04.16-13.05.11:013][  0]LogTargetPlatformManager: Display: Loaded TargetPlatform 'AllDesktop'
[2024.04.16-13.05.11:026][  0]LogTargetPlatformManager: Display: Loaded TargetPlatform 'Android'
[2024.04.16-13.05.11:026][  0]LogTargetPlatformManager: Display: Loaded TargetPlatform 'Android_ASTC'
[2024.04.16-13.05.11:026][  0]LogTargetPlatformManager: Display: Loaded TargetPlatform 'Android_DXT'
[2024.04.16-13.05.11:026][  0]LogTargetPlatformManager: Display: Loaded TargetPlatform 'Android_ETC2'
[2024.04.16-13.05.11:026][  0]LogTargetPlatformManager: Display: Loaded TargetPlatform 'AndroidClient'
[2024.04.16-13.05.11:026][  0]LogTargetPlatformManager: Display: Loaded TargetPlatform 'Android_ASTCClient'
[2024.04.16-13.05.11:026][  0]LogTargetPlatformManager: Display: Loaded TargetPlatform 'Android_DXTClient'
[2024.04.16-13.05.11:026][  0]LogTargetPlatformManager: Display: Loaded TargetPlatform 'Android_ETC2Client'
[2024.04.16-13.05.11:026][  0]LogTargetPlatformManager: Display: Loaded TargetPlatform 'Android_Multi'
[2024.04.16-13.05.11:026][  0]LogTargetPlatformManager: Display: Loaded TargetPlatform 'Android_MultiClient'
[2024.04.16-13.05.11:037][  0]LogTargetPlatformManager: Display: Loaded TargetPlatform 'IOSClient'
[2024.04.16-13.05.11:038][  0]LogTargetPlatformManager: Display: Loaded TargetPlatform 'IOS'
[2024.04.16-13.05.11:043][  0]LogTargetPlatformManager: Display: Loaded TargetPlatform 'Linux'
[2024.04.16-13.05.11:046][  0]LogTargetPlatformManager: Display: Loaded TargetPlatform 'LinuxNoEditor'
[2024.04.16-13.05.11:049][  0]LogTargetPlatformManager: Display: Loaded TargetPlatform 'LinuxClient'
[2024.04.16-13.05.11:052][  0]LogTargetPlatformManager: Display: Loaded TargetPlatform 'LinuxServer'
[2024.04.16-13.05.11:058][  0]LogTargetPlatformManager: Display: Loaded TargetPlatform 'LinuxAArch64NoEditor'
[2024.04.16-13.05.11:059][  0]LogTargetPlatformManager: Display: Loaded TargetPlatform 'LinuxAArch64Client'
[2024.04.16-13.05.11:062][  0]LogTargetPlatformManager: Display: Loaded TargetPlatform 'LinuxAArch64Server'
[2024.04.16-13.05.11:076][  0]LogTargetPlatformManager: Display: Loaded TargetPlatform 'Lumin'
[2024.04.16-13.05.11:076][  0]LogTargetPlatformManager: Display: Loaded TargetPlatform 'LuminClient'
[2024.04.16-13.05.11:081][  0]LogTargetPlatformManager: Display: Loaded TargetPlatform 'MacNoEditor'
[2024.04.16-13.05.11:084][  0]LogTargetPlatformManager: Display: Loaded TargetPlatform 'Mac'
[2024.04.16-13.05.11:087][  0]LogTargetPlatformManager: Display: Loaded TargetPlatform 'MacClient'
[2024.04.16-13.05.11:089][  0]LogTargetPlatformManager: Display: Loaded TargetPlatform 'MacServer'
[2024.04.16-13.05.11:095][  0]LogTargetPlatformManager: Display: Loaded TargetPlatform 'TVOSClient'
[2024.04.16-13.05.11:095][  0]LogTargetPlatformManager: Display: Loaded TargetPlatform 'TVOS'
[2024.04.16-13.05.11:101][  0]LogTargetPlatformManager: Display: Loaded TargetPlatform 'WindowsNoEditor'
[2024.04.16-13.05.11:104][  0]LogTargetPlatformManager: Display: Loaded TargetPlatform 'Windows'
[2024.04.16-13.05.11:106][  0]LogTargetPlatformManager: Display: Loaded TargetPlatform 'WindowsClient'
[2024.04.16-13.05.11:109][  0]LogTargetPlatformManager: Display: Loaded TargetPlatform 'WindowsServer'
[2024.04.16-13.05.11:109][  0]LogTargetPlatformManager: Display: Building Assets For Windows
[2024.04.16-13.05.11:113][  0]LogAudioDebug: Display: Lib vorbis DLL was dynamically loaded.
[2024.04.16-13.05.11:133][  0]LogTextureFormatOodle: Display: Oodle Texture 2.9.0 init RDO Off
[2024.04.16-13.05.11:152][  0]LogRendererCore: Ray tracing is disabled. Reason: r.RayTracing=0.
[2024.04.16-13.05.11:152][  0]LogShaderCompilers: Guid format shader working directory is -36 characters bigger than the processId version (../../../../../../Users/Owner/storage/northumbria-university/my/uproject/StayCalm/Intermediate/Shaders/WorkingDirectory/17772/).
[2024.04.16-13.05.11:153][  0]LogShaderCompilers: Cleaned the shader compiler working directory 'C:/Users/Owner/AppData/Local/Temp/UnrealShaderWorkingDir/8103C5C442042A3BAD07249157609451/'.
[2024.04.16-13.05.11:153][  0]LogXGEController: Cannot use XGE Controller as Incredibuild is not installed on this machine.
[2024.04.16-13.05.11:153][  0]LogShaderCompilers: Cannot use XGE Shader Compiler as Incredibuild is not installed on this machine.
[2024.04.16-13.05.11:153][  0]LogShaderCompilers: Display: Using Local Shader Compiler.
[2024.04.16-13.05.11:642][  0]LogDerivedDataCache: Display: Max Cache Size: 512 MB
[2024.04.16-13.05.11:672][  0]LogDerivedDataCache: Loaded boot cache 0.03s 94MB C:/Users/Owner/AppData/Local/UnrealEngine/4.27/DerivedDataCache/Boot.ddc.
[2024.04.16-13.05.11:672][  0]LogDerivedDataCache: Display: Loaded Boot cache: C:/Users/Owner/AppData/Local/UnrealEngine/4.27/DerivedDataCache/Boot.ddc
[2024.04.16-13.05.11:672][  0]LogDerivedDataCache: FDerivedDataBackendGraph:  Pak pak cache file ../../../../../../Users/Owner/storage/northumbria-university/my/uproject/StayCalm/DerivedDataCache/DDC.ddp not found, will not use a pak cache.
[2024.04.16-13.05.11:672][  0]LogDerivedDataCache: Unable to find inner node Pak for hierarchical cache Hierarchy.
[2024.04.16-13.05.11:672][  0]LogDerivedDataCache: FDerivedDataBackendGraph:  CompressedPak pak cache file ../../../../../../Users/Owner/storage/northumbria-university/my/uproject/StayCalm/DerivedDataCache/Compressed.ddp not found, will not use a pak cache.
[2024.04.16-13.05.11:672][  0]LogDerivedDataCache: Unable to find inner node CompressedPak for hierarchical cache Hierarchy.
[2024.04.16-13.05.11:684][  0]LogDerivedDataCache: Display: Pak cache opened for reading ../../../Engine/DerivedDataCache/Compressed.ddp.
[2024.04.16-13.05.11:684][  0]LogDerivedDataCache: FDerivedDataBackendGraph:  EnterprisePak pak cache file ../../../Enterprise/DerivedDataCache/Compressed.ddp not found, will not use a pak cache.
[2024.04.16-13.05.11:684][  0]LogDerivedDataCache: Unable to find inner node EnterprisePak for hierarchical cache Hierarchy.
[2024.04.16-13.05.11:688][  0]LogDerivedDataCache: Speed tests for C:/Users/Owner/AppData/Local/UnrealEngine/Common/DerivedDataCache took 0.00 seconds
[2024.04.16-13.05.11:688][  0]LogDerivedDataCache: Display: Performance to C:/Users/Owner/AppData/Local/UnrealEngine/Common/DerivedDataCache: Latency=0.01ms. RandomReadSpeed=2352.45MBs, RandomWriteSpeed=307.75MBs. Assigned SpeedClass 'Local'
[2024.04.16-13.05.11:688][  0]LogDerivedDataCache: Using Local data cache path C:/Users/Owner/AppData/Local/UnrealEngine/Common/DerivedDataCache: Writable
[2024.04.16-13.05.11:688][  0]LogDerivedDataCache: Shared data cache path not found in *engine.ini, will not use an Shared cache.
[2024.04.16-13.05.11:688][  0]LogDerivedDataCache: Unable to find inner node Shared for hierarchical cache Hierarchy.
[2024.04.16-13.05.11:718][  0]LogSlate: Using FreeType 2.10.0
[2024.04.16-13.05.11:718][  0]LogSlate: SlateFontServices - WITH_FREETYPE: 1, WITH_HARFBUZZ: 1
[2024.04.16-13.05.11:736][  0]LogAssetRegistry: FAssetRegistry took 0.0016 seconds to start up
[2024.04.16-13.05.11:736][  0]LogWindows: Windows GetLastError: The operation completed successfully. (0)
[2024.04.16-13.05.11:897][  0]LogInit: Selected Device Profile: [Windows]
[2024.04.16-13.05.11:897][  0]LogInit: Active device profile: [000001D55CE79100][000001D55A9255C0 49] Windows
[2024.04.16-13.05.11:897][  0]LogInit: Profiles: [000001D55CE79100][000001D55A9255C0 49] Windows, [000001D55CE56500][000001D55A92D740 49] WindowsNoEditor, [000001D55CE7A200][000001D55A9318C0 49] WindowsServer, [000001D55CE55700][000001D55A935A40 49] WindowsClient, [000001D55CE79700][000001D55A939BC0 49] IOS, [000001D55CE56700][000001D55A93C1C0 49] iPadAir, [000001D55CE7BC00][000001D55A940340 49] iPadAir2, [000001D55CE05400][000001D55A948600 49] IPadPro, [000001D55CE05500][000001D55A944640 49] iPadAir3, [000001D55CE57800][000001D55A94C7C0 49] iPadAir4, [000001D55CE06300][000001D55A950940 49] iPadMini2, [000001D55CE56F00][000001D55A928A80 49] iPadMini3, [000001D55CE06F00][000001D55A954BC0 49] iPadMini4, [000001D55CE55C00][000001D55A958D00 49] iPadMini5, [000001D55CE31000][000001D55A9E8FC0 49] iPhone6, [000001D55CE31100][000001D55A9E5000 49] iPodTouch6, [000001D55CE7B900][000001D55A9F12C0 49] iPhone7, [000001D55CE7A900][000001D55A9ED300 49] iPodTouch7, [000001D55CE05000][000001D55A9F5480 49] iPhone5S, [000001D55CE7AF00][000001D55A9F9600 49] iPhone6Plus, [000001D55CE07600][000001D55A9FD780 49] iPhone6S, [000001D55CE78C00][000001D55AA01900 49] iPhone6SPlus, [000001D55CE79D00][000001D55AA05A80 49] iPhone7Plus, [000001D55CE30800][000001D55AA09C00 49] iPhoneSE, [000001D55CE78400][000001D55AA0C200 49] iPhone8, [000001D55CE30900][000001D55AA10380 49] iPhone8Plus, [000001D55CE32E00][000001D55AA14500 49] iPhoneX, [000001D55CE05D00][000001D55AA18680 49] iPhoneXS, [000001D55CE32700][000001D55AA1C800 49] iPhoneXSMax, [000001D55CE05C00][000001D55AA20980 49] iPhoneXR, [000001D55CE32800][000001D55AA24B00 49] iPhone11, [000001D55CE04F00][000001D55A9E0C40 49] iPhone11Pro, [000001D55CE30B00][000001D55AA28D80 49] iPhone11ProMax, [000001D55CE04D00][000001D55AC4EEC0 49] iPhoneSE2, [000001D55CE30E00][000001D55AC57040 49] iPhone12Mini, [000001D55CE7B800][000001D55AC5B1C0 49] iPhone12, [000001D55CE33000][000001D55AC5F340 49] iPhone12Pro, [000001D55CE7B700][000001D55AC634C0 49] iPhone12ProMax, [000001D55CE31E00][000001D55AC67640 49] iPadPro105, [000001D55CE79300][000001D55AC6B7C0 49] iPadPro129, [000001D55CE33E00][000001D55AC6F940 49] iPadPro97, [000001D55CE79C00][000001D55AC73AC0 49] iPadPro2_129, [000001D55CE32000][000001D55AC760C0 49] iPad5, [000001D55CE7A300][000001D55AC7A240 49] iPad6, [000001D55CE33B00][000001D55AC7E3C0 49] iPad7, [000001D55CE79E00][000001D55AC82540 49] iPad8, [000001D55CE30A00][000001D55AC866C0 49] iPadPro11, [000001D55CE7A600][000001D55AC8A840 49] iPadPro2_11, [000001D55CE30F00][000001D55AC8E9C0 49] iPadPro3_129, [000001D55CE7A800][000001D55AC92B40 49] iPadPro4_129, [000001D55CE33C00][000001D55AC96CC0 49] AppleTV, [000001D55CE79A00][000001D55AC52E00 49] AppleTV4K, [000001D55CE32600][000001D55AC9AF40 49] TVOS, [000001D55CE7A100][000001D55BF5D080 49] Mac, [000001D55CE32F00][000001D55BF611C0 49] MacClient, [000001D55CE7AA00][000001D55BF69340 49] MacNoEditor, [000001D55CE32C00][000001D55BF6D4C0 49] MacServer, [000001D55CE7B000][000001D55BF71640 49] Linux, [000001D55CE30400][000001D55BF757C0 49] LinuxAArch64, [000001D55CE78700][000001D55BF79940 49] LinuxNoEditor, [000001D55CE33700][000001D55BF7DAC0 49] LinuxAArch64NoEditor, [000001D55CE7BB00][000001D55BF800C0 49] LinuxClient, [000001D55CE33400][000001D55BF84240 49] LinuxAArch64Client, [000001D55CE7BE00][000001D55BF883C0 49] LinuxServer, [000001D55CE30700][000001D55BF8C540 49] LinuxAArch64Server, [000001D55CE79F00][000001D55BF906C0 49] Android, [000001D55CE32A00][000001D55BF94840 49] Android_Low, [000001D55CE7AD00][000001D55BF989C0 49] Android_Mid, [000001D55CE31F00][000001D55BF9CB40 49] Android_High, [000001D55CE7AB00][000001D55BFA0CC0 49] Android_Default, [000001D55CE30100][000001D55BFA4E40 49] Android_Adreno4xx, [000001D55CE78500][000001D55BF64F80 49] Android_Adreno5xx_Low, [000001D55CE31400][000001D55BFA90C0 49] Android_Adreno5xx, [000001D55CE7B400][000001D55BFAD200 49] Android_Adreno6xx, [000001D55CE32300][000001D55BFB1340 49] Android_Adreno6xx_Vulkan, [000001D55CE7BD00][000001D55BFB94C0 49] Android_Mali_T6xx, [000001D55CE30200][000001D55BFBD640 49] Android_Mali_T7xx, [000001D55CE7B600][000001D55BFC17C0 49] Android_Mali_T8xx, [000001D55CE33200][000001D55BFC5940 49] Android_Mali_G71, [000001D55CE07100][000001D55BFC9AC0 49] Android_Mali_G72, [000001D55CE56D00][000001D55BFCC0C0 49] Android_Mali_G72_Vulkan, [000001D55CE06B00][000001D55BFD0240 49] Android_Mali_G76, [000001D55CE54500][000001D55BFD43C0 49] Android_Mali_G76_Vulkan, [000001D55CE04C00][000001D55BFD8540 49] Android_Mali_G77, [000001D55CE54600][000001D55BFDC6C0 49] Android_Mali_G77_Vulkan, [000001D55CE06400][000001D55BFE0840 49] Android_Mali_G78, [000001D55CE54D00][000001D55BFE49C0 49] Android_Mali_G78_Vulkan, [000001D55CE07D00][000001D55BFE8B40 49] Android_Mali_G710, [000001D55CE56900][000001D55BFECCC0 49] Android_Mali_G710_Vulkan, [000001D55CE06A00][000001D55BFF0E40 49] Android_Vulkan_SM5, [000001D55CE55800][000001D55BFF4FC0 49] Android_PowerVR_G6xxx, [000001D55CE04500][000001D55BFF9140 49] Android_PowerVR_GT7xxx, [000001D55CE54200][000001D55BFB5280 49] Android_PowerVR_GE8xxx, [000001D55CE07B00][000001D55BFFD3C0 49] Android_PowerVR_GM9xxx, [000001D55CE55F00][000001D55C001500 49] Android_PowerVR_GM9xxx_Vulkan, [000001D55CE05F00][000001D55C009680 49] Android_TegraK1, [000001D55CE54A00][000001D55C00D800 49] Android_Unknown_Vulkan, [000001D55CE07900][000001D55C011980 49] Lumin, [000001D55CE55100][000001D55C015B00 49] Lumin_Desktop, [000001D55CE06000][000001D55C018100 49] HoloLens, 
[2024.04.16-13.05.12:101][  0]LogThreadingWindows: Error: Runnable thread FAssetDataGatherer crashed.
[2024.04.16-13.05.12:101][  0]LogWindows: Error: === Critical error: ===
[2024.04.16-13.05.12:101][  0]LogWindows: Error: 
[2024.04.16-13.05.12:101][  0]LogWindows: Error: Assertion failed: NumBytes == Strings.Num() [File:D:/Build/++UE4/Sync/Engine/Source/Runtime/Core/Private/UObject/UnrealNames.cpp] [Line: 3336] 
[2024.04.16-13.05.12:101][  0]LogWindows: Error: 
[2024.04.16-13.05.12:101][  0]LogWindows: Error: 
[2024.04.16-13.05.12:101][  0]LogWindows: Error: 
[2024.04.16-13.05.12:101][  0]LogWindows: Error: [Callstack] 0x00007ffeca4153ac KERNELBASE.dll!UnknownFunction []
[2024.04.16-13.05.12:101][  0]LogWindows: Error: [Callstack] 0x00007ffe30d80216 UE4Editor-Core.dll!UnknownFunction []
[2024.04.16-13.05.12:101][  0]LogWindows: Error: [Callstack] 0x00007ffe30d84218 UE4Editor-Core.dll!UnknownFunction []
[2024.04.16-13.05.12:101][  0]LogWindows: Error: [Callstack] 0x00007ffe30aa242d UE4Editor-Core.dll!UnknownFunction []
[2024.04.16-13.05.12:102][  0]LogWindows: Error: [Callstack] 0x00007ffe309f6a45 UE4Editor-Core.dll!UnknownFunction []
[2024.04.16-13.05.12:102][  0]LogWindows: Error: [Callstack] 0x00007ffe309f80a0 UE4Editor-Core.dll!UnknownFunction []
[2024.04.16-13.05.12:102][  0]LogWindows: Error: [Callstack] 0x00007ffe30d7d549 UE4Editor-Core.dll!UnknownFunction []
[2024.04.16-13.05.12:102][  0]LogWindows: Error: [Callstack] 0x00007ffe30d7c347 UE4Editor-Core.dll!UnknownFunction []
[2024.04.16-13.05.12:102][  0]LogWindows: Error: [Callstack] 0x00007ffe30d7cbd8 UE4Editor-Core.dll!UnknownFunction []
[2024.04.16-13.05.12:102][  0]LogWindows: Error: [Callstack] 0x00007ffe676087a4 UE4Editor-AssetRegistry.dll!UnknownFunction []
[2024.04.16-13.05.12:102][  0]LogWindows: Error: [Callstack] 0x00007ffe6765fb46 UE4Editor-AssetRegistry.dll!UnknownFunction []
[2024.04.16-13.05.12:102][  0]LogWindows: Error: [Callstack] 0x00007ffe30d9ff0b UE4Editor-Core.dll!UnknownFunction []
[2024.04.16-13.05.12:102][  0]LogWindows: Error: [Callstack] 0x00007ffe30d97050 UE4Editor-Core.dll!UnknownFunction []
[2024.04.16-13.05.12:102][  0]LogWindows: Error: [Callstack] 0x00007ffecb82257d KERNEL32.DLL!UnknownFunction []
[2024.04.16-13.05.12:102][  0]LogWindows: Error: [Callstack] 0x00007ffecd08aa48 ntdll.dll!UnknownFunction []
[2024.04.16-13.05.12:102][  0]LogWindows: Error: 
[2024.04.16-13.05.12:102][  0]LogWindows: Error: Crash in runnable thread FAssetDataGatherer
[2024.04.16-13.05.12:111][  0]LogExit: Executing StaticShutdownAfterError
[2024.04.16-13.05.12:111][  0]LogWindows: FPlatformMisc::RequestExit(1)
[2024.04.16-13.05.12:111][  0]LogWindows: FPlatformMisc::RequestExitWithStatus(1, 3)
[2024.04.16-13.05.12:111][  0]LogCore: Engine exit requested (reason: Win RequestExit)
[2024.04.16-13.05.12:120][  0]Log file closed, 04/16/24 14:05:12
