Log file open, 04/16/24 14:10:41
LogWindows: Failed to load 'aqProf.dll' (GetLastError=126)
LogWindows: File 'aqProf.dll' does not exist
LogWindows: Failed to load 'VtuneApi.dll' (GetLastError=126)
LogWindows: File 'VtuneApi.dll' does not exist
LogWindows: Failed to load 'VtuneApi32e.dll' (GetLastError=126)
LogWindows: File 'VtuneApi32e.dll' does not exist
LogConsoleResponse: Display: Failed to find resolution value strings in scalability ini. Falling back to default.
LogConsoleResponse: Display: Failed to find resolution value strings in scalability ini. Falling back to default.
LogInit: Display: Running engine for game: StayCalm
LogPlatformFile: Not using cached read wrapper
LogTaskGraph: Started task graph with 5 named threads and 47 total threads with 3 sets of task threads.
LogStats: Stats thread started at 0.165282
LogICUInternationalization: ICU TimeZone Detection - Raw Offset: +0:00, Platform Override: ''
LogInit: Display: Loading text-based GConfig....
LogPluginManager: Mounting plugin MeshPainting
LogPluginManager: Mounting plugin XGEController
LogPluginManager: Mounting plugin Paper2D
LogPluginManager: Mounting plugin AISupport
LogPluginManager: Mounting plugin EnvironmentQueryEditor
LogPluginManager: Mounting plugin LightPropagationVolume
LogPluginManager: Mounting plugin LiveLink
LogPluginManager: Mounting plugin GameplayCameras
LogPluginManager: Mounting plugin CameraShakePreviewer
LogPluginManager: Mounting plugin OodleNetwork
LogPluginManager: Mounting plugin AnimationSharing
LogPluginManager: Mounting plugin AssetManagerEditor
LogPluginManager: Mounting plugin CryptoKeys
LogPluginManager: Mounting plugin CLionSourceCodeAccess
LogPluginManager: Mounting plugin CurveEditorTools
LogPluginManager: Mounting plugin DataValidation
LogPluginManager: Mounting plugin CodeLiteSourceCodeAccess
LogPluginManager: Mounting plugin OodleData
LogPluginManager: Mounting plugin KDevelopSourceCodeAccess
LogPluginManager: Mounting plugin GameplayTagsEditor
LogPluginManager: Mounting plugin GitSourceControl
LogPluginManager: Mounting plugin FacialAnimation
LogPluginManager: Mounting plugin NullSourceCodeAccess
LogPluginManager: Mounting plugin GeometryMode
LogPluginManager: Mounting plugin PerforceSourceControl
LogPluginManager: Mounting plugin MacGraphicsSwitching
LogPluginManager: Mounting plugin PixWinPlugin
LogPluginManager: Mounting plugin MaterialAnalyzer
LogPluginManager: Mounting plugin PluginBrowser
LogPluginManager: Mounting plugin PlasticSourceControl
LogPluginManager: Mounting plugin PluginUtils
LogPluginManager: Mounting plugin RiderSourceCodeAccess
LogPluginManager: Mounting plugin MobileLauncherProfileWizard
LogPluginManager: Mounting plugin SpeedTreeImporter
LogPluginManager: Mounting plugin PropertyAccessNode
LogPluginManager: Mounting plugin SubversionSourceControl
LogPluginManager: Mounting plugin UObjectPlugin
LogPluginManager: Mounting plugin TextureFormatOodle
LogPluginManager: Mounting plugin VisualStudioCodeSourceCodeAccess
LogPluginManager: Mounting plugin DatasmithContent
LogPluginManager: Mounting plugin VisualStudioSourceCodeAccess
LogPluginManager: Mounting plugin XCodeSourceCodeAccess
LogPluginManager: Mounting plugin Niagara
LogPluginManager: Mounting plugin VariantManagerContent
LogPluginManager: Mounting plugin TcpSocketPlugin
LogPluginManager: Mounting plugin AlembicImporter
LogPluginManager: Mounting plugin AutomationUtils
LogPluginManager: Mounting plugin BackChannel
LogPluginManager: Mounting plugin ChaosEditor
LogPluginManager: Mounting plugin ChaosNiagara
LogPluginManager: Mounting plugin CharacterAI
LogPluginManager: Mounting plugin ChaosClothEditor
LogPluginManager: Mounting plugin ChaosCloth
LogPluginManager: Mounting plugin ChaosSolverPlugin
LogPluginManager: Mounting plugin AndroidMedia
LogPluginManager: Mounting plugin AvfMedia
LogPluginManager: Mounting plugin ImgMedia
LogPluginManager: Mounting plugin MediaCompositing
LogPluginManager: Mounting plugin GeometryCache
LogPluginManager: Mounting plugin GeometryCollectionPlugin
LogPluginManager: Mounting plugin GeometryProcessing
LogPluginManager: Mounting plugin MediaPlayerEditor
LogPluginManager: Mounting plugin WebMMedia
LogPluginManager: Mounting plugin WmfMedia
LogPluginManager: Mounting plugin LuminPlatformFeatures
LogPluginManager: Mounting plugin MotoSynth
LogPluginManager: Mounting plugin OpenImageDenoise
LogPluginManager: Mounting plugin PlanarCut
LogPluginManager: Mounting plugin PythonScriptPlugin
LogPluginManager: Mounting plugin PlatformCrypto
LogPluginManager: Mounting plugin MagicLeap
LogPluginManager: Mounting plugin ProxyLODPlugin
LogPluginManager: Mounting plugin MagicLeapLightEstimation
LogPluginManager: Mounting plugin MagicLeapMedia
LogPluginManager: Mounting plugin MagicLeapPassableWorld
LogPluginManager: Mounting plugin UdpMessaging
LogPluginManager: Mounting plugin TcpMessaging
LogPluginManager: Mounting plugin MLSDK
LogPluginManager: Mounting plugin SkeletalReduction
LogPluginManager: Mounting plugin OnlineSubsystem
LogPluginManager: Mounting plugin OnlineSubsystemNull
LogPluginManager: Mounting plugin OnlineSubsystemUtils
LogPluginManager: Mounting plugin ActorSequence
LogPluginManager: Mounting plugin LevelSequenceEditor
LogPluginManager: Mounting plugin MatineeToLevelSequence
LogPluginManager: Mounting plugin TemplateSequence
LogPluginManager: Mounting plugin ActorLayerUtilities
LogPluginManager: Mounting plugin LauncherChunkInstaller
LogPluginManager: Mounting plugin AndroidDeviceProfileSelector
LogPluginManager: Mounting plugin AndroidMoviePlayer
LogPluginManager: Mounting plugin AndroidPermission
LogPluginManager: Mounting plugin AppleImageUtils
LogPluginManager: Mounting plugin AudioCapture
LogPluginManager: Mounting plugin AssetTags
LogPluginManager: Mounting plugin AppleMoviePlayer
LogPluginManager: Mounting plugin CableComponent
LogPluginManager: Mounting plugin ArchVisCharacter
LogPluginManager: Mounting plugin CustomMeshComponent
LogPluginManager: Mounting plugin ChunkDownloader
LogPluginManager: Mounting plugin AudioSynesthesia
LogPluginManager: Mounting plugin ExampleDeviceProfileSelector
LogPluginManager: Mounting plugin EditableMesh
LogPluginManager: Mounting plugin ScreenshotTools
LogPluginManager: Mounting plugin GoogleCloudMessaging
LogPluginManager: Mounting plugin GooglePAD
LogPluginManager: Mounting plugin IOSDeviceProfileSelector
LogPluginManager: Mounting plugin LinuxDeviceProfileSelector
LogPluginManager: Mounting plugin LocationServicesBPLibrary
LogPluginManager: Mounting plugin MobilePatchingUtils
LogPluginManager: Mounting plugin OpenXR
LogPluginManager: Mounting plugin OpenXREyeTracker
LogPluginManager: Mounting plugin OpenXRHandTracking
LogPluginManager: Mounting plugin PostSplashScreen
LogPluginManager: Mounting plugin PropertyAccessEditor
LogPluginManager: Mounting plugin ProceduralMeshComponent
LogPluginManager: Mounting plugin PhysXVehicles
LogPluginManager: Mounting plugin RuntimePhysXCooking
LogPluginManager: Mounting plugin SignificanceManager
LogPluginManager: Mounting plugin SoundFields
LogPluginManager: Mounting plugin Synthesis
LogPluginManager: Mounting plugin WindowsMoviePlayer
LogPluginManager: Mounting plugin WebMMoviePlayer
LogPluginManager: Mounting plugin Takes
LogPluginManager: Mounting plugin ContentBrowserAssetDataSource
LogPluginManager: Mounting plugin ContentBrowserClassDataSource
LogPluginManager: Mounting plugin ContentBrowserFileDataSource
LogPluginManager: Mounting plugin OnlineSubsystemGooglePlay
LogPluginManager: Mounting plugin OnlineSubsystemIOS
LogPluginManager: Mounting plugin OculusVR
LogPluginManager: Mounting plugin SteamVR
PixWinPlugin: PIX capture plugin failed to initialize! Check that the process is launched from PIX.
LogLuminAPIImpl: Warning: MLSDK not found.  This likely means the MLSDK environment variable is not set.
LogInit: Using libcurl 7.55.1-DEV
LogInit:  - built for x86_64-pc-win32
LogInit:  - supports SSL with OpenSSL/1.1.1
LogInit:  - supports HTTP deflate (compression) using libz 1.2.8
LogInit:  - other features:
LogInit:      CURL_VERSION_SSL
LogInit:      CURL_VERSION_LIBZ
LogInit:      CURL_VERSION_IPV6
LogInit:      CURL_VERSION_ASYNCHDNS
LogInit:      CURL_VERSION_LARGEFILE
LogInit:      CURL_VERSION_IDN
LogInit:  CurlRequestOptions (configurable via config and command line):
LogInit:  - bVerifyPeer = true  - Libcurl will verify peer certificate
LogInit:  - bUseHttpProxy = false  - Libcurl will NOT use HTTP proxy
LogInit:  - bDontReuseConnections = false  - Libcurl will reuse connections
LogInit:  - MaxHostConnections = 16  - Libcurl will limit the number of connections to a host
LogInit:  - LocalHostAddr = Default
LogInit:  - BufferSize = 65536
LogOnline: OSS: Creating online subsystem instance for: NULL
LogInit: WinSock: version 1.1 (2.2), MaxSocks=32767, MaxUdp=65467
LogOnline: OSS: TryLoadSubsystemAndSetDefault: Loaded subsystem for module [NULL]
LogOculusPluginWrapper: OculusPlugin initialized successfully
LogHMD: Failed initializing OVRPlugin 1.59.0
LogInit: Build: ++UE4+Release-4.27-CL-18319896
LogInit: Engine Version: 4.27.2-18319896+++UE4+Release-4.27
LogInit: Compatible Engine Version: 4.27.0-17155196+++UE4+Release-4.27
LogInit: Net CL: 17155196
LogInit: OS: Windows 10 (Release 2009) (), CPU: 11th Gen Intel(R) Core(TM) i9-11900F @ 2.50GHz, GPU: NVIDIA GeForce RTX 3070
LogInit: Compiled (64-bit): Nov 30 2021 07:12:08
LogInit: Compiled with Visual C++: 19.24.28315.00
LogInit: Build Configuration: Development
LogInit: Branch Name: ++UE4+Release-4.27
LogInit: Command Line: 
LogInit: Base Directory: C:/Program Files/Epic Games/UE_4.27/Engine/Binaries/Win64/
LogInit: Allocator: TBB
LogInit: Installed Engine Build: 1
LogDevObjectVersion: Number of dev versions registered: 29
LogDevObjectVersion:   Dev-Blueprints (B0D832E4-1F89-4F0D-ACCF-7EB736FD4AA2): 10
LogDevObjectVersion:   Dev-Build (E1C64328-A22C-4D53-A36C-8E866417BD8C): 0
LogDevObjectVersion:   Dev-Core (375EC13C-06E4-48FB-B500-84F0262A717E): 4
LogDevObjectVersion:   Dev-Editor (E4B068ED-F494-42E9-A231-DA0B2E46BB41): 40
LogDevObjectVersion:   Dev-Framework (CFFC743F-43B0-4480-9391-14DF171D2073): 37
LogDevObjectVersion:   Dev-Mobile (B02B49B5-BB20-44E9-A304-32B752E40360): 3
LogDevObjectVersion:   Dev-Networking (A4E4105C-59A1-49B5-A7C5-40C4547EDFEE): 0
LogDevObjectVersion:   Dev-Online (39C831C9-5AE6-47DC-9A44-9C173E1C8E7C): 0
LogDevObjectVersion:   Dev-Physics (78F01B33-EBEA-4F98-B9B4-84EACCB95AA2): 14
LogDevObjectVersion:   Dev-Platform (6631380F-2D4D-43E0-8009-CF276956A95A): 0
LogDevObjectVersion:   Dev-Rendering (12F88B9F-8875-4AFC-A67C-D90C383ABD29): 45
LogDevObjectVersion:   Dev-Sequencer (7B5AE74C-D270-4C10-A958-57980B212A5A): 13
LogDevObjectVersion:   Dev-VR (D7296918-1DD6-4BDD-9DE2-64A83CC13884): 3
LogDevObjectVersion:   Dev-LoadTimes (C2A15278-BFE7-4AFE-6C17-90FF531DF755): 1
LogDevObjectVersion:   Private-Geometry (6EACA3D4-40EC-4CC1-B786-8BED09428FC5): 3
LogDevObjectVersion:   Dev-AnimPhys (29E575DD-E0A3-4627-9D10-D276232CDCEA): 17
LogDevObjectVersion:   Dev-Anim (AF43A65D-7FD3-4947-9873-3E8ED9C1BB05): 15
LogDevObjectVersion:   Dev-ReflectionCapture (6B266CEC-1EC7-4B8F-A30B-E4D90942FC07): 1
LogDevObjectVersion:   Dev-Automation (0DF73D61-A23F-47EA-B727-89E90C41499A): 1
LogDevObjectVersion:   FortniteMain (601D1886-AC64-4F84-AA16-D3DE0DEAC7D6): 47
LogDevObjectVersion:   FortniteRelease (E7086368-6B23-4C58-8439-1B7016265E91): 1
LogDevObjectVersion:   Dev-Enterprise (9DFFBCD6-494F-0158-E221-12823C92A888): 10
LogDevObjectVersion:   Dev-Niagara (F2AED0AC-9AFE-416F-8664-AA7FFA26D6FC): 1
LogDevObjectVersion:   Dev-Destruction (174F1F0B-B4C6-45A5-B13F-2EE8D0FB917D): 10
LogDevObjectVersion:   Dev-Physics-Ext (35F94A83-E258-406C-A318-09F59610247C): 41
LogDevObjectVersion:   Dev-PhysicsMaterial-Chaos (B68FC16E-8B1B-42E2-B453-215C058844FE): 1
LogDevObjectVersion:   Dev-CineCamera (B2E18506-4273-CFC2-A54E-F4BB758BBA07): 1
LogDevObjectVersion:   Dev-VirtualProduction (64F58936-FD1B-42BA-BA96-7289D5D0FA4E): 1
LogDevObjectVersion:   Dev-MediaFramework (6F0ED827-A609-4895-9C91-998D90180EA4): 2
LogInit: Presizing for max 25165824 objects, including 0 objects not considered by GC, pre-allocating 0 bytes for permanent pool.
LogConfig: Applying CVar settings from Section [/Script/Engine.StreamingSettings] File [C:/Users/Owner/storage/northumbria-university/my/uproject/StayCalm/Saved/Config/Windows/Engine.ini]
LogConfig: Setting CVar [[s.MinBulkDataSizeForAsyncLoading:131072]]
LogConfig: Setting CVar [[s.AsyncLoadingThreadEnabled:0]]
LogConfig: Setting CVar [[s.EventDrivenLoaderEnabled:1]]
LogConfig: Setting CVar [[s.WarnIfTimeLimitExceeded:0]]
LogConfig: Setting CVar [[s.TimeLimitExceededMultiplier:1.5]]
LogConfig: Setting CVar [[s.TimeLimitExceededMinTime:0.005]]
LogConfig: Setting CVar [[s.UseBackgroundLevelStreaming:1]]
LogConfig: Setting CVar [[s.PriorityAsyncLoadingExtraTime:15.0]]
LogConfig: Setting CVar [[s.LevelStreamingActorsUpdateTimeLimit:5.0]]
LogConfig: Setting CVar [[s.PriorityLevelStreamingActorsUpdateExtraTime:5.0]]
LogConfig: Setting CVar [[s.LevelStreamingComponentsRegistrationGranularity:10]]
LogConfig: Setting CVar [[s.UnregisterComponentsTimeLimit:1.0]]
LogConfig: Setting CVar [[s.LevelStreamingComponentsUnregistrationGranularity:5]]
LogConfig: Setting CVar [[s.FlushStreamingOnExit:1]]
LogInit: Object subsystem initialized
LogConfig: Setting CVar [[con.DebugEarlyDefault:1]]
LogConfig: Setting CVar [[r.setres:1280x720]]
[2024.04.16-13.10.41:927][  0]LogConfig: Setting CVar [[r.VSync:0]]
[2024.04.16-13.10.41:927][  0]LogConfig: Setting CVar [[r.RHICmdBypass:0]]
[2024.04.16-13.10.41:927][  0]LogConfig: Applying CVar settings from Section [/Script/Engine.RendererSettings] File [C:/Users/Owner/storage/northumbria-university/my/uproject/StayCalm/Saved/Config/Windows/Engine.ini]
[2024.04.16-13.10.41:927][  0]LogConfig: Setting CVar [[r.GPUCrashDebugging:0]]
[2024.04.16-13.10.41:927][  0]LogConfig: Applying CVar settings from Section [/Script/Engine.RendererOverrideSettings] File [C:/Users/Owner/storage/northumbria-university/my/uproject/StayCalm/Saved/Config/Windows/Engine.ini]
[2024.04.16-13.10.41:927][  0]LogConfig: Applying CVar settings from Section [/Script/Engine.StreamingSettings] File [C:/Users/Owner/storage/northumbria-university/my/uproject/StayCalm/Saved/Config/Windows/Engine.ini]
[2024.04.16-13.10.41:927][  0]LogConfig: Setting CVar [[s.MinBulkDataSizeForAsyncLoading:131072]]
[2024.04.16-13.10.41:927][  0]LogConfig: Setting CVar [[s.AsyncLoadingThreadEnabled:0]]
[2024.04.16-13.10.41:927][  0]LogConfig: Setting CVar [[s.EventDrivenLoaderEnabled:1]]
[2024.04.16-13.10.41:927][  0]LogConfig: Setting CVar [[s.WarnIfTimeLimitExceeded:0]]
[2024.04.16-13.10.41:927][  0]LogConfig: Setting CVar [[s.TimeLimitExceededMultiplier:1.5]]
[2024.04.16-13.10.41:927][  0]LogConfig: Setting CVar [[s.TimeLimitExceededMinTime:0.005]]
[2024.04.16-13.10.41:927][  0]LogConfig: Setting CVar [[s.UseBackgroundLevelStreaming:1]]
[2024.04.16-13.10.41:927][  0]LogConfig: Setting CVar [[s.PriorityAsyncLoadingExtraTime:15.0]]
[2024.04.16-13.10.41:927][  0]LogConfig: Setting CVar [[s.LevelStreamingActorsUpdateTimeLimit:5.0]]
[2024.04.16-13.10.41:927][  0]LogConfig: Setting CVar [[s.PriorityLevelStreamingActorsUpdateExtraTime:5.0]]
[2024.04.16-13.10.41:927][  0]LogConfig: Setting CVar [[s.LevelStreamingComponentsRegistrationGranularity:10]]
[2024.04.16-13.10.41:927][  0]LogConfig: Setting CVar [[s.UnregisterComponentsTimeLimit:1.0]]
[2024.04.16-13.10.41:927][  0]LogConfig: Setting CVar [[s.LevelStreamingComponentsUnregistrationGranularity:5]]
[2024.04.16-13.10.41:927][  0]LogConfig: Setting CVar [[s.FlushStreamingOnExit:1]]
[2024.04.16-13.10.41:927][  0]LogConfig: Applying CVar settings from Section [/Script/Engine.GarbageCollectionSettings] File [C:/Users/Owner/storage/northumbria-university/my/uproject/StayCalm/Saved/Config/Windows/Engine.ini]
[2024.04.16-13.10.41:927][  0]LogConfig: Setting CVar [[gc.MaxObjectsNotConsideredByGC:1]]
[2024.04.16-13.10.41:927][  0]LogConfig: Setting CVar [[gc.SizeOfPermanentObjectPool:0]]
[2024.04.16-13.10.41:927][  0]LogConfig: Setting CVar [[gc.FlushStreamingOnGC:0]]
[2024.04.16-13.10.41:927][  0]LogConfig: Setting CVar [[gc.NumRetriesBeforeForcingGC:10]]
[2024.04.16-13.10.41:927][  0]LogConfig: Setting CVar [[gc.AllowParallelGC:1]]
[2024.04.16-13.10.41:927][  0]LogConfig: Setting CVar [[gc.TimeBetweenPurgingPendingKillObjects:61.1]]
[2024.04.16-13.10.41:927][  0]LogConfig: Setting CVar [[gc.MaxObjectsInEditor:25165824]]
[2024.04.16-13.10.41:927][  0]LogConfig: Setting CVar [[gc.IncrementalBeginDestroyEnabled:1]]
[2024.04.16-13.10.41:927][  0]LogConfig: Setting CVar [[gc.CreateGCClusters:1]]
[2024.04.16-13.10.41:927][  0]LogConfig: Setting CVar [[gc.MinGCClusterSize:5]]
[2024.04.16-13.10.41:927][  0]LogConfig: Setting CVar [[gc.ActorClusteringEnabled:0]]
[2024.04.16-13.10.41:927][  0]LogConfig: Setting CVar [[gc.BlueprintClusteringEnabled:0]]
[2024.04.16-13.10.41:927][  0]LogConfig: Setting CVar [[gc.UseDisregardForGCOnDedicatedServers:0]]
[2024.04.16-13.10.41:927][  0]LogConfig: Setting CVar [[gc.MultithreadedDestructionEnabled:1]]
[2024.04.16-13.10.41:927][  0]LogConfig: Applying CVar settings from Section [/Script/Engine.NetworkSettings] File [C:/Users/Owner/storage/northumbria-university/my/uproject/StayCalm/Saved/Config/Windows/Engine.ini]
[2024.04.16-13.10.41:927][  0]LogConfig: Applying CVar settings from Section [/Script/UnrealEd.CookerSettings] File [C:/Users/Owner/storage/northumbria-university/my/uproject/StayCalm/Saved/Config/Windows/Engine.ini]
[2024.04.16-13.10.41:938][  0]LogConfig: Applying CVar settings from Section [ViewDistanceQuality@3] File [C:/Users/Owner/storage/northumbria-university/my/uproject/StayCalm/Saved/Config/Windows/Scalability.ini]
[2024.04.16-13.10.41:938][  0]LogConfig: Setting CVar [[r.SkeletalMeshLODBias:0]]
[2024.04.16-13.10.41:938][  0]LogConfig: Setting CVar [[r.ViewDistanceScale:1.0]]
[2024.04.16-13.10.41:938][  0]LogConfig: Applying CVar settings from Section [AntiAliasingQuality@3] File [C:/Users/Owner/storage/northumbria-university/my/uproject/StayCalm/Saved/Config/Windows/Scalability.ini]
[2024.04.16-13.10.41:938][  0]LogConfig: Setting CVar [[r.PostProcessAAQuality:4]]
[2024.04.16-13.10.41:938][  0]LogConfig: Applying CVar settings from Section [ShadowQuality@3] File [C:/Users/Owner/storage/northumbria-university/my/uproject/StayCalm/Saved/Config/Windows/Scalability.ini]
[2024.04.16-13.10.41:938][  0]LogConfig: Setting CVar [[r.LightFunctionQuality:1]]
[2024.04.16-13.10.41:938][  0]LogConfig: Setting CVar [[r.ShadowQuality:5]]
[2024.04.16-13.10.41:938][  0]LogConfig: Setting CVar [[r.Shadow.CSM.MaxCascades:10]]
[2024.04.16-13.10.41:938][  0]LogConfig: Setting CVar [[r.Shadow.MaxResolution:2048]]
[2024.04.16-13.10.41:938][  0]LogConfig: Setting CVar [[r.Shadow.MaxCSMResolution:2048]]
[2024.04.16-13.10.41:938][  0]LogConfig: Setting CVar [[r.Shadow.RadiusThreshold:0.01]]
[2024.04.16-13.10.41:938][  0]LogConfig: Setting CVar [[r.Shadow.DistanceScale:1.0]]
[2024.04.16-13.10.41:938][  0]LogConfig: Setting CVar [[r.Shadow.CSM.TransitionScale:1.0]]
[2024.04.16-13.10.41:938][  0]LogConfig: Setting CVar [[r.Shadow.PreShadowResolutionFactor:1.0]]
[2024.04.16-13.10.41:938][  0]LogConfig: Setting CVar [[r.DistanceFieldShadowing:1]]
[2024.04.16-13.10.41:938][  0]LogConfig: Setting CVar [[r.DistanceFieldAO:1]]
[2024.04.16-13.10.41:938][  0]LogConfig: Setting CVar [[r.AOQuality:2]]
[2024.04.16-13.10.41:938][  0]LogConfig: Setting CVar [[r.VolumetricFog:1]]
[2024.04.16-13.10.41:938][  0]LogConfig: Setting CVar [[r.VolumetricFog.GridPixelSize:8]]
[2024.04.16-13.10.41:938][  0]LogConfig: Setting CVar [[r.VolumetricFog.GridSizeZ:128]]
[2024.04.16-13.10.41:938][  0]LogConfig: Setting CVar [[r.VolumetricFog.HistoryMissSupersampleCount:4]]
[2024.04.16-13.10.41:938][  0]LogConfig: Setting CVar [[r.LightMaxDrawDistanceScale:1]]
[2024.04.16-13.10.41:938][  0]LogConfig: Setting CVar [[r.CapsuleShadows:1]]
[2024.04.16-13.10.41:938][  0]LogConfig: Applying CVar settings from Section [PostProcessQuality@3] File [C:/Users/Owner/storage/northumbria-university/my/uproject/StayCalm/Saved/Config/Windows/Scalability.ini]
[2024.04.16-13.10.41:938][  0]LogConfig: Setting CVar [[r.MotionBlurQuality:4]]
[2024.04.16-13.10.41:938][  0]LogConfig: Setting CVar [[r.AmbientOcclusionMipLevelFactor:0.4]]
[2024.04.16-13.10.41:938][  0]LogConfig: Setting CVar [[r.AmbientOcclusionMaxQuality:100]]
[2024.04.16-13.10.41:938][  0]LogConfig: Setting CVar [[r.AmbientOcclusionLevels:-1]]
[2024.04.16-13.10.41:938][  0]LogConfig: Setting CVar [[r.AmbientOcclusionRadiusScale:1.0]]
[2024.04.16-13.10.41:938][  0]LogConfig: Setting CVar [[r.DepthOfFieldQuality:2]]
[2024.04.16-13.10.41:938][  0]LogConfig: Setting CVar [[r.RenderTargetPoolMin:400]]
[2024.04.16-13.10.41:938][  0]LogConfig: Setting CVar [[r.LensFlareQuality:2]]
[2024.04.16-13.10.41:938][  0]LogConfig: Setting CVar [[r.SceneColorFringeQuality:1]]
[2024.04.16-13.10.41:938][  0]LogConfig: Setting CVar [[r.EyeAdaptationQuality:2]]
[2024.04.16-13.10.41:938][  0]LogConfig: Setting CVar [[r.BloomQuality:5]]
[2024.04.16-13.10.41:938][  0]LogConfig: Setting CVar [[r.FastBlurThreshold:100]]
[2024.04.16-13.10.41:938][  0]LogConfig: Setting CVar [[r.Upscale.Quality:3]]
[2024.04.16-13.10.41:938][  0]LogConfig: Setting CVar [[r.Tonemapper.GrainQuantization:1]]
[2024.04.16-13.10.41:938][  0]LogConfig: Setting CVar [[r.LightShaftQuality:1]]
[2024.04.16-13.10.41:938][  0]LogConfig: Setting CVar [[r.Filter.SizeScale:1]]
[2024.04.16-13.10.41:938][  0]LogConfig: Setting CVar [[r.Tonemapper.Quality:5]]
[2024.04.16-13.10.41:938][  0]LogConfig: Setting CVar [[r.DOF.Gather.AccumulatorQuality:1        ; higher gathering accumulator quality]]
[2024.04.16-13.10.41:938][  0]LogConfig: Setting CVar [[r.DOF.Gather.PostfilterMethod:1          ; Median3x3 postfilering method]]
[2024.04.16-13.10.41:938][  0]LogConfig: Setting CVar [[r.DOF.Gather.EnableBokehSettings:0       ; no bokeh simulation when gathering]]
[2024.04.16-13.10.41:938][  0]LogConfig: Setting CVar [[r.DOF.Gather.RingCount:4                 ; medium number of samples when gathering]]
[2024.04.16-13.10.41:938][  0]LogConfig: Setting CVar [[r.DOF.Scatter.ForegroundCompositing:1    ; additive foreground scattering]]
[2024.04.16-13.10.41:938][  0]LogConfig: Setting CVar [[r.DOF.Scatter.BackgroundCompositing:2    ; additive background scattering]]
[2024.04.16-13.10.41:938][  0]LogConfig: Setting CVar [[r.DOF.Scatter.EnableBokehSettings:1      ; bokeh simulation when scattering]]
[2024.04.16-13.10.41:938][  0]LogConfig: Setting CVar [[r.DOF.Scatter.MaxSpriteRatio:0.1         ; only a maximum of 10% of scattered bokeh]]
[2024.04.16-13.10.41:938][  0]LogConfig: Setting CVar [[r.DOF.Recombine.Quality:1                ; cheap slight out of focus]]
[2024.04.16-13.10.41:938][  0]LogConfig: Setting CVar [[r.DOF.Recombine.EnableBokehSettings:0    ; no bokeh simulation on slight out of focus]]
[2024.04.16-13.10.41:938][  0]LogConfig: Setting CVar [[r.DOF.TemporalAAQuality:1                ; more stable temporal accumulation]]
[2024.04.16-13.10.41:938][  0]LogConfig: Setting CVar [[r.DOF.Kernel.MaxForegroundRadius:0.025]]
[2024.04.16-13.10.41:938][  0]LogConfig: Setting CVar [[r.DOF.Kernel.MaxBackgroundRadius:0.025]]
[2024.04.16-13.10.41:938][  0]LogConfig: Applying CVar settings from Section [TextureQuality@3] File [C:/Users/Owner/storage/northumbria-university/my/uproject/StayCalm/Saved/Config/Windows/Scalability.ini]
[2024.04.16-13.10.41:938][  0]LogConfig: Setting CVar [[r.Streaming.MipBias:0]]
[2024.04.16-13.10.41:938][  0]LogConfig: Setting CVar [[r.Streaming.AmortizeCPUToGPUCopy:0]]
[2024.04.16-13.10.41:938][  0]LogConfig: Setting CVar [[r.Streaming.MaxNumTexturesToStreamPerFrame:0]]
[2024.04.16-13.10.41:938][  0]LogConfig: Setting CVar [[r.Streaming.Boost:1]]
[2024.04.16-13.10.41:938][  0]LogConfig: Setting CVar [[r.MaxAnisotropy:8]]
[2024.04.16-13.10.41:938][  0]LogConfig: Setting CVar [[r.VT.MaxAnisotropy:8]]
[2024.04.16-13.10.41:938][  0]LogConfig: Setting CVar [[r.Streaming.LimitPoolSizeToVRAM:0]]
[2024.04.16-13.10.41:938][  0]LogConfig: Setting CVar [[r.Streaming.PoolSize:1000]]
[2024.04.16-13.10.41:938][  0]LogConfig: Setting CVar [[r.Streaming.MaxEffectiveScreenSize:0]]
[2024.04.16-13.10.41:938][  0]LogConfig: Applying CVar settings from Section [EffectsQuality@3] File [C:/Users/Owner/storage/northumbria-university/my/uproject/StayCalm/Saved/Config/Windows/Scalability.ini]
[2024.04.16-13.10.41:938][  0]LogConfig: Setting CVar [[r.TranslucencyLightingVolumeDim:64]]
[2024.04.16-13.10.41:938][  0]LogConfig: Setting CVar [[r.RefractionQuality:2]]
[2024.04.16-13.10.41:938][  0]LogConfig: Setting CVar [[r.SSR.Quality:3]]
[2024.04.16-13.10.41:938][  0]LogConfig: Setting CVar [[r.SSR.HalfResSceneColor:0]]
[2024.04.16-13.10.41:938][  0]LogConfig: Setting CVar [[r.SceneColorFormat:4]]
[2024.04.16-13.10.41:938][  0]LogConfig: Setting CVar [[r.DetailMode:2]]
[2024.04.16-13.10.41:938][  0]LogConfig: Setting CVar [[r.TranslucencyVolumeBlur:1]]
[2024.04.16-13.10.41:938][  0]LogConfig: Setting CVar [[r.MaterialQualityLevel:1 ; High quality]]
[2024.04.16-13.10.41:938][  0]LogConfig: Setting CVar [[r.AnisotropicMaterials:1]]
[2024.04.16-13.10.41:938][  0]LogConfig: Setting CVar [[r.SSS.Scale:1]]
[2024.04.16-13.10.41:938][  0]LogConfig: Setting CVar [[r.SSS.SampleSet:2]]
[2024.04.16-13.10.41:938][  0]LogConfig: Setting CVar [[r.SSS.Quality:1]]
[2024.04.16-13.10.41:938][  0]LogConfig: Setting CVar [[r.SSS.HalfRes:0]]
[2024.04.16-13.10.41:938][  0]LogConfig: Setting CVar [[r.SSGI.Quality:3]]
[2024.04.16-13.10.41:938][  0]LogConfig: Setting CVar [[r.EmitterSpawnRateScale:1.0]]
[2024.04.16-13.10.41:938][  0]LogConfig: Setting CVar [[r.ParticleLightQuality:2]]
[2024.04.16-13.10.41:938][  0]LogConfig: Setting CVar [[r.SkyAtmosphere.AerialPerspectiveLUT.FastApplyOnOpaque:1 ; Always have FastSkyLUT 1 in this case to avoid wrong sky]]
[2024.04.16-13.10.41:938][  0]LogConfig: Setting CVar [[r.SkyAtmosphere.AerialPerspectiveLUT.SampleCountMaxPerSlice:4]]
[2024.04.16-13.10.41:938][  0]LogConfig: Setting CVar [[r.SkyAtmosphere.AerialPerspectiveLUT.DepthResolution:16.0]]
[2024.04.16-13.10.41:938][  0]LogConfig: Setting CVar [[r.SkyAtmosphere.FastSkyLUT:1]]
[2024.04.16-13.10.41:938][  0]LogConfig: Setting CVar [[r.SkyAtmosphere.FastSkyLUT.SampleCountMin:4.0]]
[2024.04.16-13.10.41:938][  0]LogConfig: Setting CVar [[r.SkyAtmosphere.FastSkyLUT.SampleCountMax:128.0]]
[2024.04.16-13.10.41:938][  0]LogConfig: Setting CVar [[r.SkyAtmosphere.SampleCountMin:4.0]]
[2024.04.16-13.10.41:938][  0]LogConfig: Setting CVar [[r.SkyAtmosphere.SampleCountMax:128.0]]
[2024.04.16-13.10.41:938][  0]LogConfig: Setting CVar [[r.SkyAtmosphere.TransmittanceLUT.UseSmallFormat:0]]
[2024.04.16-13.10.41:938][  0]LogConfig: Setting CVar [[r.SkyAtmosphere.TransmittanceLUT.SampleCount:10.0]]
[2024.04.16-13.10.41:938][  0]LogConfig: Setting CVar [[r.SkyAtmosphere.MultiScatteringLUT.SampleCount:15.0]]
[2024.04.16-13.10.41:938][  0]LogConfig: Setting CVar [[r.SkyLight.RealTimeReflectionCapture:1]]
[2024.04.16-13.10.41:938][  0]LogConfig: Applying CVar settings from Section [FoliageQuality@3] File [C:/Users/Owner/storage/northumbria-university/my/uproject/StayCalm/Saved/Config/Windows/Scalability.ini]
[2024.04.16-13.10.41:938][  0]LogConfig: Setting CVar [[foliage.DensityScale:1.0]]
[2024.04.16-13.10.41:938][  0]LogConfig: Setting CVar [[grass.DensityScale:1.0]]
[2024.04.16-13.10.41:938][  0]LogConfig: Applying CVar settings from Section [ShadingQuality@3] File [C:/Users/Owner/storage/northumbria-university/my/uproject/StayCalm/Saved/Config/Windows/Scalability.ini]
[2024.04.16-13.10.41:938][  0]LogConfig: Setting CVar [[r.HairStrands.SkyLighting.IntegrationType:2]]
[2024.04.16-13.10.41:938][  0]LogConfig: Setting CVar [[r.HairStrands.SkyAO.SampleCount:4]]
[2024.04.16-13.10.41:938][  0]LogConfig: Setting CVar [[r.HairStrands.Visibility.MSAA.SamplePerPixel:4]]
[2024.04.16-13.10.41:938][  0]LogInit: Selected Device Profile: [Windows]
[2024.04.16-13.10.41:938][  0]LogInit: Applying CVar settings loaded from the selected device profile: [Windows]
[2024.04.16-13.10.41:938][  0]LogHAL: Display: Platform has ~ 16 GB [17042771968 / 17179869184 / 16], which maps to Larger [LargestMinGB=32, LargerMinGB=12, DefaultMinGB=8, SmallerMinGB=6, SmallestMinGB=0)
[2024.04.16-13.10.41:938][  0]LogInit: Going up to parent DeviceProfile []
[2024.04.16-13.10.41:938][  0]LogConfig: Applying CVar settings from Section [ViewDistanceQuality@3] File [C:/Users/Owner/storage/northumbria-university/my/uproject/StayCalm/Saved/Config/Windows/Scalability.ini]
[2024.04.16-13.10.41:938][  0]LogConfig: Setting CVar [[r.SkeletalMeshLODBias:0]]
[2024.04.16-13.10.41:938][  0]LogConfig: Setting CVar [[r.ViewDistanceScale:1.0]]
[2024.04.16-13.10.41:938][  0]LogConfig: Applying CVar settings from Section [AntiAliasingQuality@3] File [C:/Users/Owner/storage/northumbria-university/my/uproject/StayCalm/Saved/Config/Windows/Scalability.ini]
[2024.04.16-13.10.41:938][  0]LogConfig: Setting CVar [[r.PostProcessAAQuality:4]]
[2024.04.16-13.10.41:938][  0]LogConfig: Applying CVar settings from Section [ShadowQuality@3] File [C:/Users/Owner/storage/northumbria-university/my/uproject/StayCalm/Saved/Config/Windows/Scalability.ini]
[2024.04.16-13.10.41:938][  0]LogConfig: Setting CVar [[r.LightFunctionQuality:1]]
[2024.04.16-13.10.41:938][  0]LogConfig: Setting CVar [[r.ShadowQuality:5]]
[2024.04.16-13.10.41:938][  0]LogConfig: Setting CVar [[r.Shadow.CSM.MaxCascades:10]]
[2024.04.16-13.10.41:938][  0]LogConfig: Setting CVar [[r.Shadow.MaxResolution:2048]]
[2024.04.16-13.10.41:938][  0]LogConfig: Setting CVar [[r.Shadow.MaxCSMResolution:2048]]
[2024.04.16-13.10.41:938][  0]LogConfig: Setting CVar [[r.Shadow.RadiusThreshold:0.01]]
[2024.04.16-13.10.41:938][  0]LogConfig: Setting CVar [[r.Shadow.DistanceScale:1.0]]
[2024.04.16-13.10.41:938][  0]LogConfig: Setting CVar [[r.Shadow.CSM.TransitionScale:1.0]]
[2024.04.16-13.10.41:938][  0]LogConfig: Setting CVar [[r.Shadow.PreShadowResolutionFactor:1.0]]
[2024.04.16-13.10.41:938][  0]LogConfig: Setting CVar [[r.DistanceFieldShadowing:1]]
[2024.04.16-13.10.41:938][  0]LogConfig: Setting CVar [[r.DistanceFieldAO:1]]
[2024.04.16-13.10.41:938][  0]LogConfig: Setting CVar [[r.AOQuality:2]]
[2024.04.16-13.10.41:938][  0]LogConfig: Setting CVar [[r.VolumetricFog:1]]
[2024.04.16-13.10.41:938][  0]LogConfig: Setting CVar [[r.VolumetricFog.GridPixelSize:8]]
[2024.04.16-13.10.41:938][  0]LogConfig: Setting CVar [[r.VolumetricFog.GridSizeZ:128]]
[2024.04.16-13.10.41:938][  0]LogConfig: Setting CVar [[r.VolumetricFog.HistoryMissSupersampleCount:4]]
[2024.04.16-13.10.41:938][  0]LogConfig: Setting CVar [[r.LightMaxDrawDistanceScale:1]]
[2024.04.16-13.10.41:938][  0]LogConfig: Setting CVar [[r.CapsuleShadows:1]]
[2024.04.16-13.10.41:938][  0]LogConfig: Applying CVar settings from Section [PostProcessQuality@3] File [C:/Users/Owner/storage/northumbria-university/my/uproject/StayCalm/Saved/Config/Windows/Scalability.ini]
[2024.04.16-13.10.41:938][  0]LogConfig: Setting CVar [[r.MotionBlurQuality:4]]
[2024.04.16-13.10.41:938][  0]LogConfig: Setting CVar [[r.AmbientOcclusionMipLevelFactor:0.4]]
[2024.04.16-13.10.41:938][  0]LogConfig: Setting CVar [[r.AmbientOcclusionMaxQuality:100]]
[2024.04.16-13.10.41:938][  0]LogConfig: Setting CVar [[r.AmbientOcclusionLevels:-1]]
[2024.04.16-13.10.41:938][  0]LogConfig: Setting CVar [[r.AmbientOcclusionRadiusScale:1.0]]
[2024.04.16-13.10.41:938][  0]LogConfig: Setting CVar [[r.DepthOfFieldQuality:2]]
[2024.04.16-13.10.41:938][  0]LogConfig: Setting CVar [[r.RenderTargetPoolMin:400]]
[2024.04.16-13.10.41:939][  0]LogConfig: Setting CVar [[r.LensFlareQuality:2]]
[2024.04.16-13.10.41:939][  0]LogConfig: Setting CVar [[r.SceneColorFringeQuality:1]]
[2024.04.16-13.10.41:939][  0]LogConfig: Setting CVar [[r.EyeAdaptationQuality:2]]
[2024.04.16-13.10.41:939][  0]LogConfig: Setting CVar [[r.BloomQuality:5]]
[2024.04.16-13.10.41:939][  0]LogConfig: Setting CVar [[r.FastBlurThreshold:100]]
[2024.04.16-13.10.41:939][  0]LogConfig: Setting CVar [[r.Upscale.Quality:3]]
[2024.04.16-13.10.41:939][  0]LogConfig: Setting CVar [[r.Tonemapper.GrainQuantization:1]]
[2024.04.16-13.10.41:939][  0]LogConfig: Setting CVar [[r.LightShaftQuality:1]]
[2024.04.16-13.10.41:939][  0]LogConfig: Setting CVar [[r.Filter.SizeScale:1]]
[2024.04.16-13.10.41:939][  0]LogConfig: Setting CVar [[r.Tonemapper.Quality:5]]
[2024.04.16-13.10.41:939][  0]LogConfig: Setting CVar [[r.DOF.Gather.AccumulatorQuality:1        ; higher gathering accumulator quality]]
[2024.04.16-13.10.41:939][  0]LogConfig: Setting CVar [[r.DOF.Gather.PostfilterMethod:1          ; Median3x3 postfilering method]]
[2024.04.16-13.10.41:939][  0]LogConfig: Setting CVar [[r.DOF.Gather.EnableBokehSettings:0       ; no bokeh simulation when gathering]]
[2024.04.16-13.10.41:939][  0]LogConfig: Setting CVar [[r.DOF.Gather.RingCount:4                 ; medium number of samples when gathering]]
[2024.04.16-13.10.41:939][  0]LogConfig: Setting CVar [[r.DOF.Scatter.ForegroundCompositing:1    ; additive foreground scattering]]
[2024.04.16-13.10.41:939][  0]LogConfig: Setting CVar [[r.DOF.Scatter.BackgroundCompositing:2    ; additive background scattering]]
[2024.04.16-13.10.41:939][  0]LogConfig: Setting CVar [[r.DOF.Scatter.EnableBokehSettings:1      ; bokeh simulation when scattering]]
[2024.04.16-13.10.41:939][  0]LogConfig: Setting CVar [[r.DOF.Scatter.MaxSpriteRatio:0.1         ; only a maximum of 10% of scattered bokeh]]
[2024.04.16-13.10.41:939][  0]LogConfig: Setting CVar [[r.DOF.Recombine.Quality:1                ; cheap slight out of focus]]
[2024.04.16-13.10.41:939][  0]LogConfig: Setting CVar [[r.DOF.Recombine.EnableBokehSettings:0    ; no bokeh simulation on slight out of focus]]
[2024.04.16-13.10.41:939][  0]LogConfig: Setting CVar [[r.DOF.TemporalAAQuality:1                ; more stable temporal accumulation]]
[2024.04.16-13.10.41:939][  0]LogConfig: Setting CVar [[r.DOF.Kernel.MaxForegroundRadius:0.025]]
[2024.04.16-13.10.41:939][  0]LogConfig: Setting CVar [[r.DOF.Kernel.MaxBackgroundRadius:0.025]]
[2024.04.16-13.10.41:939][  0]LogConfig: Applying CVar settings from Section [TextureQuality@3] File [C:/Users/Owner/storage/northumbria-university/my/uproject/StayCalm/Saved/Config/Windows/Scalability.ini]
[2024.04.16-13.10.41:939][  0]LogConfig: Setting CVar [[r.Streaming.MipBias:0]]
[2024.04.16-13.10.41:939][  0]LogConfig: Setting CVar [[r.Streaming.AmortizeCPUToGPUCopy:0]]
[2024.04.16-13.10.41:939][  0]LogConfig: Setting CVar [[r.Streaming.MaxNumTexturesToStreamPerFrame:0]]
[2024.04.16-13.10.41:939][  0]LogConfig: Setting CVar [[r.Streaming.Boost:1]]
[2024.04.16-13.10.41:939][  0]LogConfig: Setting CVar [[r.MaxAnisotropy:8]]
[2024.04.16-13.10.41:939][  0]LogConfig: Setting CVar [[r.VT.MaxAnisotropy:8]]
[2024.04.16-13.10.41:939][  0]LogConfig: Setting CVar [[r.Streaming.LimitPoolSizeToVRAM:0]]
[2024.04.16-13.10.41:939][  0]LogConfig: Setting CVar [[r.Streaming.PoolSize:1000]]
[2024.04.16-13.10.41:939][  0]LogConfig: Setting CVar [[r.Streaming.MaxEffectiveScreenSize:0]]
[2024.04.16-13.10.41:939][  0]LogConfig: Applying CVar settings from Section [EffectsQuality@3] File [C:/Users/Owner/storage/northumbria-university/my/uproject/StayCalm/Saved/Config/Windows/Scalability.ini]
[2024.04.16-13.10.41:939][  0]LogConfig: Setting CVar [[r.TranslucencyLightingVolumeDim:64]]
[2024.04.16-13.10.41:939][  0]LogConfig: Setting CVar [[r.RefractionQuality:2]]
[2024.04.16-13.10.41:939][  0]LogConfig: Setting CVar [[r.SSR.Quality:3]]
[2024.04.16-13.10.41:939][  0]LogConfig: Setting CVar [[r.SSR.HalfResSceneColor:0]]
[2024.04.16-13.10.41:939][  0]LogConfig: Setting CVar [[r.SceneColorFormat:4]]
[2024.04.16-13.10.41:939][  0]LogConfig: Setting CVar [[r.DetailMode:2]]
[2024.04.16-13.10.41:939][  0]LogConfig: Setting CVar [[r.TranslucencyVolumeBlur:1]]
[2024.04.16-13.10.41:939][  0]LogConfig: Setting CVar [[r.MaterialQualityLevel:1 ; High quality]]
[2024.04.16-13.10.41:939][  0]LogConfig: Setting CVar [[r.AnisotropicMaterials:1]]
[2024.04.16-13.10.41:939][  0]LogConfig: Setting CVar [[r.SSS.Scale:1]]
[2024.04.16-13.10.41:939][  0]LogConfig: Setting CVar [[r.SSS.SampleSet:2]]
[2024.04.16-13.10.41:939][  0]LogConfig: Setting CVar [[r.SSS.Quality:1]]
[2024.04.16-13.10.41:939][  0]LogConfig: Setting CVar [[r.SSS.HalfRes:0]]
[2024.04.16-13.10.41:939][  0]LogConfig: Setting CVar [[r.SSGI.Quality:3]]
[2024.04.16-13.10.41:939][  0]LogConfig: Setting CVar [[r.EmitterSpawnRateScale:1.0]]
[2024.04.16-13.10.41:939][  0]LogConfig: Setting CVar [[r.ParticleLightQuality:2]]
[2024.04.16-13.10.41:939][  0]LogConfig: Setting CVar [[r.SkyAtmosphere.AerialPerspectiveLUT.FastApplyOnOpaque:1 ; Always have FastSkyLUT 1 in this case to avoid wrong sky]]
[2024.04.16-13.10.41:939][  0]LogConfig: Setting CVar [[r.SkyAtmosphere.AerialPerspectiveLUT.SampleCountMaxPerSlice:4]]
[2024.04.16-13.10.41:939][  0]LogConfig: Setting CVar [[r.SkyAtmosphere.AerialPerspectiveLUT.DepthResolution:16.0]]
[2024.04.16-13.10.41:939][  0]LogConfig: Setting CVar [[r.SkyAtmosphere.FastSkyLUT:1]]
[2024.04.16-13.10.41:939][  0]LogConfig: Setting CVar [[r.SkyAtmosphere.FastSkyLUT.SampleCountMin:4.0]]
[2024.04.16-13.10.41:939][  0]LogConfig: Setting CVar [[r.SkyAtmosphere.FastSkyLUT.SampleCountMax:128.0]]
[2024.04.16-13.10.41:939][  0]LogConfig: Setting CVar [[r.SkyAtmosphere.SampleCountMin:4.0]]
[2024.04.16-13.10.41:939][  0]LogConfig: Setting CVar [[r.SkyAtmosphere.SampleCountMax:128.0]]
[2024.04.16-13.10.41:939][  0]LogConfig: Setting CVar [[r.SkyAtmosphere.TransmittanceLUT.UseSmallFormat:0]]
[2024.04.16-13.10.41:939][  0]LogConfig: Setting CVar [[r.SkyAtmosphere.TransmittanceLUT.SampleCount:10.0]]
[2024.04.16-13.10.41:939][  0]LogConfig: Setting CVar [[r.SkyAtmosphere.MultiScatteringLUT.SampleCount:15.0]]
[2024.04.16-13.10.41:939][  0]LogConfig: Setting CVar [[r.SkyLight.RealTimeReflectionCapture:1]]
[2024.04.16-13.10.41:939][  0]LogConfig: Applying CVar settings from Section [FoliageQuality@3] File [C:/Users/Owner/storage/northumbria-university/my/uproject/StayCalm/Saved/Config/Windows/Scalability.ini]
[2024.04.16-13.10.41:939][  0]LogConfig: Setting CVar [[foliage.DensityScale:1.0]]
[2024.04.16-13.10.41:939][  0]LogConfig: Setting CVar [[grass.DensityScale:1.0]]
[2024.04.16-13.10.41:939][  0]LogConfig: Applying CVar settings from Section [ShadingQuality@3] File [C:/Users/Owner/storage/northumbria-university/my/uproject/StayCalm/Saved/Config/Windows/Scalability.ini]
[2024.04.16-13.10.41:939][  0]LogConfig: Setting CVar [[r.HairStrands.SkyLighting.IntegrationType:2]]
[2024.04.16-13.10.41:939][  0]LogConfig: Setting CVar [[r.HairStrands.SkyAO.SampleCount:4]]
[2024.04.16-13.10.41:939][  0]LogConfig: Setting CVar [[r.HairStrands.Visibility.MSAA.SamplePerPixel:4]]
[2024.04.16-13.10.41:939][  0]LogConfig: Applying CVar settings from Section [Startup] File [../../../Engine/Config/ConsoleVariables.ini]
[2024.04.16-13.10.41:939][  0]LogConfig: Setting CVar [[net.UseAdaptiveNetUpdateFrequency:0]]
[2024.04.16-13.10.41:939][  0]LogConfig: Setting CVar [[p.chaos.AllowCreatePhysxBodies:1]]
[2024.04.16-13.10.41:939][  0]LogConfig: Setting CVar [[fx.SkipVectorVMBackendOptimizations:1]]
[2024.04.16-13.10.41:939][  0]LogConfig: Applying CVar settings from Section [ConsoleVariables] File [C:/Users/Owner/storage/northumbria-university/my/uproject/StayCalm/Saved/Config/Windows/Engine.ini]
[2024.04.16-13.10.41:939][  0]LogConfig: Applying CVar settings from Section [ConsoleVariables] File [C:/Users/Owner/storage/northumbria-university/my/uproject/StayCalm/Saved/Config/Windows/Editor.ini]
[2024.04.16-13.10.41:939][  0]LogInit: Computer: DESKTOP-OFM8J10
[2024.04.16-13.10.41:939][  0]LogInit: User: Owner
[2024.04.16-13.10.41:939][  0]LogInit: CPU Page size=4096, Cores=8
[2024.04.16-13.10.41:939][  0]LogInit: High frequency timer resolution =10.000000 MHz
[2024.04.16-13.10.41:939][  0]LogMemory: Memory total: Physical=15.9GB (16GB approx)
[2024.04.16-13.10.41:939][  0]LogMemory: Platform Memory Stats for Windows
[2024.04.16-13.10.41:939][  0]LogMemory: Process Physical Memory: 148.95 MB used, 148.95 MB peak
[2024.04.16-13.10.41:939][  0]LogMemory: Process Virtual Memory: 131.25 MB used, 131.25 MB peak
[2024.04.16-13.10.41:939][  0]LogMemory: Physical Memory: 6560.32 MB used,  9692.94 MB free, 16253.25 MB total
[2024.04.16-13.10.41:939][  0]LogMemory: Virtual Memory: 134204536.00 MB used,  13190.90 MB free, 134217728.00 MB total
[2024.04.16-13.10.41:943][  0]LogWindows: WindowsPlatformFeatures enabled
[2024.04.16-13.10.41:967][  0]LogInit: Physics initialised using underlying interface: PhysX
[2024.04.16-13.10.41:968][  0]LogInit: Using OS detected language (en-GB).
[2024.04.16-13.10.41:968][  0]LogInit: Using OS detected locale (en-GB).
[2024.04.16-13.10.41:970][  0]LogTextLocalizationManager: No specific localization for 'en-GB' exists, so the 'en' localization will be used.
[2024.04.16-13.10.42:079][  0]LogInit: Setting process to per monitor DPI aware
[2024.04.16-13.10.42:091][  0]LogWindowsTextInputMethodSystem: Display: IME system deactivated.
[2024.04.16-13.10.42:098][  0]LogSlate: New Slate User Created.  User Index 0, Is Virtual User: 0
[2024.04.16-13.10.42:098][  0]LogSlate: Slate User Registered.  User Index 0, Is Virtual User: 0
[2024.04.16-13.10.42:169][  0]LogD3D11RHI: Loaded GFSDK_Aftermath_Lib.x64.dll
[2024.04.16-13.10.42:172][  0]LogHMD: Failed to initialize OpenVR with code 110
[2024.04.16-13.10.42:172][  0]LogD3D11RHI: D3D11 min allowed feature level: 11_0
[2024.04.16-13.10.42:172][  0]LogD3D11RHI: D3D11 max allowed feature level: 11_0
[2024.04.16-13.10.42:172][  0]LogD3D11RHI: D3D11 adapters:
[2024.04.16-13.10.42:259][  0]LogD3D11RHI:    0. 'NVIDIA GeForce RTX 3070' (Feature Level 11_0)
[2024.04.16-13.10.42:259][  0]LogD3D11RHI:       8032/0/8126 MB DedicatedVideo/DedicatedSystem/SharedSystem, Outputs:1, VendorId:0x10de
[2024.04.16-13.10.42:260][  0]LogD3D11RHI:    1. 'Microsoft Basic Render Driver' (Feature Level 11_0)
[2024.04.16-13.10.42:260][  0]LogD3D11RHI:       0/0/8126 MB DedicatedVideo/DedicatedSystem/SharedSystem, Outputs:0, VendorId:0x1414
[2024.04.16-13.10.42:260][  0]LogD3D11RHI: Chosen D3D11 Adapter:
[2024.04.16-13.10.42:260][  0]LogD3D11RHI:     Description : NVIDIA GeForce RTX 3070
[2024.04.16-13.10.42:260][  0]LogD3D11RHI:     VendorId    : 10de
[2024.04.16-13.10.42:260][  0]LogD3D11RHI:     DeviceId    : 2488
[2024.04.16-13.10.42:260][  0]LogD3D11RHI:     SubSysId    : 39091462
[2024.04.16-13.10.42:260][  0]LogD3D11RHI:     Revision    : 00a1
[2024.04.16-13.10.42:260][  0]LogD3D11RHI:     DedicatedVideoMemory : 8422162432 bytes
[2024.04.16-13.10.42:260][  0]LogD3D11RHI:     DedicatedSystemMemory : 0 bytes
[2024.04.16-13.10.42:260][  0]LogD3D11RHI:     SharedSystemMemory : 8521385984 bytes
[2024.04.16-13.10.42:260][  0]LogD3D11RHI:     AdapterLuid : 0 61364
[2024.04.16-13.10.42:263][  0]LogD3D11RHI: Creating new Direct3DDevice
[2024.04.16-13.10.42:263][  0]LogD3D11RHI:     GPU DeviceId: 0x2488 (for the marketing name, search the web for "GPU Device Id")
[2024.04.16-13.10.42:263][  0]LogWindows: EnumDisplayDevices:
[2024.04.16-13.10.42:263][  0]LogWindows:    0. 'NVIDIA GeForce RTX 3070' (P:1 D:1)
[2024.04.16-13.10.42:264][  0]LogWindows:    1. 'NVIDIA GeForce RTX 3070' (P:0 D:0)
[2024.04.16-13.10.42:264][  0]LogWindows:    2. 'NVIDIA GeForce RTX 3070' (P:0 D:0)
[2024.04.16-13.10.42:264][  0]LogWindows:    3. 'NVIDIA GeForce RTX 3070' (P:0 D:0)
[2024.04.16-13.10.42:264][  0]LogWindows: DebugString: FoundDriverCount:4 
[2024.04.16-13.10.42:264][  0]LogD3D11RHI:     Adapter Name: NVIDIA GeForce RTX 3070
[2024.04.16-13.10.42:264][  0]LogD3D11RHI:   Driver Version: 535.98 (internal:31.0.15.3598, unified:535.98)
[2024.04.16-13.10.42:264][  0]LogD3D11RHI:      Driver Date: 5-24-2023
[2024.04.16-13.10.42:264][  0]LogRHI: Texture pool is 5622 MB (70% of 8032 MB)
[2024.04.16-13.10.42:264][  0]LogD3D11RHI: Creating D3DDevice using adapter:
[2024.04.16-13.10.42:264][  0]LogD3D11RHI:     Description : NVIDIA GeForce RTX 3070
[2024.04.16-13.10.42:264][  0]LogD3D11RHI:     VendorId    : 10de
[2024.04.16-13.10.42:264][  0]LogD3D11RHI:     DeviceId    : 2488
[2024.04.16-13.10.42:264][  0]LogD3D11RHI:     SubSysId    : 39091462
[2024.04.16-13.10.42:264][  0]LogD3D11RHI:     Revision    : 00a1
[2024.04.16-13.10.42:264][  0]LogD3D11RHI:     DedicatedVideoMemory : 8422162432 bytes
[2024.04.16-13.10.42:264][  0]LogD3D11RHI:     DedicatedSystemMemory : 0 bytes
[2024.04.16-13.10.42:264][  0]LogD3D11RHI:     SharedSystemMemory : 8521385984 bytes
[2024.04.16-13.10.42:264][  0]LogD3D11RHI:     AdapterLuid : 0 61364
[2024.04.16-13.10.42:320][  0]LogD3D11RHI: RHI has support for 64 bit atomics
[2024.04.16-13.10.42:320][  0]LogD3D11RHI: Async texture creation enabled
[2024.04.16-13.10.42:320][  0]LogD3D11RHI: Array index from any shader is supported
[2024.04.16-13.10.42:352][  0]LogD3D11RHI: GPU Timing Frequency: 1000.000000 (Debug: 2 2)
[2024.04.16-13.10.42:369][  0]LogRHI: GeForceNow SDK initialized: 1
[2024.04.16-13.10.42:563][  0]LogTargetPlatformManager: Display: Loaded TargetPlatform 'AllDesktop'
[2024.04.16-13.10.42:576][  0]LogTargetPlatformManager: Display: Loaded TargetPlatform 'Android'
[2024.04.16-13.10.42:576][  0]LogTargetPlatformManager: Display: Loaded TargetPlatform 'Android_ASTC'
[2024.04.16-13.10.42:576][  0]LogTargetPlatformManager: Display: Loaded TargetPlatform 'Android_DXT'
[2024.04.16-13.10.42:576][  0]LogTargetPlatformManager: Display: Loaded TargetPlatform 'Android_ETC2'
[2024.04.16-13.10.42:576][  0]LogTargetPlatformManager: Display: Loaded TargetPlatform 'AndroidClient'
[2024.04.16-13.10.42:576][  0]LogTargetPlatformManager: Display: Loaded TargetPlatform 'Android_ASTCClient'
[2024.04.16-13.10.42:576][  0]LogTargetPlatformManager: Display: Loaded TargetPlatform 'Android_DXTClient'
[2024.04.16-13.10.42:576][  0]LogTargetPlatformManager: Display: Loaded TargetPlatform 'Android_ETC2Client'
[2024.04.16-13.10.42:576][  0]LogTargetPlatformManager: Display: Loaded TargetPlatform 'Android_Multi'
[2024.04.16-13.10.42:576][  0]LogTargetPlatformManager: Display: Loaded TargetPlatform 'Android_MultiClient'
[2024.04.16-13.10.42:589][  0]LogTargetPlatformManager: Display: Loaded TargetPlatform 'IOSClient'
[2024.04.16-13.10.42:589][  0]LogTargetPlatformManager: Display: Loaded TargetPlatform 'IOS'
[2024.04.16-13.10.42:595][  0]LogTargetPlatformManager: Display: Loaded TargetPlatform 'Linux'
[2024.04.16-13.10.42:598][  0]LogTargetPlatformManager: Display: Loaded TargetPlatform 'LinuxNoEditor'
[2024.04.16-13.10.42:601][  0]LogTargetPlatformManager: Display: Loaded TargetPlatform 'LinuxClient'
[2024.04.16-13.10.42:604][  0]LogTargetPlatformManager: Display: Loaded TargetPlatform 'LinuxServer'
[2024.04.16-13.10.42:610][  0]LogTargetPlatformManager: Display: Loaded TargetPlatform 'LinuxAArch64NoEditor'
[2024.04.16-13.10.42:613][  0]LogTargetPlatformManager: Display: Loaded TargetPlatform 'LinuxAArch64Client'
[2024.04.16-13.10.42:616][  0]LogTargetPlatformManager: Display: Loaded TargetPlatform 'LinuxAArch64Server'
[2024.04.16-13.10.42:630][  0]LogTargetPlatformManager: Display: Loaded TargetPlatform 'Lumin'
[2024.04.16-13.10.42:630][  0]LogTargetPlatformManager: Display: Loaded TargetPlatform 'LuminClient'
[2024.04.16-13.10.42:636][  0]LogTargetPlatformManager: Display: Loaded TargetPlatform 'MacNoEditor'
[2024.04.16-13.10.42:639][  0]LogTargetPlatformManager: Display: Loaded TargetPlatform 'Mac'
[2024.04.16-13.10.42:642][  0]LogTargetPlatformManager: Display: Loaded TargetPlatform 'MacClient'
[2024.04.16-13.10.42:645][  0]LogTargetPlatformManager: Display: Loaded TargetPlatform 'MacServer'
[2024.04.16-13.10.42:651][  0]LogTargetPlatformManager: Display: Loaded TargetPlatform 'TVOSClient'
[2024.04.16-13.10.42:651][  0]LogTargetPlatformManager: Display: Loaded TargetPlatform 'TVOS'
[2024.04.16-13.10.42:656][  0]LogTargetPlatformManager: Display: Loaded TargetPlatform 'WindowsNoEditor'
[2024.04.16-13.10.42:659][  0]LogTargetPlatformManager: Display: Loaded TargetPlatform 'Windows'
[2024.04.16-13.10.42:662][  0]LogTargetPlatformManager: Display: Loaded TargetPlatform 'WindowsClient'
[2024.04.16-13.10.42:665][  0]LogTargetPlatformManager: Display: Loaded TargetPlatform 'WindowsServer'
[2024.04.16-13.10.42:665][  0]LogTargetPlatformManager: Display: Building Assets For Windows
[2024.04.16-13.10.42:670][  0]LogAudioDebug: Display: Lib vorbis DLL was dynamically loaded.
[2024.04.16-13.10.42:690][  0]LogTextureFormatOodle: Display: Oodle Texture 2.9.0 init RDO Off
[2024.04.16-13.10.42:710][  0]LogRendererCore: Ray tracing is disabled. Reason: r.RayTracing=0.
[2024.04.16-13.10.42:710][  0]LogShaderCompilers: Guid format shader working directory is -35 characters bigger than the processId version (../../../../../../Users/Owner/storage/northumbria-university/my/uproject/StayCalm/Intermediate/Shaders/WorkingDirectory/3120/).
[2024.04.16-13.10.42:710][  0]LogShaderCompilers: Cleaned the shader compiler working directory 'C:/Users/Owner/AppData/Local/Temp/UnrealShaderWorkingDir/D640E076494E8A13363DCEB2459EB440/'.
[2024.04.16-13.10.42:710][  0]LogXGEController: Cannot use XGE Controller as Incredibuild is not installed on this machine.
[2024.04.16-13.10.42:710][  0]LogShaderCompilers: Cannot use XGE Shader Compiler as Incredibuild is not installed on this machine.
[2024.04.16-13.10.42:710][  0]LogShaderCompilers: Display: Using Local Shader Compiler.
[2024.04.16-13.10.43:215][  0]LogDerivedDataCache: Display: Max Cache Size: 512 MB
[2024.04.16-13.10.43:251][  0]LogDerivedDataCache: Loaded boot cache 0.04s 94MB C:/Users/Owner/AppData/Local/UnrealEngine/4.27/DerivedDataCache/Boot.ddc.
[2024.04.16-13.10.43:251][  0]LogDerivedDataCache: Display: Loaded Boot cache: C:/Users/Owner/AppData/Local/UnrealEngine/4.27/DerivedDataCache/Boot.ddc
[2024.04.16-13.10.43:251][  0]LogDerivedDataCache: FDerivedDataBackendGraph:  Pak pak cache file ../../../../../../Users/Owner/storage/northumbria-university/my/uproject/StayCalm/DerivedDataCache/DDC.ddp not found, will not use a pak cache.
[2024.04.16-13.10.43:251][  0]LogDerivedDataCache: Unable to find inner node Pak for hierarchical cache Hierarchy.
[2024.04.16-13.10.43:251][  0]LogDerivedDataCache: FDerivedDataBackendGraph:  CompressedPak pak cache file ../../../../../../Users/Owner/storage/northumbria-university/my/uproject/StayCalm/DerivedDataCache/Compressed.ddp not found, will not use a pak cache.
[2024.04.16-13.10.43:251][  0]LogDerivedDataCache: Unable to find inner node CompressedPak for hierarchical cache Hierarchy.
[2024.04.16-13.10.43:263][  0]LogDerivedDataCache: Display: Pak cache opened for reading ../../../Engine/DerivedDataCache/Compressed.ddp.
[2024.04.16-13.10.43:263][  0]LogDerivedDataCache: FDerivedDataBackendGraph:  EnterprisePak pak cache file ../../../Enterprise/DerivedDataCache/Compressed.ddp not found, will not use a pak cache.
[2024.04.16-13.10.43:263][  0]LogDerivedDataCache: Unable to find inner node EnterprisePak for hierarchical cache Hierarchy.
[2024.04.16-13.10.43:267][  0]LogDerivedDataCache: Speed tests for C:/Users/Owner/AppData/Local/UnrealEngine/Common/DerivedDataCache took 0.00 seconds
[2024.04.16-13.10.43:267][  0]LogDerivedDataCache: Display: Performance to C:/Users/Owner/AppData/Local/UnrealEngine/Common/DerivedDataCache: Latency=0.02ms. RandomReadSpeed=2107.18MBs, RandomWriteSpeed=365.57MBs. Assigned SpeedClass 'Local'
[2024.04.16-13.10.43:267][  0]LogDerivedDataCache: Using Local data cache path C:/Users/Owner/AppData/Local/UnrealEngine/Common/DerivedDataCache: Writable
[2024.04.16-13.10.43:267][  0]LogDerivedDataCache: Shared data cache path not found in *engine.ini, will not use an Shared cache.
[2024.04.16-13.10.43:267][  0]LogDerivedDataCache: Unable to find inner node Shared for hierarchical cache Hierarchy.
[2024.04.16-13.10.43:300][  0]LogSlate: Using FreeType 2.10.0
[2024.04.16-13.10.43:300][  0]LogSlate: SlateFontServices - WITH_FREETYPE: 1, WITH_HARFBUZZ: 1
[2024.04.16-13.10.43:318][  0]LogAssetRegistry: FAssetRegistry took 0.0016 seconds to start up
[2024.04.16-13.10.43:322][  0]LogWindows: Windows GetLastError: The operation completed successfully. (0)
[2024.04.16-13.10.43:475][  0]LogInit: Selected Device Profile: [Windows]
[2024.04.16-13.10.43:475][  0]LogInit: Active device profile: [0000025197FC1100][00000251913343C0 49] Windows
[2024.04.16-13.10.43:475][  0]LogInit: Profiles: [0000025197FC1100][00000251913343C0 49] Windows, [0000025197F9E500][000002519133C540 49] WindowsNoEditor, [0000025197FC2200][00000251913406C0 49] WindowsServer, [0000025197F9D700][0000025190F02840 49] WindowsClient, [0000025197FC1700][0000025191338980 49] IOS, [0000025197F9E700][0000025190F06AC0 49] iPadAir, [0000025197FC3C00][0000025190F0AC00 49] iPadAir2, [0000025197F45400][0000025190F16E80 49] IPadPro, [0000025197F45500][0000025190F0EEC0 49] iPadAir3, [0000025197F9F800][0000025190F1B040 49] iPadAir4, [0000025197F46300][0000025193B911C0 49] iPadMini2, [0000025197F9EF00][0000025193B95340 49] iPadMini3, [0000025197F46F00][0000025193B994C0 49] iPadMini4, [0000025197F9DC00][0000025193B9D640 49] iPadMini5, [0000025197F71000][0000025193BA5900 49] iPhone6, [0000025197F71100][0000025193BA1940 49] iPodTouch6, [0000025197FC3900][0000025193BADC00 49] iPhone7, [0000025197FC2900][0000025193BA80C0 49] iPodTouch7, [0000025197F45000][0000025193BB0240 49] iPhone5S, [0000025197FC2F00][0000025193BB43C0 49] iPhone6Plus, [0000025197F47600][0000025193BB8540 49] iPhone6S, [0000025197FC0C00][0000025193BBC6C0 49] iPhone6SPlus, [0000025197FC1D00][0000025193BC0840 49] iPhone7Plus, [0000025197F70800][0000025193BC49C0 49] iPhoneSE, [0000025197FC0400][0000025193BC8B40 49] iPhone8, [0000025197F70900][0000025190F12C80 49] iPhone8Plus, [0000025197F72E00][0000025193BCCDC0 49] iPhoneX, [0000025197F45D00][0000025193BD0F00 49] iPhoneXS, [0000025197F72700][0000025193BD9080 49] iPhoneXSMax, [0000025197F45C00][0000025193BDD200 49] iPhoneXR, [0000025197F72800][0000025193BE1380 49] iPhone11, [0000025197F44F00][0000025193BE5500 49] iPhone11Pro, [0000025197F70B00][0000025193BE9680 49] iPhone11ProMax, [0000025197F44D00][0000025193BED800 49] iPhoneSE2, [0000025197F70E00][0000025193BF1980 49] iPhone12Mini, [0000025197FC3800][0000025193BF5B00 49] iPhone12, [0000025197F73000][0000025193BF8100 49] iPhone12Pro, [0000025197FC3700][0000025193BFC280 49] iPhone12ProMax, [0000025197F71E00][0000025193C00400 49] iPadPro105, [0000025197FC1300][0000025193C04580 49] iPadPro129, [0000025197F73E00][0000025193C08700 49] iPadPro97, [0000025197FC1C00][0000025193C0C880 49] iPadPro2_129, [0000025197F72000][0000025198220A00 49] iPad5, [0000025197FC2300][0000025198224B80 49] iPad6, [0000025197F73B00][0000025198228D00 49] iPad7, [0000025197FC1E00][0000025193BD4E40 49] iPad8, [0000025197F70A00][000002519822CF80 49] iPadPro11, [0000025197FC2600][00000251982310C0 49] iPadPro2_11, [0000025197F70F00][0000025198239240 49] iPadPro3_129, [0000025197FC2800][000002519823D3C0 49] iPadPro4_129, [0000025197F73C00][0000025198241540 49] AppleTV, [0000025197FC1A00][00000251982456C0 49] AppleTV4K, [0000025197F72600][0000025198249840 49] TVOS, [0000025197FC2100][000002519824D9C0 49] Mac, [0000025197F72F00][0000025198251B40 49] MacClient, [0000025197FC2A00][0000025198254140 49] MacNoEditor, [0000025197F72C00][00000251982582C0 49] MacServer, [0000025197FC3000][000002519825C440 49] Linux, [0000025197F70400][00000251982605C0 49] LinuxAArch64, [0000025197FC0700][0000025198264740 49] LinuxNoEditor, [0000025197F73700][00000251982688C0 49] LinuxAArch64NoEditor, [0000025197FC3B00][000002519826CA40 49] LinuxClient, [0000025197F73400][0000025198270BC0 49] LinuxAArch64Client, [0000025197FC3E00][0000025198274D40 49] LinuxServer, [0000025197F70700][0000025198278EC0 49] LinuxAArch64Server, [0000025197FC1F00][0000025198235000 49] Android, [0000025197F72A00][000002519827D140 49] Android_Low, [0000025197FC2D00][0000025198281280 49] Android_Mid, [0000025197F71F00][00000251982853C0 49] Android_High, [0000025197FC2B00][000002519828D540 49] Android_Default, [0000025197F70100][00000251982916C0 49] Android_Adreno4xx, [0000025197FC0500][0000025198295840 49] Android_Adreno5xx_Low, [0000025197F71400][00000251982999C0 49] Android_Adreno5xx, [0000025197FC3400][000002519829DB40 49] Android_Adreno6xx, [0000025197F72300][00000251982A0140 49] Android_Adreno6xx_Vulkan, [0000025197FC3D00][00000251982A42C0 49] Android_Mali_T6xx, [0000025197F70200][00000251982A8440 49] Android_Mali_T7xx, [0000025197FC3600][00000251982AC5C0 49] Android_Mali_T8xx, [0000025197F73200][00000251982B0740 49] Android_Mali_G71, [0000025197F47100][00000251982B48C0 49] Android_Mali_G72, [0000025197F9ED00][00000251982B8A40 49] Android_Mali_G72_Vulkan, [0000025197F46B00][00000251982BCBC0 49] Android_Mali_G76, [0000025197F9C500][00000251982C0D40 49] Android_Mali_G76_Vulkan, [0000025197F44C00][00000251982C4EC0 49] Android_Mali_G77, [0000025197F9C600][00000251982C9040 49] Android_Mali_G77_Vulkan, [0000025197F46400][0000025198289180 49] Android_Mali_G78, [0000025197F9CD00][00000251982CD2C0 49] Android_Mali_G78_Vulkan, [0000025197F47D00][00000251982D1400 49] Android_Mali_G710, [0000025197F9E900][00000251982D5540 49] Android_Mali_G710_Vulkan, [0000025197F46A00][00000251982DD6C0 49] Android_Vulkan_SM5, [0000025197F9D800][00000251982E1840 49] Android_PowerVR_G6xxx, [0000025197F44500][00000251982E59C0 49] Android_PowerVR_GT7xxx, [0000025197F9C200][00000251982E9B40 49] Android_PowerVR_GE8xxx, [0000025197F47B00][00000251982EC140 49] Android_PowerVR_GM9xxx, [0000025197F9DF00][00000251982F02C0 49] Android_PowerVR_GM9xxx_Vulkan, [0000025197F45F00][00000251982F4440 49] Android_TegraK1, [0000025197F9CA00][00000251982F85C0 49] Android_Unknown_Vulkan, [0000025197F47900][00000251982FC740 49] Lumin, [0000025197F9D100][00000251983008C0 49] Lumin_Desktop, [0000025197F46000][0000025198304A40 49] HoloLens, 
[2024.04.16-13.10.43:719][  0]LogMeshReduction: Using QuadricMeshReduction for automatic static mesh reduction
[2024.04.16-13.10.43:719][  0]LogMeshReduction: Using SimplygonMeshReduction for automatic skeletal mesh reduction
[2024.04.16-13.10.43:719][  0]LogMeshReduction: Using ProxyLODMeshReduction for automatic mesh merging
[2024.04.16-13.10.43:719][  0]LogMeshReduction: No distributed automatic mesh merging module available
[2024.04.16-13.10.43:719][  0]LogMeshMerging: No distributed automatic mesh merging module available
[2024.04.16-13.10.43:730][  0]LogNetVersion: StayCalm 1.0.0, NetCL: 17155196, EngineNetVer: 17, GameNetVer: 0 (Checksum: 1719702328)
[2024.04.16-13.10.43:863][  0]LogThreadingWindows: Error: Runnable thread FAssetDataGatherer crashed.
[2024.04.16-13.10.43:863][  0]LogWindows: Error: === Critical error: ===
[2024.04.16-13.10.43:863][  0]LogWindows: Error: 
[2024.04.16-13.10.43:863][  0]LogWindows: Error: Assertion failed: NumBytes == Strings.Num() [File:D:/Build/++UE4/Sync/Engine/Source/Runtime/Core/Private/UObject/UnrealNames.cpp] [Line: 3336] 
[2024.04.16-13.10.43:863][  0]LogWindows: Error: 
[2024.04.16-13.10.43:863][  0]LogWindows: Error: 
[2024.04.16-13.10.43:863][  0]LogWindows: Error: 
[2024.04.16-13.10.43:863][  0]LogWindows: Error: [Callstack] 0x00007ff9234d53ac KERNELBASE.dll!UnknownFunction []
[2024.04.16-13.10.43:863][  0]LogWindows: Error: [Callstack] 0x00007ff8b8ba0216 UE4Editor-Core.dll!UnknownFunction []
[2024.04.16-13.10.43:863][  0]LogWindows: Error: [Callstack] 0x00007ff8b8ba4218 UE4Editor-Core.dll!UnknownFunction []
[2024.04.16-13.10.43:863][  0]LogWindows: Error: [Callstack] 0x00007ff8b88c242d UE4Editor-Core.dll!UnknownFunction []
[2024.04.16-13.10.43:863][  0]LogWindows: Error: [Callstack] 0x00007ff8b8816a45 UE4Editor-Core.dll!UnknownFunction []
[2024.04.16-13.10.43:863][  0]LogWindows: Error: [Callstack] 0x00007ff8b88180a0 UE4Editor-Core.dll!UnknownFunction []
[2024.04.16-13.10.43:863][  0]LogWindows: Error: [Callstack] 0x00007ff8b8b9d549 UE4Editor-Core.dll!UnknownFunction []
[2024.04.16-13.10.43:863][  0]LogWindows: Error: [Callstack] 0x00007ff8b8b9c347 UE4Editor-Core.dll!UnknownFunction []
[2024.04.16-13.10.43:863][  0]LogWindows: Error: [Callstack] 0x00007ff8b8b9cbd8 UE4Editor-Core.dll!UnknownFunction []
[2024.04.16-13.10.43:863][  0]LogWindows: Error: [Callstack] 0x00007ff8b0c287a4 UE4Editor-AssetRegistry.dll!UnknownFunction []
[2024.04.16-13.10.43:863][  0]LogWindows: Error: [Callstack] 0x00007ff8b0c7fb46 UE4Editor-AssetRegistry.dll!UnknownFunction []
[2024.04.16-13.10.43:863][  0]LogWindows: Error: [Callstack] 0x00007ff8b8bbff0b UE4Editor-Core.dll!UnknownFunction []
[2024.04.16-13.10.43:863][  0]LogWindows: Error: [Callstack] 0x00007ff8b8bb7050 UE4Editor-Core.dll!UnknownFunction []
[2024.04.16-13.10.43:863][  0]LogWindows: Error: [Callstack] 0x00007ff924c3257d KERNEL32.DLL!UnknownFunction []
[2024.04.16-13.10.43:863][  0]LogWindows: Error: [Callstack] 0x00007ff925ceaa48 ntdll.dll!UnknownFunction []
[2024.04.16-13.10.43:863][  0]LogWindows: Error: 
[2024.04.16-13.10.43:863][  0]LogWindows: Error: Crash in runnable thread FAssetDataGatherer
[2024.04.16-13.10.43:875][  0]LogExit: Executing StaticShutdownAfterError
[2024.04.16-13.10.43:875][  0]LogWindows: FPlatformMisc::RequestExit(1)
[2024.04.16-13.10.43:875][  0]LogWindows: FPlatformMisc::RequestExitWithStatus(1, 3)
[2024.04.16-13.10.43:875][  0]LogCore: Engine exit requested (reason: Win RequestExit)
[2024.04.16-13.10.43:885][  0]Log file closed, 04/16/24 14:10:43
