Log file open, 04/16/24 14:06:41
LogWindows: Failed to load 'aqProf.dll' (GetLastError=126)
LogWindows: File 'aqProf.dll' does not exist
LogWindows: Failed to load 'VtuneApi.dll' (GetLastError=126)
LogWindows: File 'VtuneApi.dll' does not exist
LogWindows: Failed to load 'VtuneApi32e.dll' (GetLastError=126)
LogWindows: File 'VtuneApi32e.dll' does not exist
LogConsoleResponse: Display: Failed to find resolution value strings in scalability ini. Falling back to default.
LogConsoleResponse: Display: Failed to find resolution value strings in scalability ini. Falling back to default.
LogInit: Display: Running engine for game: StayCalm
LogPlatformFile: Not using cached read wrapper
LogTaskGraph: Started task graph with 5 named threads and 47 total threads with 3 sets of task threads.
LogStats: Stats thread started at 0.174022
LogICUInternationalization: ICU TimeZone Detection - Raw Offset: +0:00, Platform Override: ''
LogInit: Display: Loading text-based GConfig....
LogPluginManager: Mounting plugin MeshPainting
LogPluginManager: Mounting plugin XGEController
LogPluginManager: Mounting plugin Paper2D
LogPluginManager: Mounting plugin AISupport
LogPluginManager: Mounting plugin EnvironmentQueryEditor
LogPluginManager: Mounting plugin LiveLink
LogPluginManager: Mounting plugin LightPropagationVolume
LogPluginManager: Mounting plugin GameplayCameras
LogPluginManager: Mounting plugin CameraShakePreviewer
LogPluginManager: Mounting plugin OodleNetwork
LogPluginManager: Mounting plugin OodleData
LogPluginManager: Mounting plugin AssetManagerEditor
LogPluginManager: Mounting plugin CLionSourceCodeAccess
LogPluginManager: Mounting plugin CurveEditorTools
LogPluginManager: Mounting plugin CryptoKeys
LogPluginManager: Mounting plugin AnimationSharing
LogPluginManager: Mounting plugin CodeLiteSourceCodeAccess
LogPluginManager: Mounting plugin DataValidation
LogPluginManager: Mounting plugin GitSourceControl
LogPluginManager: Mounting plugin KDevelopSourceCodeAccess
LogPluginManager: Mounting plugin FacialAnimation
LogPluginManager: Mounting plugin GameplayTagsEditor
LogPluginManager: Mounting plugin NullSourceCodeAccess
LogPluginManager: Mounting plugin PerforceSourceControl
LogPluginManager: Mounting plugin PlasticSourceControl
LogPluginManager: Mounting plugin PropertyAccessNode
LogPluginManager: Mounting plugin PixWinPlugin
LogPluginManager: Mounting plugin MacGraphicsSwitching
LogPluginManager: Mounting plugin MaterialAnalyzer
LogPluginManager: Mounting plugin PluginUtils
LogPluginManager: Mounting plugin MobileLauncherProfileWizard
LogPluginManager: Mounting plugin PluginBrowser
LogPluginManager: Mounting plugin SpeedTreeImporter
LogPluginManager: Mounting plugin GeometryMode
LogPluginManager: Mounting plugin DatasmithContent
LogPluginManager: Mounting plugin VariantManagerContent
LogPluginManager: Mounting plugin TextureFormatOodle
LogPluginManager: Mounting plugin SubversionSourceControl
LogPluginManager: Mounting plugin RiderSourceCodeAccess
LogPluginManager: Mounting plugin UObjectPlugin
LogPluginManager: Mounting plugin VisualStudioCodeSourceCodeAccess
LogPluginManager: Mounting plugin VisualStudioSourceCodeAccess
LogPluginManager: Mounting plugin BackChannel
LogPluginManager: Mounting plugin ChaosCloth
LogPluginManager: Mounting plugin XCodeSourceCodeAccess
LogPluginManager: Mounting plugin ChaosClothEditor
LogPluginManager: Mounting plugin AlembicImporter
LogPluginManager: Mounting plugin AutomationUtils
LogPluginManager: Mounting plugin ChaosEditor
LogPluginManager: Mounting plugin ChaosNiagara
LogPluginManager: Mounting plugin CharacterAI
LogPluginManager: Mounting plugin ChaosSolverPlugin
LogPluginManager: Mounting plugin GeometryCollectionPlugin
LogPluginManager: Mounting plugin GeometryCache
LogPluginManager: Mounting plugin GeometryProcessing
LogPluginManager: Mounting plugin MotoSynth
LogPluginManager: Mounting plugin OpenImageDenoise
LogPluginManager: Mounting plugin PlatformCrypto
LogPluginManager: Mounting plugin PlanarCut
LogPluginManager: Mounting plugin ProxyLODPlugin
LogPluginManager: Mounting plugin PythonScriptPlugin
LogPluginManager: Mounting plugin LuminPlatformFeatures
LogPluginManager: Mounting plugin MagicLeap
LogPluginManager: Mounting plugin MagicLeapLightEstimation
LogPluginManager: Mounting plugin MagicLeapMedia
LogPluginManager: Mounting plugin MagicLeapPassableWorld
LogPluginManager: Mounting plugin MLSDK
LogPluginManager: Mounting plugin SkeletalReduction
LogPluginManager: Mounting plugin Niagara
LogPluginManager: Mounting plugin AndroidMedia
LogPluginManager: Mounting plugin AvfMedia
LogPluginManager: Mounting plugin ImgMedia
LogPluginManager: Mounting plugin MediaCompositing
LogPluginManager: Mounting plugin MediaPlayerEditor
LogPluginManager: Mounting plugin WmfMedia
LogPluginManager: Mounting plugin UdpMessaging
LogPluginManager: Mounting plugin TcpMessaging
LogPluginManager: Mounting plugin WebMMedia
LogPluginManager: Mounting plugin ActorSequence
LogPluginManager: Mounting plugin TcpSocketPlugin
LogPluginManager: Mounting plugin LevelSequenceEditor
LogPluginManager: Mounting plugin MatineeToLevelSequence
LogPluginManager: Mounting plugin OnlineSubsystem
LogPluginManager: Mounting plugin LauncherChunkInstaller
LogPluginManager: Mounting plugin OnlineSubsystemNull
LogPluginManager: Mounting plugin OnlineSubsystemUtils
LogPluginManager: Mounting plugin TemplateSequence
LogPluginManager: Mounting plugin ActorLayerUtilities
LogPluginManager: Mounting plugin AndroidPermission
LogPluginManager: Mounting plugin AndroidDeviceProfileSelector
LogPluginManager: Mounting plugin AndroidMoviePlayer
LogPluginManager: Mounting plugin AppleImageUtils
LogPluginManager: Mounting plugin AppleMoviePlayer
LogPluginManager: Mounting plugin AssetTags
LogPluginManager: Mounting plugin ArchVisCharacter
LogPluginManager: Mounting plugin AudioSynesthesia
LogPluginManager: Mounting plugin AudioCapture
LogPluginManager: Mounting plugin CableComponent
LogPluginManager: Mounting plugin ChunkDownloader
LogPluginManager: Mounting plugin EditableMesh
LogPluginManager: Mounting plugin CustomMeshComponent
LogPluginManager: Mounting plugin GoogleCloudMessaging
LogPluginManager: Mounting plugin ExampleDeviceProfileSelector
LogPluginManager: Mounting plugin GooglePAD
LogPluginManager: Mounting plugin ScreenshotTools
LogPluginManager: Mounting plugin IOSDeviceProfileSelector
LogPluginManager: Mounting plugin LinuxDeviceProfileSelector
LogPluginManager: Mounting plugin LocationServicesBPLibrary
LogPluginManager: Mounting plugin MobilePatchingUtils
LogPluginManager: Mounting plugin OpenXR
LogPluginManager: Mounting plugin OpenXREyeTracker
LogPluginManager: Mounting plugin OpenXRHandTracking
LogPluginManager: Mounting plugin PhysXVehicles
LogPluginManager: Mounting plugin PropertyAccessEditor
LogPluginManager: Mounting plugin ProceduralMeshComponent
LogPluginManager: Mounting plugin PostSplashScreen
LogPluginManager: Mounting plugin RuntimePhysXCooking
LogPluginManager: Mounting plugin SignificanceManager
LogPluginManager: Mounting plugin SoundFields
LogPluginManager: Mounting plugin Synthesis
LogPluginManager: Mounting plugin WebMMoviePlayer
LogPluginManager: Mounting plugin WindowsMoviePlayer
LogPluginManager: Mounting plugin Takes
LogPluginManager: Mounting plugin ContentBrowserAssetDataSource
LogPluginManager: Mounting plugin ContentBrowserFileDataSource
LogPluginManager: Mounting plugin ContentBrowserClassDataSource
LogPluginManager: Mounting plugin OnlineSubsystemGooglePlay
LogPluginManager: Mounting plugin OnlineSubsystemIOS
LogPluginManager: Mounting plugin OculusVR
LogPluginManager: Mounting plugin SteamVR
PixWinPlugin: PIX capture plugin failed to initialize! Check that the process is launched from PIX.
LogLuminAPIImpl: Warning: MLSDK not found.  This likely means the MLSDK environment variable is not set.
LogInit: Using libcurl 7.55.1-DEV
LogInit:  - built for x86_64-pc-win32
LogInit:  - supports SSL with OpenSSL/1.1.1
LogInit:  - supports HTTP deflate (compression) using libz 1.2.8
LogInit:  - other features:
LogInit:      CURL_VERSION_SSL
LogInit:      CURL_VERSION_LIBZ
LogInit:      CURL_VERSION_IPV6
LogInit:      CURL_VERSION_ASYNCHDNS
LogInit:      CURL_VERSION_LARGEFILE
LogInit:      CURL_VERSION_IDN
LogInit:  CurlRequestOptions (configurable via config and command line):
LogInit:  - bVerifyPeer = true  - Libcurl will verify peer certificate
LogInit:  - bUseHttpProxy = false  - Libcurl will NOT use HTTP proxy
LogInit:  - bDontReuseConnections = false  - Libcurl will reuse connections
LogInit:  - MaxHostConnections = 16  - Libcurl will limit the number of connections to a host
LogInit:  - LocalHostAddr = Default
LogInit:  - BufferSize = 65536
LogOnline: OSS: Creating online subsystem instance for: NULL
LogInit: WinSock: version 1.1 (2.2), MaxSocks=32767, MaxUdp=65467
LogOnline: OSS: TryLoadSubsystemAndSetDefault: Loaded subsystem for module [NULL]
LogOculusPluginWrapper: OculusPlugin initialized successfully
LogHMD: Failed initializing OVRPlugin 1.59.0
LogInit: Build: ++UE4+Release-4.27-CL-18319896
LogInit: Engine Version: 4.27.2-18319896+++UE4+Release-4.27
LogInit: Compatible Engine Version: 4.27.0-17155196+++UE4+Release-4.27
LogInit: Net CL: 17155196
LogInit: OS: Windows 10 (Release 2009) (), CPU: 11th Gen Intel(R) Core(TM) i9-11900F @ 2.50GHz, GPU: NVIDIA GeForce RTX 3070
LogInit: Compiled (64-bit): Nov 30 2021 07:12:08
LogInit: Compiled with Visual C++: 19.24.28315.00
LogInit: Build Configuration: Development
LogInit: Branch Name: ++UE4+Release-4.27
LogInit: Command Line: 
LogInit: Base Directory: C:/Program Files/Epic Games/UE_4.27/Engine/Binaries/Win64/
LogInit: Allocator: TBB
LogInit: Installed Engine Build: 1
LogDevObjectVersion: Number of dev versions registered: 29
LogDevObjectVersion:   Dev-Blueprints (B0D832E4-1F89-4F0D-ACCF-7EB736FD4AA2): 10
LogDevObjectVersion:   Dev-Build (E1C64328-A22C-4D53-A36C-8E866417BD8C): 0
LogDevObjectVersion:   Dev-Core (375EC13C-06E4-48FB-B500-84F0262A717E): 4
LogDevObjectVersion:   Dev-Editor (E4B068ED-F494-42E9-A231-DA0B2E46BB41): 40
LogDevObjectVersion:   Dev-Framework (CFFC743F-43B0-4480-9391-14DF171D2073): 37
LogDevObjectVersion:   Dev-Mobile (B02B49B5-BB20-44E9-A304-32B752E40360): 3
LogDevObjectVersion:   Dev-Networking (A4E4105C-59A1-49B5-A7C5-40C4547EDFEE): 0
LogDevObjectVersion:   Dev-Online (39C831C9-5AE6-47DC-9A44-9C173E1C8E7C): 0
LogDevObjectVersion:   Dev-Physics (78F01B33-EBEA-4F98-B9B4-84EACCB95AA2): 14
LogDevObjectVersion:   Dev-Platform (6631380F-2D4D-43E0-8009-CF276956A95A): 0
LogDevObjectVersion:   Dev-Rendering (12F88B9F-8875-4AFC-A67C-D90C383ABD29): 45
LogDevObjectVersion:   Dev-Sequencer (7B5AE74C-D270-4C10-A958-57980B212A5A): 13
LogDevObjectVersion:   Dev-VR (D7296918-1DD6-4BDD-9DE2-64A83CC13884): 3
LogDevObjectVersion:   Dev-LoadTimes (C2A15278-BFE7-4AFE-6C17-90FF531DF755): 1
LogDevObjectVersion:   Private-Geometry (6EACA3D4-40EC-4CC1-B786-8BED09428FC5): 3
LogDevObjectVersion:   Dev-AnimPhys (29E575DD-E0A3-4627-9D10-D276232CDCEA): 17
LogDevObjectVersion:   Dev-Anim (AF43A65D-7FD3-4947-9873-3E8ED9C1BB05): 15
LogDevObjectVersion:   Dev-ReflectionCapture (6B266CEC-1EC7-4B8F-A30B-E4D90942FC07): 1
LogDevObjectVersion:   Dev-Automation (0DF73D61-A23F-47EA-B727-89E90C41499A): 1
LogDevObjectVersion:   FortniteMain (601D1886-AC64-4F84-AA16-D3DE0DEAC7D6): 47
LogDevObjectVersion:   FortniteRelease (E7086368-6B23-4C58-8439-1B7016265E91): 1
LogDevObjectVersion:   Dev-Enterprise (9DFFBCD6-494F-0158-E221-12823C92A888): 10
LogDevObjectVersion:   Dev-Niagara (F2AED0AC-9AFE-416F-8664-AA7FFA26D6FC): 1
LogDevObjectVersion:   Dev-Destruction (174F1F0B-B4C6-45A5-B13F-2EE8D0FB917D): 10
LogDevObjectVersion:   Dev-Physics-Ext (35F94A83-E258-406C-A318-09F59610247C): 41
LogDevObjectVersion:   Dev-PhysicsMaterial-Chaos (B68FC16E-8B1B-42E2-B453-215C058844FE): 1
LogDevObjectVersion:   Dev-CineCamera (B2E18506-4273-CFC2-A54E-F4BB758BBA07): 1
LogDevObjectVersion:   Dev-VirtualProduction (64F58936-FD1B-42BA-BA96-7289D5D0FA4E): 1
LogDevObjectVersion:   Dev-MediaFramework (6F0ED827-A609-4895-9C91-998D90180EA4): 2
LogInit: Presizing for max 25165824 objects, including 0 objects not considered by GC, pre-allocating 0 bytes for permanent pool.
LogConfig: Applying CVar settings from Section [/Script/Engine.StreamingSettings] File [C:/Users/Owner/storage/northumbria-university/my/uproject/StayCalm/Saved/Config/Windows/Engine.ini]
LogConfig: Setting CVar [[s.MinBulkDataSizeForAsyncLoading:131072]]
LogConfig: Setting CVar [[s.AsyncLoadingThreadEnabled:0]]
LogConfig: Setting CVar [[s.EventDrivenLoaderEnabled:1]]
LogConfig: Setting CVar [[s.WarnIfTimeLimitExceeded:0]]
LogConfig: Setting CVar [[s.TimeLimitExceededMultiplier:1.5]]
LogConfig: Setting CVar [[s.TimeLimitExceededMinTime:0.005]]
LogConfig: Setting CVar [[s.UseBackgroundLevelStreaming:1]]
LogConfig: Setting CVar [[s.PriorityAsyncLoadingExtraTime:15.0]]
LogConfig: Setting CVar [[s.LevelStreamingActorsUpdateTimeLimit:5.0]]
LogConfig: Setting CVar [[s.PriorityLevelStreamingActorsUpdateExtraTime:5.0]]
LogConfig: Setting CVar [[s.LevelStreamingComponentsRegistrationGranularity:10]]
LogConfig: Setting CVar [[s.UnregisterComponentsTimeLimit:1.0]]
LogConfig: Setting CVar [[s.LevelStreamingComponentsUnregistrationGranularity:5]]
LogConfig: Setting CVar [[s.FlushStreamingOnExit:1]]
LogInit: Object subsystem initialized
LogConfig: Setting CVar [[con.DebugEarlyDefault:1]]
LogConfig: Setting CVar [[r.setres:1280x720]]
[2024.04.16-13.06.41:684][  0]LogConfig: Setting CVar [[r.VSync:0]]
[2024.04.16-13.06.41:684][  0]LogConfig: Setting CVar [[r.RHICmdBypass:0]]
[2024.04.16-13.06.41:684][  0]LogConfig: Applying CVar settings from Section [/Script/Engine.RendererSettings] File [C:/Users/Owner/storage/northumbria-university/my/uproject/StayCalm/Saved/Config/Windows/Engine.ini]
[2024.04.16-13.06.41:684][  0]LogConfig: Setting CVar [[r.GPUCrashDebugging:0]]
[2024.04.16-13.06.41:684][  0]LogConfig: Applying CVar settings from Section [/Script/Engine.RendererOverrideSettings] File [C:/Users/Owner/storage/northumbria-university/my/uproject/StayCalm/Saved/Config/Windows/Engine.ini]
[2024.04.16-13.06.41:684][  0]LogConfig: Applying CVar settings from Section [/Script/Engine.StreamingSettings] File [C:/Users/Owner/storage/northumbria-university/my/uproject/StayCalm/Saved/Config/Windows/Engine.ini]
[2024.04.16-13.06.41:684][  0]LogConfig: Setting CVar [[s.MinBulkDataSizeForAsyncLoading:131072]]
[2024.04.16-13.06.41:684][  0]LogConfig: Setting CVar [[s.AsyncLoadingThreadEnabled:0]]
[2024.04.16-13.06.41:684][  0]LogConfig: Setting CVar [[s.EventDrivenLoaderEnabled:1]]
[2024.04.16-13.06.41:684][  0]LogConfig: Setting CVar [[s.WarnIfTimeLimitExceeded:0]]
[2024.04.16-13.06.41:684][  0]LogConfig: Setting CVar [[s.TimeLimitExceededMultiplier:1.5]]
[2024.04.16-13.06.41:684][  0]LogConfig: Setting CVar [[s.TimeLimitExceededMinTime:0.005]]
[2024.04.16-13.06.41:684][  0]LogConfig: Setting CVar [[s.UseBackgroundLevelStreaming:1]]
[2024.04.16-13.06.41:684][  0]LogConfig: Setting CVar [[s.PriorityAsyncLoadingExtraTime:15.0]]
[2024.04.16-13.06.41:684][  0]LogConfig: Setting CVar [[s.LevelStreamingActorsUpdateTimeLimit:5.0]]
[2024.04.16-13.06.41:684][  0]LogConfig: Setting CVar [[s.PriorityLevelStreamingActorsUpdateExtraTime:5.0]]
[2024.04.16-13.06.41:684][  0]LogConfig: Setting CVar [[s.LevelStreamingComponentsRegistrationGranularity:10]]
[2024.04.16-13.06.41:685][  0]LogConfig: Setting CVar [[s.UnregisterComponentsTimeLimit:1.0]]
[2024.04.16-13.06.41:685][  0]LogConfig: Setting CVar [[s.LevelStreamingComponentsUnregistrationGranularity:5]]
[2024.04.16-13.06.41:685][  0]LogConfig: Setting CVar [[s.FlushStreamingOnExit:1]]
[2024.04.16-13.06.41:685][  0]LogConfig: Applying CVar settings from Section [/Script/Engine.GarbageCollectionSettings] File [C:/Users/Owner/storage/northumbria-university/my/uproject/StayCalm/Saved/Config/Windows/Engine.ini]
[2024.04.16-13.06.41:685][  0]LogConfig: Setting CVar [[gc.MaxObjectsNotConsideredByGC:1]]
[2024.04.16-13.06.41:685][  0]LogConfig: Setting CVar [[gc.SizeOfPermanentObjectPool:0]]
[2024.04.16-13.06.41:685][  0]LogConfig: Setting CVar [[gc.FlushStreamingOnGC:0]]
[2024.04.16-13.06.41:685][  0]LogConfig: Setting CVar [[gc.NumRetriesBeforeForcingGC:10]]
[2024.04.16-13.06.41:685][  0]LogConfig: Setting CVar [[gc.AllowParallelGC:1]]
[2024.04.16-13.06.41:685][  0]LogConfig: Setting CVar [[gc.TimeBetweenPurgingPendingKillObjects:61.1]]
[2024.04.16-13.06.41:685][  0]LogConfig: Setting CVar [[gc.MaxObjectsInEditor:25165824]]
[2024.04.16-13.06.41:685][  0]LogConfig: Setting CVar [[gc.IncrementalBeginDestroyEnabled:1]]
[2024.04.16-13.06.41:685][  0]LogConfig: Setting CVar [[gc.CreateGCClusters:1]]
[2024.04.16-13.06.41:685][  0]LogConfig: Setting CVar [[gc.MinGCClusterSize:5]]
[2024.04.16-13.06.41:685][  0]LogConfig: Setting CVar [[gc.ActorClusteringEnabled:0]]
[2024.04.16-13.06.41:685][  0]LogConfig: Setting CVar [[gc.BlueprintClusteringEnabled:0]]
[2024.04.16-13.06.41:685][  0]LogConfig: Setting CVar [[gc.UseDisregardForGCOnDedicatedServers:0]]
[2024.04.16-13.06.41:685][  0]LogConfig: Setting CVar [[gc.MultithreadedDestructionEnabled:1]]
[2024.04.16-13.06.41:685][  0]LogConfig: Applying CVar settings from Section [/Script/Engine.NetworkSettings] File [C:/Users/Owner/storage/northumbria-university/my/uproject/StayCalm/Saved/Config/Windows/Engine.ini]
[2024.04.16-13.06.41:685][  0]LogConfig: Applying CVar settings from Section [/Script/UnrealEd.CookerSettings] File [C:/Users/Owner/storage/northumbria-university/my/uproject/StayCalm/Saved/Config/Windows/Engine.ini]
[2024.04.16-13.06.41:695][  0]LogConfig: Applying CVar settings from Section [ViewDistanceQuality@3] File [C:/Users/Owner/storage/northumbria-university/my/uproject/StayCalm/Saved/Config/Windows/Scalability.ini]
[2024.04.16-13.06.41:695][  0]LogConfig: Setting CVar [[r.SkeletalMeshLODBias:0]]
[2024.04.16-13.06.41:695][  0]LogConfig: Setting CVar [[r.ViewDistanceScale:1.0]]
[2024.04.16-13.06.41:695][  0]LogConfig: Applying CVar settings from Section [AntiAliasingQuality@3] File [C:/Users/Owner/storage/northumbria-university/my/uproject/StayCalm/Saved/Config/Windows/Scalability.ini]
[2024.04.16-13.06.41:695][  0]LogConfig: Setting CVar [[r.PostProcessAAQuality:4]]
[2024.04.16-13.06.41:695][  0]LogConfig: Applying CVar settings from Section [ShadowQuality@3] File [C:/Users/Owner/storage/northumbria-university/my/uproject/StayCalm/Saved/Config/Windows/Scalability.ini]
[2024.04.16-13.06.41:695][  0]LogConfig: Setting CVar [[r.LightFunctionQuality:1]]
[2024.04.16-13.06.41:695][  0]LogConfig: Setting CVar [[r.ShadowQuality:5]]
[2024.04.16-13.06.41:695][  0]LogConfig: Setting CVar [[r.Shadow.CSM.MaxCascades:10]]
[2024.04.16-13.06.41:695][  0]LogConfig: Setting CVar [[r.Shadow.MaxResolution:2048]]
[2024.04.16-13.06.41:695][  0]LogConfig: Setting CVar [[r.Shadow.MaxCSMResolution:2048]]
[2024.04.16-13.06.41:695][  0]LogConfig: Setting CVar [[r.Shadow.RadiusThreshold:0.01]]
[2024.04.16-13.06.41:695][  0]LogConfig: Setting CVar [[r.Shadow.DistanceScale:1.0]]
[2024.04.16-13.06.41:695][  0]LogConfig: Setting CVar [[r.Shadow.CSM.TransitionScale:1.0]]
[2024.04.16-13.06.41:695][  0]LogConfig: Setting CVar [[r.Shadow.PreShadowResolutionFactor:1.0]]
[2024.04.16-13.06.41:695][  0]LogConfig: Setting CVar [[r.DistanceFieldShadowing:1]]
[2024.04.16-13.06.41:695][  0]LogConfig: Setting CVar [[r.DistanceFieldAO:1]]
[2024.04.16-13.06.41:695][  0]LogConfig: Setting CVar [[r.AOQuality:2]]
[2024.04.16-13.06.41:695][  0]LogConfig: Setting CVar [[r.VolumetricFog:1]]
[2024.04.16-13.06.41:695][  0]LogConfig: Setting CVar [[r.VolumetricFog.GridPixelSize:8]]
[2024.04.16-13.06.41:695][  0]LogConfig: Setting CVar [[r.VolumetricFog.GridSizeZ:128]]
[2024.04.16-13.06.41:695][  0]LogConfig: Setting CVar [[r.VolumetricFog.HistoryMissSupersampleCount:4]]
[2024.04.16-13.06.41:695][  0]LogConfig: Setting CVar [[r.LightMaxDrawDistanceScale:1]]
[2024.04.16-13.06.41:695][  0]LogConfig: Setting CVar [[r.CapsuleShadows:1]]
[2024.04.16-13.06.41:695][  0]LogConfig: Applying CVar settings from Section [PostProcessQuality@3] File [C:/Users/Owner/storage/northumbria-university/my/uproject/StayCalm/Saved/Config/Windows/Scalability.ini]
[2024.04.16-13.06.41:695][  0]LogConfig: Setting CVar [[r.MotionBlurQuality:4]]
[2024.04.16-13.06.41:695][  0]LogConfig: Setting CVar [[r.AmbientOcclusionMipLevelFactor:0.4]]
[2024.04.16-13.06.41:695][  0]LogConfig: Setting CVar [[r.AmbientOcclusionMaxQuality:100]]
[2024.04.16-13.06.41:695][  0]LogConfig: Setting CVar [[r.AmbientOcclusionLevels:-1]]
[2024.04.16-13.06.41:695][  0]LogConfig: Setting CVar [[r.AmbientOcclusionRadiusScale:1.0]]
[2024.04.16-13.06.41:695][  0]LogConfig: Setting CVar [[r.DepthOfFieldQuality:2]]
[2024.04.16-13.06.41:695][  0]LogConfig: Setting CVar [[r.RenderTargetPoolMin:400]]
[2024.04.16-13.06.41:695][  0]LogConfig: Setting CVar [[r.LensFlareQuality:2]]
[2024.04.16-13.06.41:695][  0]LogConfig: Setting CVar [[r.SceneColorFringeQuality:1]]
[2024.04.16-13.06.41:695][  0]LogConfig: Setting CVar [[r.EyeAdaptationQuality:2]]
[2024.04.16-13.06.41:695][  0]LogConfig: Setting CVar [[r.BloomQuality:5]]
[2024.04.16-13.06.41:695][  0]LogConfig: Setting CVar [[r.FastBlurThreshold:100]]
[2024.04.16-13.06.41:695][  0]LogConfig: Setting CVar [[r.Upscale.Quality:3]]
[2024.04.16-13.06.41:695][  0]LogConfig: Setting CVar [[r.Tonemapper.GrainQuantization:1]]
[2024.04.16-13.06.41:695][  0]LogConfig: Setting CVar [[r.LightShaftQuality:1]]
[2024.04.16-13.06.41:695][  0]LogConfig: Setting CVar [[r.Filter.SizeScale:1]]
[2024.04.16-13.06.41:695][  0]LogConfig: Setting CVar [[r.Tonemapper.Quality:5]]
[2024.04.16-13.06.41:695][  0]LogConfig: Setting CVar [[r.DOF.Gather.AccumulatorQuality:1        ; higher gathering accumulator quality]]
[2024.04.16-13.06.41:695][  0]LogConfig: Setting CVar [[r.DOF.Gather.PostfilterMethod:1          ; Median3x3 postfilering method]]
[2024.04.16-13.06.41:695][  0]LogConfig: Setting CVar [[r.DOF.Gather.EnableBokehSettings:0       ; no bokeh simulation when gathering]]
[2024.04.16-13.06.41:695][  0]LogConfig: Setting CVar [[r.DOF.Gather.RingCount:4                 ; medium number of samples when gathering]]
[2024.04.16-13.06.41:695][  0]LogConfig: Setting CVar [[r.DOF.Scatter.ForegroundCompositing:1    ; additive foreground scattering]]
[2024.04.16-13.06.41:695][  0]LogConfig: Setting CVar [[r.DOF.Scatter.BackgroundCompositing:2    ; additive background scattering]]
[2024.04.16-13.06.41:695][  0]LogConfig: Setting CVar [[r.DOF.Scatter.EnableBokehSettings:1      ; bokeh simulation when scattering]]
[2024.04.16-13.06.41:695][  0]LogConfig: Setting CVar [[r.DOF.Scatter.MaxSpriteRatio:0.1         ; only a maximum of 10% of scattered bokeh]]
[2024.04.16-13.06.41:695][  0]LogConfig: Setting CVar [[r.DOF.Recombine.Quality:1                ; cheap slight out of focus]]
[2024.04.16-13.06.41:695][  0]LogConfig: Setting CVar [[r.DOF.Recombine.EnableBokehSettings:0    ; no bokeh simulation on slight out of focus]]
[2024.04.16-13.06.41:695][  0]LogConfig: Setting CVar [[r.DOF.TemporalAAQuality:1                ; more stable temporal accumulation]]
[2024.04.16-13.06.41:695][  0]LogConfig: Setting CVar [[r.DOF.Kernel.MaxForegroundRadius:0.025]]
[2024.04.16-13.06.41:695][  0]LogConfig: Setting CVar [[r.DOF.Kernel.MaxBackgroundRadius:0.025]]
[2024.04.16-13.06.41:695][  0]LogConfig: Applying CVar settings from Section [TextureQuality@3] File [C:/Users/Owner/storage/northumbria-university/my/uproject/StayCalm/Saved/Config/Windows/Scalability.ini]
[2024.04.16-13.06.41:695][  0]LogConfig: Setting CVar [[r.Streaming.MipBias:0]]
[2024.04.16-13.06.41:695][  0]LogConfig: Setting CVar [[r.Streaming.AmortizeCPUToGPUCopy:0]]
[2024.04.16-13.06.41:695][  0]LogConfig: Setting CVar [[r.Streaming.MaxNumTexturesToStreamPerFrame:0]]
[2024.04.16-13.06.41:695][  0]LogConfig: Setting CVar [[r.Streaming.Boost:1]]
[2024.04.16-13.06.41:695][  0]LogConfig: Setting CVar [[r.MaxAnisotropy:8]]
[2024.04.16-13.06.41:695][  0]LogConfig: Setting CVar [[r.VT.MaxAnisotropy:8]]
[2024.04.16-13.06.41:695][  0]LogConfig: Setting CVar [[r.Streaming.LimitPoolSizeToVRAM:0]]
[2024.04.16-13.06.41:695][  0]LogConfig: Setting CVar [[r.Streaming.PoolSize:1000]]
[2024.04.16-13.06.41:695][  0]LogConfig: Setting CVar [[r.Streaming.MaxEffectiveScreenSize:0]]
[2024.04.16-13.06.41:695][  0]LogConfig: Applying CVar settings from Section [EffectsQuality@3] File [C:/Users/Owner/storage/northumbria-university/my/uproject/StayCalm/Saved/Config/Windows/Scalability.ini]
[2024.04.16-13.06.41:695][  0]LogConfig: Setting CVar [[r.TranslucencyLightingVolumeDim:64]]
[2024.04.16-13.06.41:695][  0]LogConfig: Setting CVar [[r.RefractionQuality:2]]
[2024.04.16-13.06.41:695][  0]LogConfig: Setting CVar [[r.SSR.Quality:3]]
[2024.04.16-13.06.41:695][  0]LogConfig: Setting CVar [[r.SSR.HalfResSceneColor:0]]
[2024.04.16-13.06.41:695][  0]LogConfig: Setting CVar [[r.SceneColorFormat:4]]
[2024.04.16-13.06.41:695][  0]LogConfig: Setting CVar [[r.DetailMode:2]]
[2024.04.16-13.06.41:695][  0]LogConfig: Setting CVar [[r.TranslucencyVolumeBlur:1]]
[2024.04.16-13.06.41:695][  0]LogConfig: Setting CVar [[r.MaterialQualityLevel:1 ; High quality]]
[2024.04.16-13.06.41:695][  0]LogConfig: Setting CVar [[r.AnisotropicMaterials:1]]
[2024.04.16-13.06.41:695][  0]LogConfig: Setting CVar [[r.SSS.Scale:1]]
[2024.04.16-13.06.41:695][  0]LogConfig: Setting CVar [[r.SSS.SampleSet:2]]
[2024.04.16-13.06.41:695][  0]LogConfig: Setting CVar [[r.SSS.Quality:1]]
[2024.04.16-13.06.41:695][  0]LogConfig: Setting CVar [[r.SSS.HalfRes:0]]
[2024.04.16-13.06.41:695][  0]LogConfig: Setting CVar [[r.SSGI.Quality:3]]
[2024.04.16-13.06.41:695][  0]LogConfig: Setting CVar [[r.EmitterSpawnRateScale:1.0]]
[2024.04.16-13.06.41:695][  0]LogConfig: Setting CVar [[r.ParticleLightQuality:2]]
[2024.04.16-13.06.41:695][  0]LogConfig: Setting CVar [[r.SkyAtmosphere.AerialPerspectiveLUT.FastApplyOnOpaque:1 ; Always have FastSkyLUT 1 in this case to avoid wrong sky]]
[2024.04.16-13.06.41:695][  0]LogConfig: Setting CVar [[r.SkyAtmosphere.AerialPerspectiveLUT.SampleCountMaxPerSlice:4]]
[2024.04.16-13.06.41:695][  0]LogConfig: Setting CVar [[r.SkyAtmosphere.AerialPerspectiveLUT.DepthResolution:16.0]]
[2024.04.16-13.06.41:695][  0]LogConfig: Setting CVar [[r.SkyAtmosphere.FastSkyLUT:1]]
[2024.04.16-13.06.41:695][  0]LogConfig: Setting CVar [[r.SkyAtmosphere.FastSkyLUT.SampleCountMin:4.0]]
[2024.04.16-13.06.41:695][  0]LogConfig: Setting CVar [[r.SkyAtmosphere.FastSkyLUT.SampleCountMax:128.0]]
[2024.04.16-13.06.41:695][  0]LogConfig: Setting CVar [[r.SkyAtmosphere.SampleCountMin:4.0]]
[2024.04.16-13.06.41:695][  0]LogConfig: Setting CVar [[r.SkyAtmosphere.SampleCountMax:128.0]]
[2024.04.16-13.06.41:695][  0]LogConfig: Setting CVar [[r.SkyAtmosphere.TransmittanceLUT.UseSmallFormat:0]]
[2024.04.16-13.06.41:695][  0]LogConfig: Setting CVar [[r.SkyAtmosphere.TransmittanceLUT.SampleCount:10.0]]
[2024.04.16-13.06.41:695][  0]LogConfig: Setting CVar [[r.SkyAtmosphere.MultiScatteringLUT.SampleCount:15.0]]
[2024.04.16-13.06.41:695][  0]LogConfig: Setting CVar [[r.SkyLight.RealTimeReflectionCapture:1]]
[2024.04.16-13.06.41:695][  0]LogConfig: Applying CVar settings from Section [FoliageQuality@3] File [C:/Users/Owner/storage/northumbria-university/my/uproject/StayCalm/Saved/Config/Windows/Scalability.ini]
[2024.04.16-13.06.41:696][  0]LogConfig: Setting CVar [[foliage.DensityScale:1.0]]
[2024.04.16-13.06.41:696][  0]LogConfig: Setting CVar [[grass.DensityScale:1.0]]
[2024.04.16-13.06.41:696][  0]LogConfig: Applying CVar settings from Section [ShadingQuality@3] File [C:/Users/Owner/storage/northumbria-university/my/uproject/StayCalm/Saved/Config/Windows/Scalability.ini]
[2024.04.16-13.06.41:696][  0]LogConfig: Setting CVar [[r.HairStrands.SkyLighting.IntegrationType:2]]
[2024.04.16-13.06.41:696][  0]LogConfig: Setting CVar [[r.HairStrands.SkyAO.SampleCount:4]]
[2024.04.16-13.06.41:696][  0]LogConfig: Setting CVar [[r.HairStrands.Visibility.MSAA.SamplePerPixel:4]]
[2024.04.16-13.06.41:696][  0]LogInit: Selected Device Profile: [Windows]
[2024.04.16-13.06.41:696][  0]LogInit: Applying CVar settings loaded from the selected device profile: [Windows]
[2024.04.16-13.06.41:696][  0]LogHAL: Display: Platform has ~ 16 GB [17042771968 / 17179869184 / 16], which maps to Larger [LargestMinGB=32, LargerMinGB=12, DefaultMinGB=8, SmallerMinGB=6, SmallestMinGB=0)
[2024.04.16-13.06.41:696][  0]LogInit: Going up to parent DeviceProfile []
[2024.04.16-13.06.41:696][  0]LogConfig: Applying CVar settings from Section [ViewDistanceQuality@3] File [C:/Users/Owner/storage/northumbria-university/my/uproject/StayCalm/Saved/Config/Windows/Scalability.ini]
[2024.04.16-13.06.41:696][  0]LogConfig: Setting CVar [[r.SkeletalMeshLODBias:0]]
[2024.04.16-13.06.41:696][  0]LogConfig: Setting CVar [[r.ViewDistanceScale:1.0]]
[2024.04.16-13.06.41:696][  0]LogConfig: Applying CVar settings from Section [AntiAliasingQuality@3] File [C:/Users/Owner/storage/northumbria-university/my/uproject/StayCalm/Saved/Config/Windows/Scalability.ini]
[2024.04.16-13.06.41:696][  0]LogConfig: Setting CVar [[r.PostProcessAAQuality:4]]
[2024.04.16-13.06.41:696][  0]LogConfig: Applying CVar settings from Section [ShadowQuality@3] File [C:/Users/Owner/storage/northumbria-university/my/uproject/StayCalm/Saved/Config/Windows/Scalability.ini]
[2024.04.16-13.06.41:696][  0]LogConfig: Setting CVar [[r.LightFunctionQuality:1]]
[2024.04.16-13.06.41:696][  0]LogConfig: Setting CVar [[r.ShadowQuality:5]]
[2024.04.16-13.06.41:696][  0]LogConfig: Setting CVar [[r.Shadow.CSM.MaxCascades:10]]
[2024.04.16-13.06.41:696][  0]LogConfig: Setting CVar [[r.Shadow.MaxResolution:2048]]
[2024.04.16-13.06.41:696][  0]LogConfig: Setting CVar [[r.Shadow.MaxCSMResolution:2048]]
[2024.04.16-13.06.41:696][  0]LogConfig: Setting CVar [[r.Shadow.RadiusThreshold:0.01]]
[2024.04.16-13.06.41:696][  0]LogConfig: Setting CVar [[r.Shadow.DistanceScale:1.0]]
[2024.04.16-13.06.41:696][  0]LogConfig: Setting CVar [[r.Shadow.CSM.TransitionScale:1.0]]
[2024.04.16-13.06.41:696][  0]LogConfig: Setting CVar [[r.Shadow.PreShadowResolutionFactor:1.0]]
[2024.04.16-13.06.41:696][  0]LogConfig: Setting CVar [[r.DistanceFieldShadowing:1]]
[2024.04.16-13.06.41:696][  0]LogConfig: Setting CVar [[r.DistanceFieldAO:1]]
[2024.04.16-13.06.41:696][  0]LogConfig: Setting CVar [[r.AOQuality:2]]
[2024.04.16-13.06.41:696][  0]LogConfig: Setting CVar [[r.VolumetricFog:1]]
[2024.04.16-13.06.41:696][  0]LogConfig: Setting CVar [[r.VolumetricFog.GridPixelSize:8]]
[2024.04.16-13.06.41:696][  0]LogConfig: Setting CVar [[r.VolumetricFog.GridSizeZ:128]]
[2024.04.16-13.06.41:696][  0]LogConfig: Setting CVar [[r.VolumetricFog.HistoryMissSupersampleCount:4]]
[2024.04.16-13.06.41:696][  0]LogConfig: Setting CVar [[r.LightMaxDrawDistanceScale:1]]
[2024.04.16-13.06.41:696][  0]LogConfig: Setting CVar [[r.CapsuleShadows:1]]
[2024.04.16-13.06.41:696][  0]LogConfig: Applying CVar settings from Section [PostProcessQuality@3] File [C:/Users/Owner/storage/northumbria-university/my/uproject/StayCalm/Saved/Config/Windows/Scalability.ini]
[2024.04.16-13.06.41:696][  0]LogConfig: Setting CVar [[r.MotionBlurQuality:4]]
[2024.04.16-13.06.41:696][  0]LogConfig: Setting CVar [[r.AmbientOcclusionMipLevelFactor:0.4]]
[2024.04.16-13.06.41:696][  0]LogConfig: Setting CVar [[r.AmbientOcclusionMaxQuality:100]]
[2024.04.16-13.06.41:696][  0]LogConfig: Setting CVar [[r.AmbientOcclusionLevels:-1]]
[2024.04.16-13.06.41:696][  0]LogConfig: Setting CVar [[r.AmbientOcclusionRadiusScale:1.0]]
[2024.04.16-13.06.41:696][  0]LogConfig: Setting CVar [[r.DepthOfFieldQuality:2]]
[2024.04.16-13.06.41:696][  0]LogConfig: Setting CVar [[r.RenderTargetPoolMin:400]]
[2024.04.16-13.06.41:696][  0]LogConfig: Setting CVar [[r.LensFlareQuality:2]]
[2024.04.16-13.06.41:696][  0]LogConfig: Setting CVar [[r.SceneColorFringeQuality:1]]
[2024.04.16-13.06.41:696][  0]LogConfig: Setting CVar [[r.EyeAdaptationQuality:2]]
[2024.04.16-13.06.41:696][  0]LogConfig: Setting CVar [[r.BloomQuality:5]]
[2024.04.16-13.06.41:696][  0]LogConfig: Setting CVar [[r.FastBlurThreshold:100]]
[2024.04.16-13.06.41:696][  0]LogConfig: Setting CVar [[r.Upscale.Quality:3]]
[2024.04.16-13.06.41:696][  0]LogConfig: Setting CVar [[r.Tonemapper.GrainQuantization:1]]
[2024.04.16-13.06.41:696][  0]LogConfig: Setting CVar [[r.LightShaftQuality:1]]
[2024.04.16-13.06.41:696][  0]LogConfig: Setting CVar [[r.Filter.SizeScale:1]]
[2024.04.16-13.06.41:696][  0]LogConfig: Setting CVar [[r.Tonemapper.Quality:5]]
[2024.04.16-13.06.41:696][  0]LogConfig: Setting CVar [[r.DOF.Gather.AccumulatorQuality:1        ; higher gathering accumulator quality]]
[2024.04.16-13.06.41:696][  0]LogConfig: Setting CVar [[r.DOF.Gather.PostfilterMethod:1          ; Median3x3 postfilering method]]
[2024.04.16-13.06.41:696][  0]LogConfig: Setting CVar [[r.DOF.Gather.EnableBokehSettings:0       ; no bokeh simulation when gathering]]
[2024.04.16-13.06.41:696][  0]LogConfig: Setting CVar [[r.DOF.Gather.RingCount:4                 ; medium number of samples when gathering]]
[2024.04.16-13.06.41:696][  0]LogConfig: Setting CVar [[r.DOF.Scatter.ForegroundCompositing:1    ; additive foreground scattering]]
[2024.04.16-13.06.41:696][  0]LogConfig: Setting CVar [[r.DOF.Scatter.BackgroundCompositing:2    ; additive background scattering]]
[2024.04.16-13.06.41:696][  0]LogConfig: Setting CVar [[r.DOF.Scatter.EnableBokehSettings:1      ; bokeh simulation when scattering]]
[2024.04.16-13.06.41:696][  0]LogConfig: Setting CVar [[r.DOF.Scatter.MaxSpriteRatio:0.1         ; only a maximum of 10% of scattered bokeh]]
[2024.04.16-13.06.41:696][  0]LogConfig: Setting CVar [[r.DOF.Recombine.Quality:1                ; cheap slight out of focus]]
[2024.04.16-13.06.41:696][  0]LogConfig: Setting CVar [[r.DOF.Recombine.EnableBokehSettings:0    ; no bokeh simulation on slight out of focus]]
[2024.04.16-13.06.41:696][  0]LogConfig: Setting CVar [[r.DOF.TemporalAAQuality:1                ; more stable temporal accumulation]]
[2024.04.16-13.06.41:696][  0]LogConfig: Setting CVar [[r.DOF.Kernel.MaxForegroundRadius:0.025]]
[2024.04.16-13.06.41:696][  0]LogConfig: Setting CVar [[r.DOF.Kernel.MaxBackgroundRadius:0.025]]
[2024.04.16-13.06.41:696][  0]LogConfig: Applying CVar settings from Section [TextureQuality@3] File [C:/Users/Owner/storage/northumbria-university/my/uproject/StayCalm/Saved/Config/Windows/Scalability.ini]
[2024.04.16-13.06.41:696][  0]LogConfig: Setting CVar [[r.Streaming.MipBias:0]]
[2024.04.16-13.06.41:696][  0]LogConfig: Setting CVar [[r.Streaming.AmortizeCPUToGPUCopy:0]]
[2024.04.16-13.06.41:696][  0]LogConfig: Setting CVar [[r.Streaming.MaxNumTexturesToStreamPerFrame:0]]
[2024.04.16-13.06.41:696][  0]LogConfig: Setting CVar [[r.Streaming.Boost:1]]
[2024.04.16-13.06.41:696][  0]LogConfig: Setting CVar [[r.MaxAnisotropy:8]]
[2024.04.16-13.06.41:696][  0]LogConfig: Setting CVar [[r.VT.MaxAnisotropy:8]]
[2024.04.16-13.06.41:696][  0]LogConfig: Setting CVar [[r.Streaming.LimitPoolSizeToVRAM:0]]
[2024.04.16-13.06.41:696][  0]LogConfig: Setting CVar [[r.Streaming.PoolSize:1000]]
[2024.04.16-13.06.41:696][  0]LogConfig: Setting CVar [[r.Streaming.MaxEffectiveScreenSize:0]]
[2024.04.16-13.06.41:696][  0]LogConfig: Applying CVar settings from Section [EffectsQuality@3] File [C:/Users/Owner/storage/northumbria-university/my/uproject/StayCalm/Saved/Config/Windows/Scalability.ini]
[2024.04.16-13.06.41:696][  0]LogConfig: Setting CVar [[r.TranslucencyLightingVolumeDim:64]]
[2024.04.16-13.06.41:696][  0]LogConfig: Setting CVar [[r.RefractionQuality:2]]
[2024.04.16-13.06.41:696][  0]LogConfig: Setting CVar [[r.SSR.Quality:3]]
[2024.04.16-13.06.41:696][  0]LogConfig: Setting CVar [[r.SSR.HalfResSceneColor:0]]
[2024.04.16-13.06.41:696][  0]LogConfig: Setting CVar [[r.SceneColorFormat:4]]
[2024.04.16-13.06.41:696][  0]LogConfig: Setting CVar [[r.DetailMode:2]]
[2024.04.16-13.06.41:696][  0]LogConfig: Setting CVar [[r.TranslucencyVolumeBlur:1]]
[2024.04.16-13.06.41:696][  0]LogConfig: Setting CVar [[r.MaterialQualityLevel:1 ; High quality]]
[2024.04.16-13.06.41:696][  0]LogConfig: Setting CVar [[r.AnisotropicMaterials:1]]
[2024.04.16-13.06.41:696][  0]LogConfig: Setting CVar [[r.SSS.Scale:1]]
[2024.04.16-13.06.41:696][  0]LogConfig: Setting CVar [[r.SSS.SampleSet:2]]
[2024.04.16-13.06.41:696][  0]LogConfig: Setting CVar [[r.SSS.Quality:1]]
[2024.04.16-13.06.41:696][  0]LogConfig: Setting CVar [[r.SSS.HalfRes:0]]
[2024.04.16-13.06.41:696][  0]LogConfig: Setting CVar [[r.SSGI.Quality:3]]
[2024.04.16-13.06.41:696][  0]LogConfig: Setting CVar [[r.EmitterSpawnRateScale:1.0]]
[2024.04.16-13.06.41:696][  0]LogConfig: Setting CVar [[r.ParticleLightQuality:2]]
[2024.04.16-13.06.41:696][  0]LogConfig: Setting CVar [[r.SkyAtmosphere.AerialPerspectiveLUT.FastApplyOnOpaque:1 ; Always have FastSkyLUT 1 in this case to avoid wrong sky]]
[2024.04.16-13.06.41:696][  0]LogConfig: Setting CVar [[r.SkyAtmosphere.AerialPerspectiveLUT.SampleCountMaxPerSlice:4]]
[2024.04.16-13.06.41:696][  0]LogConfig: Setting CVar [[r.SkyAtmosphere.AerialPerspectiveLUT.DepthResolution:16.0]]
[2024.04.16-13.06.41:696][  0]LogConfig: Setting CVar [[r.SkyAtmosphere.FastSkyLUT:1]]
[2024.04.16-13.06.41:696][  0]LogConfig: Setting CVar [[r.SkyAtmosphere.FastSkyLUT.SampleCountMin:4.0]]
[2024.04.16-13.06.41:696][  0]LogConfig: Setting CVar [[r.SkyAtmosphere.FastSkyLUT.SampleCountMax:128.0]]
[2024.04.16-13.06.41:696][  0]LogConfig: Setting CVar [[r.SkyAtmosphere.SampleCountMin:4.0]]
[2024.04.16-13.06.41:696][  0]LogConfig: Setting CVar [[r.SkyAtmosphere.SampleCountMax:128.0]]
[2024.04.16-13.06.41:696][  0]LogConfig: Setting CVar [[r.SkyAtmosphere.TransmittanceLUT.UseSmallFormat:0]]
[2024.04.16-13.06.41:696][  0]LogConfig: Setting CVar [[r.SkyAtmosphere.TransmittanceLUT.SampleCount:10.0]]
[2024.04.16-13.06.41:696][  0]LogConfig: Setting CVar [[r.SkyAtmosphere.MultiScatteringLUT.SampleCount:15.0]]
[2024.04.16-13.06.41:696][  0]LogConfig: Setting CVar [[r.SkyLight.RealTimeReflectionCapture:1]]
[2024.04.16-13.06.41:696][  0]LogConfig: Applying CVar settings from Section [FoliageQuality@3] File [C:/Users/Owner/storage/northumbria-university/my/uproject/StayCalm/Saved/Config/Windows/Scalability.ini]
[2024.04.16-13.06.41:696][  0]LogConfig: Setting CVar [[foliage.DensityScale:1.0]]
[2024.04.16-13.06.41:696][  0]LogConfig: Setting CVar [[grass.DensityScale:1.0]]
[2024.04.16-13.06.41:696][  0]LogConfig: Applying CVar settings from Section [ShadingQuality@3] File [C:/Users/Owner/storage/northumbria-university/my/uproject/StayCalm/Saved/Config/Windows/Scalability.ini]
[2024.04.16-13.06.41:696][  0]LogConfig: Setting CVar [[r.HairStrands.SkyLighting.IntegrationType:2]]
[2024.04.16-13.06.41:696][  0]LogConfig: Setting CVar [[r.HairStrands.SkyAO.SampleCount:4]]
[2024.04.16-13.06.41:696][  0]LogConfig: Setting CVar [[r.HairStrands.Visibility.MSAA.SamplePerPixel:4]]
[2024.04.16-13.06.41:696][  0]LogConfig: Applying CVar settings from Section [Startup] File [../../../Engine/Config/ConsoleVariables.ini]
[2024.04.16-13.06.41:696][  0]LogConfig: Setting CVar [[net.UseAdaptiveNetUpdateFrequency:0]]
[2024.04.16-13.06.41:696][  0]LogConfig: Setting CVar [[p.chaos.AllowCreatePhysxBodies:1]]
[2024.04.16-13.06.41:696][  0]LogConfig: Setting CVar [[fx.SkipVectorVMBackendOptimizations:1]]
[2024.04.16-13.06.41:696][  0]LogConfig: Applying CVar settings from Section [ConsoleVariables] File [C:/Users/Owner/storage/northumbria-university/my/uproject/StayCalm/Saved/Config/Windows/Engine.ini]
[2024.04.16-13.06.41:696][  0]LogConfig: Applying CVar settings from Section [ConsoleVariables] File [C:/Users/Owner/storage/northumbria-university/my/uproject/StayCalm/Saved/Config/Windows/Editor.ini]
[2024.04.16-13.06.41:696][  0]LogInit: Computer: DESKTOP-OFM8J10
[2024.04.16-13.06.41:697][  0]LogInit: User: Owner
[2024.04.16-13.06.41:697][  0]LogInit: CPU Page size=4096, Cores=8
[2024.04.16-13.06.41:697][  0]LogInit: High frequency timer resolution =10.000000 MHz
[2024.04.16-13.06.41:697][  0]LogMemory: Memory total: Physical=15.9GB (16GB approx)
[2024.04.16-13.06.41:697][  0]LogMemory: Platform Memory Stats for Windows
[2024.04.16-13.06.41:697][  0]LogMemory: Process Physical Memory: 146.78 MB used, 146.78 MB peak
[2024.04.16-13.06.41:697][  0]LogMemory: Process Virtual Memory: 129.00 MB used, 129.00 MB peak
[2024.04.16-13.06.41:697][  0]LogMemory: Physical Memory: 5833.82 MB used,  10419.43 MB free, 16253.25 MB total
[2024.04.16-13.06.41:697][  0]LogMemory: Virtual Memory: 134203360.00 MB used,  14370.47 MB free, 134217728.00 MB total
[2024.04.16-13.06.41:700][  0]LogWindows: WindowsPlatformFeatures enabled
[2024.04.16-13.06.41:725][  0]LogInit: Physics initialised using underlying interface: PhysX
[2024.04.16-13.06.41:725][  0]LogInit: Using OS detected language (en-GB).
[2024.04.16-13.06.41:725][  0]LogInit: Using OS detected locale (en-GB).
[2024.04.16-13.06.41:727][  0]LogTextLocalizationManager: No specific localization for 'en-GB' exists, so the 'en' localization will be used.
[2024.04.16-13.06.41:832][  0]LogInit: Setting process to per monitor DPI aware
[2024.04.16-13.06.41:841][  0]LogWindowsTextInputMethodSystem: Display: IME system deactivated.
[2024.04.16-13.06.41:848][  0]LogSlate: New Slate User Created.  User Index 0, Is Virtual User: 0
[2024.04.16-13.06.41:849][  0]LogSlate: Slate User Registered.  User Index 0, Is Virtual User: 0
[2024.04.16-13.06.41:922][  0]LogD3D11RHI: Loaded GFSDK_Aftermath_Lib.x64.dll
[2024.04.16-13.06.41:924][  0]LogHMD: Failed to initialize OpenVR with code 110
[2024.04.16-13.06.41:924][  0]LogD3D11RHI: D3D11 min allowed feature level: 11_0
[2024.04.16-13.06.41:924][  0]LogD3D11RHI: D3D11 max allowed feature level: 11_0
[2024.04.16-13.06.41:924][  0]LogD3D11RHI: D3D11 adapters:
[2024.04.16-13.06.42:011][  0]LogD3D11RHI:    0. 'NVIDIA GeForce RTX 3070' (Feature Level 11_0)
[2024.04.16-13.06.42:011][  0]LogD3D11RHI:       8032/0/8126 MB DedicatedVideo/DedicatedSystem/SharedSystem, Outputs:1, VendorId:0x10de
[2024.04.16-13.06.42:012][  0]LogD3D11RHI:    1. 'Microsoft Basic Render Driver' (Feature Level 11_0)
[2024.04.16-13.06.42:012][  0]LogD3D11RHI:       0/0/8126 MB DedicatedVideo/DedicatedSystem/SharedSystem, Outputs:0, VendorId:0x1414
[2024.04.16-13.06.42:012][  0]LogD3D11RHI: Chosen D3D11 Adapter:
[2024.04.16-13.06.42:012][  0]LogD3D11RHI:     Description : NVIDIA GeForce RTX 3070
[2024.04.16-13.06.42:012][  0]LogD3D11RHI:     VendorId    : 10de
[2024.04.16-13.06.42:012][  0]LogD3D11RHI:     DeviceId    : 2488
[2024.04.16-13.06.42:012][  0]LogD3D11RHI:     SubSysId    : 39091462
[2024.04.16-13.06.42:012][  0]LogD3D11RHI:     Revision    : 00a1
[2024.04.16-13.06.42:012][  0]LogD3D11RHI:     DedicatedVideoMemory : 8422162432 bytes
[2024.04.16-13.06.42:012][  0]LogD3D11RHI:     DedicatedSystemMemory : 0 bytes
[2024.04.16-13.06.42:012][  0]LogD3D11RHI:     SharedSystemMemory : 8521385984 bytes
[2024.04.16-13.06.42:012][  0]LogD3D11RHI:     AdapterLuid : 0 61364
[2024.04.16-13.06.42:016][  0]LogD3D11RHI: Creating new Direct3DDevice
[2024.04.16-13.06.42:016][  0]LogD3D11RHI:     GPU DeviceId: 0x2488 (for the marketing name, search the web for "GPU Device Id")
[2024.04.16-13.06.42:016][  0]LogWindows: EnumDisplayDevices:
[2024.04.16-13.06.42:016][  0]LogWindows:    0. 'NVIDIA GeForce RTX 3070' (P:1 D:1)
[2024.04.16-13.06.42:016][  0]LogWindows:    1. 'NVIDIA GeForce RTX 3070' (P:0 D:0)
[2024.04.16-13.06.42:016][  0]LogWindows:    2. 'NVIDIA GeForce RTX 3070' (P:0 D:0)
[2024.04.16-13.06.42:016][  0]LogWindows:    3. 'NVIDIA GeForce RTX 3070' (P:0 D:0)
[2024.04.16-13.06.42:016][  0]LogWindows: DebugString: FoundDriverCount:4 
[2024.04.16-13.06.42:016][  0]LogD3D11RHI:     Adapter Name: NVIDIA GeForce RTX 3070
[2024.04.16-13.06.42:016][  0]LogD3D11RHI:   Driver Version: 535.98 (internal:31.0.15.3598, unified:535.98)
[2024.04.16-13.06.42:016][  0]LogD3D11RHI:      Driver Date: 5-24-2023
[2024.04.16-13.06.42:016][  0]LogRHI: Texture pool is 5622 MB (70% of 8032 MB)
[2024.04.16-13.06.42:016][  0]LogD3D11RHI: Creating D3DDevice using adapter:
[2024.04.16-13.06.42:016][  0]LogD3D11RHI:     Description : NVIDIA GeForce RTX 3070
[2024.04.16-13.06.42:016][  0]LogD3D11RHI:     VendorId    : 10de
[2024.04.16-13.06.42:016][  0]LogD3D11RHI:     DeviceId    : 2488
[2024.04.16-13.06.42:016][  0]LogD3D11RHI:     SubSysId    : 39091462
[2024.04.16-13.06.42:016][  0]LogD3D11RHI:     Revision    : 00a1
[2024.04.16-13.06.42:016][  0]LogD3D11RHI:     DedicatedVideoMemory : 8422162432 bytes
[2024.04.16-13.06.42:016][  0]LogD3D11RHI:     DedicatedSystemMemory : 0 bytes
[2024.04.16-13.06.42:016][  0]LogD3D11RHI:     SharedSystemMemory : 8521385984 bytes
[2024.04.16-13.06.42:016][  0]LogD3D11RHI:     AdapterLuid : 0 61364
[2024.04.16-13.06.42:075][  0]LogD3D11RHI: RHI has support for 64 bit atomics
[2024.04.16-13.06.42:075][  0]LogD3D11RHI: Async texture creation enabled
[2024.04.16-13.06.42:075][  0]LogD3D11RHI: Array index from any shader is supported
[2024.04.16-13.06.42:109][  0]LogD3D11RHI: GPU Timing Frequency: 1000.000000 (Debug: 2 2)
[2024.04.16-13.06.42:125][  0]LogRHI: GeForceNow SDK initialized: 1
[2024.04.16-13.06.42:308][  0]LogTargetPlatformManager: Display: Loaded TargetPlatform 'AllDesktop'
[2024.04.16-13.06.42:321][  0]LogTargetPlatformManager: Display: Loaded TargetPlatform 'Android'
[2024.04.16-13.06.42:321][  0]LogTargetPlatformManager: Display: Loaded TargetPlatform 'Android_ASTC'
[2024.04.16-13.06.42:321][  0]LogTargetPlatformManager: Display: Loaded TargetPlatform 'Android_DXT'
[2024.04.16-13.06.42:321][  0]LogTargetPlatformManager: Display: Loaded TargetPlatform 'Android_ETC2'
[2024.04.16-13.06.42:321][  0]LogTargetPlatformManager: Display: Loaded TargetPlatform 'AndroidClient'
[2024.04.16-13.06.42:321][  0]LogTargetPlatformManager: Display: Loaded TargetPlatform 'Android_ASTCClient'
[2024.04.16-13.06.42:321][  0]LogTargetPlatformManager: Display: Loaded TargetPlatform 'Android_DXTClient'
[2024.04.16-13.06.42:321][  0]LogTargetPlatformManager: Display: Loaded TargetPlatform 'Android_ETC2Client'
[2024.04.16-13.06.42:321][  0]LogTargetPlatformManager: Display: Loaded TargetPlatform 'Android_Multi'
[2024.04.16-13.06.42:321][  0]LogTargetPlatformManager: Display: Loaded TargetPlatform 'Android_MultiClient'
[2024.04.16-13.06.42:332][  0]LogTargetPlatformManager: Display: Loaded TargetPlatform 'IOSClient'
[2024.04.16-13.06.42:332][  0]LogTargetPlatformManager: Display: Loaded TargetPlatform 'IOS'
[2024.04.16-13.06.42:338][  0]LogTargetPlatformManager: Display: Loaded TargetPlatform 'Linux'
[2024.04.16-13.06.42:341][  0]LogTargetPlatformManager: Display: Loaded TargetPlatform 'LinuxNoEditor'
[2024.04.16-13.06.42:343][  0]LogTargetPlatformManager: Display: Loaded TargetPlatform 'LinuxClient'
[2024.04.16-13.06.42:346][  0]LogTargetPlatformManager: Display: Loaded TargetPlatform 'LinuxServer'
[2024.04.16-13.06.42:352][  0]LogTargetPlatformManager: Display: Loaded TargetPlatform 'LinuxAArch64NoEditor'
[2024.04.16-13.06.42:355][  0]LogTargetPlatformManager: Display: Loaded TargetPlatform 'LinuxAArch64Client'
[2024.04.16-13.06.42:358][  0]LogTargetPlatformManager: Display: Loaded TargetPlatform 'LinuxAArch64Server'
[2024.04.16-13.06.42:371][  0]LogTargetPlatformManager: Display: Loaded TargetPlatform 'Lumin'
[2024.04.16-13.06.42:372][  0]LogTargetPlatformManager: Display: Loaded TargetPlatform 'LuminClient'
[2024.04.16-13.06.42:377][  0]LogTargetPlatformManager: Display: Loaded TargetPlatform 'MacNoEditor'
[2024.04.16-13.06.42:379][  0]LogTargetPlatformManager: Display: Loaded TargetPlatform 'Mac'
[2024.04.16-13.06.42:382][  0]LogTargetPlatformManager: Display: Loaded TargetPlatform 'MacClient'
[2024.04.16-13.06.42:385][  0]LogTargetPlatformManager: Display: Loaded TargetPlatform 'MacServer'
[2024.04.16-13.06.42:391][  0]LogTargetPlatformManager: Display: Loaded TargetPlatform 'TVOSClient'
[2024.04.16-13.06.42:391][  0]LogTargetPlatformManager: Display: Loaded TargetPlatform 'TVOS'
[2024.04.16-13.06.42:396][  0]LogTargetPlatformManager: Display: Loaded TargetPlatform 'WindowsNoEditor'
[2024.04.16-13.06.42:399][  0]LogTargetPlatformManager: Display: Loaded TargetPlatform 'Windows'
[2024.04.16-13.06.42:401][  0]LogTargetPlatformManager: Display: Loaded TargetPlatform 'WindowsClient'
[2024.04.16-13.06.42:404][  0]LogTargetPlatformManager: Display: Loaded TargetPlatform 'WindowsServer'
[2024.04.16-13.06.42:404][  0]LogTargetPlatformManager: Display: Building Assets For Windows
[2024.04.16-13.06.42:408][  0]LogAudioDebug: Display: Lib vorbis DLL was dynamically loaded.
[2024.04.16-13.06.42:427][  0]LogTextureFormatOodle: Display: Oodle Texture 2.9.0 init RDO Off
[2024.04.16-13.06.42:447][  0]LogRendererCore: Ray tracing is disabled. Reason: r.RayTracing=0.
[2024.04.16-13.06.42:447][  0]LogShaderCompilers: Guid format shader working directory is -36 characters bigger than the processId version (../../../../../../Users/Owner/storage/northumbria-university/my/uproject/StayCalm/Intermediate/Shaders/WorkingDirectory/17160/).
[2024.04.16-13.06.42:447][  0]LogShaderCompilers: Cleaned the shader compiler working directory 'C:/Users/Owner/AppData/Local/Temp/UnrealShaderWorkingDir/8D9B038A41E092F6B03451AAFE2BBFF9/'.
[2024.04.16-13.06.42:447][  0]LogXGEController: Cannot use XGE Controller as Incredibuild is not installed on this machine.
[2024.04.16-13.06.42:447][  0]LogShaderCompilers: Cannot use XGE Shader Compiler as Incredibuild is not installed on this machine.
[2024.04.16-13.06.42:447][  0]LogShaderCompilers: Display: Using Local Shader Compiler.
[2024.04.16-13.06.42:935][  0]LogDerivedDataCache: Display: Max Cache Size: 512 MB
[2024.04.16-13.06.42:967][  0]LogDerivedDataCache: Loaded boot cache 0.03s 94MB C:/Users/Owner/AppData/Local/UnrealEngine/4.27/DerivedDataCache/Boot.ddc.
[2024.04.16-13.06.42:967][  0]LogDerivedDataCache: Display: Loaded Boot cache: C:/Users/Owner/AppData/Local/UnrealEngine/4.27/DerivedDataCache/Boot.ddc
[2024.04.16-13.06.42:967][  0]LogDerivedDataCache: FDerivedDataBackendGraph:  Pak pak cache file ../../../../../../Users/Owner/storage/northumbria-university/my/uproject/StayCalm/DerivedDataCache/DDC.ddp not found, will not use a pak cache.
[2024.04.16-13.06.42:967][  0]LogDerivedDataCache: Unable to find inner node Pak for hierarchical cache Hierarchy.
[2024.04.16-13.06.42:967][  0]LogDerivedDataCache: FDerivedDataBackendGraph:  CompressedPak pak cache file ../../../../../../Users/Owner/storage/northumbria-university/my/uproject/StayCalm/DerivedDataCache/Compressed.ddp not found, will not use a pak cache.
[2024.04.16-13.06.42:967][  0]LogDerivedDataCache: Unable to find inner node CompressedPak for hierarchical cache Hierarchy.
[2024.04.16-13.06.42:979][  0]LogDerivedDataCache: Display: Pak cache opened for reading ../../../Engine/DerivedDataCache/Compressed.ddp.
[2024.04.16-13.06.42:979][  0]LogDerivedDataCache: FDerivedDataBackendGraph:  EnterprisePak pak cache file ../../../Enterprise/DerivedDataCache/Compressed.ddp not found, will not use a pak cache.
[2024.04.16-13.06.42:979][  0]LogDerivedDataCache: Unable to find inner node EnterprisePak for hierarchical cache Hierarchy.
[2024.04.16-13.06.42:982][  0]LogDerivedDataCache: Speed tests for C:/Users/Owner/AppData/Local/UnrealEngine/Common/DerivedDataCache took 0.00 seconds
[2024.04.16-13.06.42:982][  0]LogDerivedDataCache: Display: Performance to C:/Users/Owner/AppData/Local/UnrealEngine/Common/DerivedDataCache: Latency=0.02ms. RandomReadSpeed=2279.76MBs, RandomWriteSpeed=345.71MBs. Assigned SpeedClass 'Local'
[2024.04.16-13.06.42:983][  0]LogDerivedDataCache: Using Local data cache path C:/Users/Owner/AppData/Local/UnrealEngine/Common/DerivedDataCache: Writable
[2024.04.16-13.06.42:983][  0]LogDerivedDataCache: Shared data cache path not found in *engine.ini, will not use an Shared cache.
[2024.04.16-13.06.42:983][  0]LogDerivedDataCache: Unable to find inner node Shared for hierarchical cache Hierarchy.
[2024.04.16-13.06.43:014][  0]LogSlate: Using FreeType 2.10.0
[2024.04.16-13.06.43:014][  0]LogSlate: SlateFontServices - WITH_FREETYPE: 1, WITH_HARFBUZZ: 1
[2024.04.16-13.06.43:030][  0]LogAssetRegistry: FAssetRegistry took 0.0017 seconds to start up
[2024.04.16-13.06.43:038][  0]LogWindows: Windows GetLastError: The operation completed successfully. (0)
[2024.04.16-13.06.43:183][  0]LogInit: Selected Device Profile: [Windows]
[2024.04.16-13.06.43:183][  0]LogInit: Active device profile: [0000016BA39F9100][0000016B96CAB980 49] Windows
[2024.04.16-13.06.43:183][  0]LogInit: Profiles: [0000016BA39F9100][0000016B96CAB980 49] Windows, [0000016BA39D6500][0000016B96CB3B00 49] WindowsNoEditor, [0000016BA39FA200][0000016B96CB6100 49] WindowsServer, [0000016BA39D5700][0000016B96CBA280 49] WindowsClient, [0000016BA39F9700][0000016B96CBE400 49] IOS, [0000016BA39D6700][0000016BA1B98580 49] iPadAir, [0000016BA39FBC00][0000016BA1B9C700 49] iPadAir2, [0000016BA397D400][0000016B96CAE980 49] IPadPro, [0000016BA397D500][0000016BA1BA09C0 49] iPadAir3, [0000016BA39D7800][0000016BA1BA4B00 49] iPadAir4, [0000016BA397E300][0000016BA1BA8C40 49] iPadMini2, [0000016BA39D6F00][0000016BA1BACD80 49] iPadMini3, [0000016BA397EF00][0000016BA1BB4F00 49] iPadMini4, [0000016BA39D5C00][0000016BA1BB9080 49] iPadMini5, [0000016BA39A5000][0000016BA1BC1340 49] iPhone6, [0000016BA39A5100][0000016BA1BBD380 49] iPodTouch6, [0000016BA39FB900][0000016BA1BC9640 49] iPhone7, [0000016BA39FA900][0000016BA1BC5680 49] iPodTouch7, [0000016BA397D000][0000016BA1BCD800 49] iPhone5S, [0000016BA39FAF00][0000016BA1BD1980 49] iPhone6Plus, [0000016BA397F600][0000016BA1BD5B00 49] iPhone6S, [0000016BA39F8C00][0000016BA1BD8100 49] iPhone6SPlus, [0000016BA39F9D00][0000016BA1BDC280 49] iPhone7Plus, [0000016BA39A4800][0000016BA1BE0400 49] iPhoneSE, [0000016BA39F8400][0000016BA1BE4580 49] iPhone8, [0000016BA39A4900][0000016BA1BE8700 49] iPhone8Plus, [0000016BA39A6E00][0000016BA1BEC880 49] iPhoneX, [0000016BA397DD00][0000016B968B2A00 49] iPhoneXS, [0000016BA39A6700][0000016BA1BB0B40 49] iPhoneXSMax, [0000016BA397DC00][0000016B968B6C80 49] iPhoneXR, [0000016BA39A6800][0000016B968BADC0 49] iPhone11, [0000016BA397CF00][0000016B968BEF00 49] iPhone11Pro, [0000016BA39A4B00][0000016B968C7080 49] iPhone11ProMax, [0000016BA397CD00][0000016B968CB200 49] iPhoneSE2, [0000016BA39A4E00][0000016B968CF380 49] iPhone12Mini, [0000016BA39FB800][0000016B968D3500 49] iPhone12, [0000016BA39A7000][0000016B968D7680 49] iPhone12Pro, [0000016BA39FB700][0000016B968DB800 49] iPhone12ProMax, [0000016BA39A5E00][0000016B968DF980 49] iPadPro105, [0000016BA39F9300][0000016B968E3B00 49] iPadPro129, [0000016BA39A7E00][0000016B968E6100 49] iPadPro97, [0000016BA39F9C00][0000016B968EA280 49] iPadPro2_129, [0000016BA39A6000][0000016B968EE400 49] iPad5, [0000016BA39FA300][0000016B968F2580 49] iPad6, [0000016BA39A7B00][0000016B968F6700 49] iPad7, [0000016BA39F9E00][0000016B968FA880 49] iPad8, [0000016BA39A4A00][0000016B968FEA00 49] iPadPro11, [0000016BA39FA600][0000016B96902B80 49] iPadPro2_11, [0000016BA39A4F00][0000016B96906D00 49] iPadPro3_129, [0000016BA39FA800][0000016B968C2E40 49] iPadPro4_129, [0000016BA39A7C00][0000016B9690AF80 49] AppleTV, [0000016BA39F9A00][0000016B9690F0C0 49] AppleTV4K, [0000016BA39A6600][0000016B96917240 49] TVOS, [0000016BA39FA100][0000016B9691B3C0 49] Mac, [0000016BA39A6F00][0000016B9691F540 49] MacClient, [0000016BA39FAA00][0000016B969236C0 49] MacNoEditor, [0000016BA39A6C00][0000016B96927840 49] MacServer, [0000016BA39FB000][0000016B9692B9C0 49] Linux, [0000016BA39A4400][0000016B9692FB40 49] LinuxAArch64, [0000016BA39F8700][0000016B96932140 49] LinuxNoEditor, [0000016BA39A7700][0000016B969362C0 49] LinuxAArch64NoEditor, [0000016BA39FBB00][0000016B9693A440 49] LinuxClient, [0000016BA39A7400][0000016B9693E5C0 49] LinuxAArch64Client, [0000016BA39FBE00][0000016B96942740 49] LinuxServer, [0000016BA39A4700][0000016B969468C0 49] LinuxAArch64Server, [0000016BA39F9F00][0000016B9694AA40 49] Android, [0000016BA39A6A00][0000016B9694EBC0 49] Android_Low, [0000016BA39FAD00][0000016B96952D40 49] Android_Mid, [0000016BA39A5F00][0000016B96956EC0 49] Android_High, [0000016BA39FAB00][0000016B96913000 49] Android_Default, [0000016BA39A4100][0000016BA3C01140 49] Android_Adreno4xx, [0000016BA39F8500][0000016BA3C05280 49] Android_Adreno5xx_Low, [0000016BA39A5400][0000016BA3C093C0 49] Android_Adreno5xx, [0000016BA39FB400][0000016BA3C11540 49] Android_Adreno6xx, [0000016BA39A6300][0000016BA3C156C0 49] Android_Adreno6xx_Vulkan, [0000016BA39FBD00][0000016BA3C19840 49] Android_Mali_T6xx, [0000016BA39A4200][0000016BA3C1D9C0 49] Android_Mali_T7xx, [0000016BA39FB600][0000016BA3C21B40 49] Android_Mali_T8xx, [0000016BA39A7200][0000016BA3C24140 49] Android_Mali_G71, [0000016BA397F100][0000016BA3C282C0 49] Android_Mali_G72, [0000016BA39D6D00][0000016BA3C2C440 49] Android_Mali_G72_Vulkan, [0000016BA397EB00][0000016BA3C305C0 49] Android_Mali_G76, [0000016BA39D4500][0000016BA3C34740 49] Android_Mali_G76_Vulkan, [0000016BA397CC00][0000016BA3C388C0 49] Android_Mali_G77, [0000016BA39D4600][0000016BA3C3CA40 49] Android_Mali_G77_Vulkan, [0000016BA397E400][0000016BA3C40BC0 49] Android_Mali_G78, [0000016BA39D4D00][0000016BA3C44D40 49] Android_Mali_G78_Vulkan, [0000016BA397FD00][0000016BA3C48EC0 49] Android_Mali_G710, [0000016BA39D6900][0000016BA3C4D040 49] Android_Mali_G710_Vulkan, [0000016BA397EA00][0000016BA3C0D180 49] Android_Vulkan_SM5, [0000016BA39D5800][0000016BA3C512C0 49] Android_PowerVR_G6xxx, [0000016BA397C500][0000016BA3C55400 49] Android_PowerVR_GT7xxx, [0000016BA39D4200][0000016BA3C59540 49] Android_PowerVR_GE8xxx, [0000016BA397FB00][0000016BA3C616C0 49] Android_PowerVR_GM9xxx, [0000016BA39D5F00][0000016BA3C65840 49] Android_PowerVR_GM9xxx_Vulkan, [0000016BA397DF00][0000016BA3C699C0 49] Android_TegraK1, [0000016BA39D4A00][0000016BA3C6DB40 49] Android_Unknown_Vulkan, [0000016BA397F900][0000016BA3C70140 49] Lumin, [0000016BA39D5100][0000016BA3C742C0 49] Lumin_Desktop, [0000016BA397E000][0000016BA3C78440 49] HoloLens, 
[2024.04.16-13.06.43:508][  0]LogMeshReduction: Using QuadricMeshReduction for automatic static mesh reduction
[2024.04.16-13.06.43:508][  0]LogMeshReduction: Using SimplygonMeshReduction for automatic skeletal mesh reduction
[2024.04.16-13.06.43:508][  0]LogMeshReduction: Using ProxyLODMeshReduction for automatic mesh merging
[2024.04.16-13.06.43:508][  0]LogMeshReduction: No distributed automatic mesh merging module available
[2024.04.16-13.06.43:508][  0]LogMeshMerging: No distributed automatic mesh merging module available
[2024.04.16-13.06.43:519][  0]LogNetVersion: StayCalm 1.0.0, NetCL: 17155196, EngineNetVer: 17, GameNetVer: 0 (Checksum: 1719702328)
[2024.04.16-13.06.43:658][  0]LogThreadingWindows: Error: Runnable thread FAssetDataGatherer crashed.
[2024.04.16-13.06.43:658][  0]LogWindows: Error: === Critical error: ===
[2024.04.16-13.06.43:658][  0]LogWindows: Error: 
[2024.04.16-13.06.43:658][  0]LogWindows: Error: Assertion failed: NumBytes == Strings.Num() [File:D:/Build/++UE4/Sync/Engine/Source/Runtime/Core/Private/UObject/UnrealNames.cpp] [Line: 3336] 
[2024.04.16-13.06.43:658][  0]LogWindows: Error: 
[2024.04.16-13.06.43:658][  0]LogWindows: Error: 
[2024.04.16-13.06.43:658][  0]LogWindows: Error: 
[2024.04.16-13.06.43:658][  0]LogWindows: Error: [Callstack] 0x00007ff9234d53ac KERNELBASE.dll!UnknownFunction []
[2024.04.16-13.06.43:658][  0]LogWindows: Error: [Callstack] 0x00007ff8c1240216 UE4Editor-Core.dll!UnknownFunction []
[2024.04.16-13.06.43:658][  0]LogWindows: Error: [Callstack] 0x00007ff8c1244218 UE4Editor-Core.dll!UnknownFunction []
[2024.04.16-13.06.43:658][  0]LogWindows: Error: [Callstack] 0x00007ff8c0f6242d UE4Editor-Core.dll!UnknownFunction []
[2024.04.16-13.06.43:658][  0]LogWindows: Error: [Callstack] 0x00007ff8c0eb6a45 UE4Editor-Core.dll!UnknownFunction []
[2024.04.16-13.06.43:658][  0]LogWindows: Error: [Callstack] 0x00007ff8c0eb80a0 UE4Editor-Core.dll!UnknownFunction []
[2024.04.16-13.06.43:658][  0]LogWindows: Error: [Callstack] 0x00007ff8c123d549 UE4Editor-Core.dll!UnknownFunction []
[2024.04.16-13.06.43:658][  0]LogWindows: Error: [Callstack] 0x00007ff8c123c347 UE4Editor-Core.dll!UnknownFunction []
[2024.04.16-13.06.43:658][  0]LogWindows: Error: [Callstack] 0x00007ff8c123cbd8 UE4Editor-Core.dll!UnknownFunction []
[2024.04.16-13.06.43:658][  0]LogWindows: Error: [Callstack] 0x00007ff8b94887a4 UE4Editor-AssetRegistry.dll!UnknownFunction []
[2024.04.16-13.06.43:659][  0]LogWindows: Error: [Callstack] 0x00007ff8b94dfb46 UE4Editor-AssetRegistry.dll!UnknownFunction []
[2024.04.16-13.06.43:659][  0]LogWindows: Error: [Callstack] 0x00007ff8c125ff0b UE4Editor-Core.dll!UnknownFunction []
[2024.04.16-13.06.43:659][  0]LogWindows: Error: [Callstack] 0x00007ff8c1257050 UE4Editor-Core.dll!UnknownFunction []
[2024.04.16-13.06.43:659][  0]LogWindows: Error: [Callstack] 0x00007ff924c3257d KERNEL32.DLL!UnknownFunction []
[2024.04.16-13.06.43:659][  0]LogWindows: Error: [Callstack] 0x00007ff925ceaa48 ntdll.dll!UnknownFunction []
[2024.04.16-13.06.43:659][  0]LogWindows: Error: 
[2024.04.16-13.06.43:659][  0]LogWindows: Error: Crash in runnable thread FAssetDataGatherer
[2024.04.16-13.06.43:670][  0]LogExit: Executing StaticShutdownAfterError
[2024.04.16-13.06.43:670][  0]LogWindows: FPlatformMisc::RequestExit(1)
[2024.04.16-13.06.43:670][  0]LogWindows: FPlatformMisc::RequestExitWithStatus(1, 3)
[2024.04.16-13.06.43:670][  0]LogCore: Engine exit requested (reason: Win RequestExit)
[2024.04.16-13.06.43:680][  0]Log file closed, 04/16/24 14:06:43
