Log file open, 04/16/24 14:13:02
LogWindows: Failed to load 'aqProf.dll' (GetLastError=126)
LogWindows: File 'aqProf.dll' does not exist
LogWindows: Failed to load 'VtuneApi.dll' (GetLastError=126)
LogWindows: File 'VtuneApi.dll' does not exist
LogWindows: Failed to load 'VtuneApi32e.dll' (GetLastError=126)
LogWindows: File 'VtuneApi32e.dll' does not exist
LogConsoleResponse: Display: Failed to find resolution value strings in scalability ini. Falling back to default.
LogConsoleResponse: Display: Failed to find resolution value strings in scalability ini. Falling back to default.
LogInit: Display: Running engine for game: StayCalm
LogPlatformFile: Not using cached read wrapper
LogTaskGraph: Started task graph with 5 named threads and 47 total threads with 3 sets of task threads.
LogStats: Stats thread started at 0.158823
LogICUInternationalization: ICU TimeZone Detection - Raw Offset: +0:00, Platform Override: ''
LogInit: Display: Loading text-based GConfig....
LogPluginManager: Mounting plugin MeshPainting
LogPluginManager: Mounting plugin XGEController
LogPluginManager: Mounting plugin Paper2D
LogPluginManager: Mounting plugin EnvironmentQueryEditor
LogPluginManager: Mounting plugin AISupport
LogPluginManager: Mounting plugin LightPropagationVolume
LogPluginManager: Mounting plugin LiveLink
LogPluginManager: Mounting plugin CameraShakePreviewer
LogPluginManager: Mounting plugin OodleData
LogPluginManager: Mounting plugin GameplayCameras
LogPluginManager: Mounting plugin AssetManagerEditor
LogPluginManager: Mounting plugin OodleNetwork
LogPluginManager: Mounting plugin CurveEditorTools
LogPluginManager: Mounting plugin CryptoKeys
LogPluginManager: Mounting plugin DataValidation
LogPluginManager: Mounting plugin GameplayTagsEditor
LogPluginManager: Mounting plugin FacialAnimation
LogPluginManager: Mounting plugin GeometryMode
LogPluginManager: Mounting plugin MaterialAnalyzer
LogPluginManager: Mounting plugin MacGraphicsSwitching
LogPluginManager: Mounting plugin PluginBrowser
LogPluginManager: Mounting plugin MobileLauncherProfileWizard
LogPluginManager: Mounting plugin SpeedTreeImporter
LogPluginManager: Mounting plugin AnimationSharing
LogPluginManager: Mounting plugin AlembicImporter
LogPluginManager: Mounting plugin AutomationUtils
LogPluginManager: Mounting plugin BackChannel
LogPluginManager: Mounting plugin CLionSourceCodeAccess
LogPluginManager: Mounting plugin CodeLiteSourceCodeAccess
LogPluginManager: Mounting plugin ChaosCloth
LogPluginManager: Mounting plugin ChaosClothEditor
LogPluginManager: Mounting plugin GitSourceControl
LogPluginManager: Mounting plugin KDevelopSourceCodeAccess
LogPluginManager: Mounting plugin ChaosEditor
LogPluginManager: Mounting plugin NullSourceCodeAccess
LogPluginManager: Mounting plugin ChaosNiagara
LogPluginManager: Mounting plugin ChaosSolverPlugin
LogPluginManager: Mounting plugin PerforceSourceControl
LogPluginManager: Mounting plugin PixWinPlugin
LogPluginManager: Mounting plugin CharacterAI
LogPluginManager: Mounting plugin PlasticSourceControl
LogPluginManager: Mounting plugin PluginUtils
LogPluginManager: Mounting plugin PropertyAccessNode
LogPluginManager: Mounting plugin DatasmithContent
LogPluginManager: Mounting plugin SubversionSourceControl
LogPluginManager: Mounting plugin RiderSourceCodeAccess
LogPluginManager: Mounting plugin TextureFormatOodle
LogPluginManager: Mounting plugin UObjectPlugin
LogPluginManager: Mounting plugin VisualStudioCodeSourceCodeAccess
LogPluginManager: Mounting plugin VariantManagerContent
LogPluginManager: Mounting plugin VisualStudioSourceCodeAccess
LogPluginManager: Mounting plugin GeometryCache
LogPluginManager: Mounting plugin XCodeSourceCodeAccess
LogPluginManager: Mounting plugin GeometryCollectionPlugin
LogPluginManager: Mounting plugin GeometryProcessing
LogPluginManager: Mounting plugin MotoSynth
LogPluginManager: Mounting plugin OpenImageDenoise
LogPluginManager: Mounting plugin PlanarCut
LogPluginManager: Mounting plugin PlatformCrypto
LogPluginManager: Mounting plugin ProxyLODPlugin
LogPluginManager: Mounting plugin PythonScriptPlugin
LogPluginManager: Mounting plugin SkeletalReduction
LogPluginManager: Mounting plugin TcpSocketPlugin
LogPluginManager: Mounting plugin Niagara
LogPluginManager: Mounting plugin AndroidMedia
LogPluginManager: Mounting plugin AvfMedia
LogPluginManager: Mounting plugin ImgMedia
LogPluginManager: Mounting plugin MediaCompositing
LogPluginManager: Mounting plugin MediaPlayerEditor
LogPluginManager: Mounting plugin WebMMedia
LogPluginManager: Mounting plugin WmfMedia
LogPluginManager: Mounting plugin LuminPlatformFeatures
LogPluginManager: Mounting plugin MagicLeap
LogPluginManager: Mounting plugin MagicLeapLightEstimation
LogPluginManager: Mounting plugin MagicLeapMedia
LogPluginManager: Mounting plugin MagicLeapPassableWorld
LogPluginManager: Mounting plugin MLSDK
LogPluginManager: Mounting plugin TcpMessaging
LogPluginManager: Mounting plugin UdpMessaging
LogPluginManager: Mounting plugin OnlineSubsystem
LogPluginManager: Mounting plugin OnlineSubsystemNull
LogPluginManager: Mounting plugin OnlineSubsystemUtils
LogPluginManager: Mounting plugin ActorSequence
LogPluginManager: Mounting plugin MatineeToLevelSequence
LogPluginManager: Mounting plugin LevelSequenceEditor
LogPluginManager: Mounting plugin TemplateSequence
LogPluginManager: Mounting plugin LauncherChunkInstaller
LogPluginManager: Mounting plugin ScreenshotTools
LogPluginManager: Mounting plugin ActorLayerUtilities
LogPluginManager: Mounting plugin AndroidMoviePlayer
LogPluginManager: Mounting plugin AndroidPermission
LogPluginManager: Mounting plugin AppleImageUtils
LogPluginManager: Mounting plugin AppleMoviePlayer
LogPluginManager: Mounting plugin ArchVisCharacter
LogPluginManager: Mounting plugin AssetTags
LogPluginManager: Mounting plugin AudioSynesthesia
LogPluginManager: Mounting plugin AudioCapture
LogPluginManager: Mounting plugin CableComponent
LogPluginManager: Mounting plugin ChunkDownloader
LogPluginManager: Mounting plugin CustomMeshComponent
LogPluginManager: Mounting plugin AndroidDeviceProfileSelector
LogPluginManager: Mounting plugin EditableMesh
LogPluginManager: Mounting plugin ExampleDeviceProfileSelector
LogPluginManager: Mounting plugin GoogleCloudMessaging
LogPluginManager: Mounting plugin Takes
LogPluginManager: Mounting plugin GooglePAD
LogPluginManager: Mounting plugin IOSDeviceProfileSelector
LogPluginManager: Mounting plugin LinuxDeviceProfileSelector
LogPluginManager: Mounting plugin LocationServicesBPLibrary
LogPluginManager: Mounting plugin MobilePatchingUtils
LogPluginManager: Mounting plugin OpenXR
LogPluginManager: Mounting plugin OpenXREyeTracker
LogPluginManager: Mounting plugin OpenXRHandTracking
LogPluginManager: Mounting plugin PostSplashScreen
LogPluginManager: Mounting plugin ProceduralMeshComponent
LogPluginManager: Mounting plugin PhysXVehicles
LogPluginManager: Mounting plugin PropertyAccessEditor
LogPluginManager: Mounting plugin RuntimePhysXCooking
LogPluginManager: Mounting plugin SignificanceManager
LogPluginManager: Mounting plugin SoundFields
LogPluginManager: Mounting plugin Synthesis
LogPluginManager: Mounting plugin WebMMoviePlayer
LogPluginManager: Mounting plugin WindowsMoviePlayer
LogPluginManager: Mounting plugin ContentBrowserAssetDataSource
LogPluginManager: Mounting plugin ContentBrowserClassDataSource
LogPluginManager: Mounting plugin ContentBrowserFileDataSource
LogPluginManager: Mounting plugin OnlineSubsystemIOS
LogPluginManager: Mounting plugin OnlineSubsystemGooglePlay
LogPluginManager: Mounting plugin OculusVR
LogPluginManager: Mounting plugin SteamVR
PixWinPlugin: PIX capture plugin failed to initialize! Check that the process is launched from PIX.
LogLuminAPIImpl: Warning: MLSDK not found.  This likely means the MLSDK environment variable is not set.
LogInit: Using libcurl 7.55.1-DEV
LogInit:  - built for x86_64-pc-win32
LogInit:  - supports SSL with OpenSSL/1.1.1
LogInit:  - supports HTTP deflate (compression) using libz 1.2.8
LogInit:  - other features:
LogInit:      CURL_VERSION_SSL
LogInit:      CURL_VERSION_LIBZ
LogInit:      CURL_VERSION_IPV6
LogInit:      CURL_VERSION_ASYNCHDNS
LogInit:      CURL_VERSION_LARGEFILE
LogInit:      CURL_VERSION_IDN
LogInit:  CurlRequestOptions (configurable via config and command line):
LogInit:  - bVerifyPeer = true  - Libcurl will verify peer certificate
LogInit:  - bUseHttpProxy = false  - Libcurl will NOT use HTTP proxy
LogInit:  - bDontReuseConnections = false  - Libcurl will reuse connections
LogInit:  - MaxHostConnections = 16  - Libcurl will limit the number of connections to a host
LogInit:  - LocalHostAddr = Default
LogInit:  - BufferSize = 65536
LogOnline: OSS: Creating online subsystem instance for: NULL
LogInit: WinSock: version 1.1 (2.2), MaxSocks=32767, MaxUdp=65467
LogOnline: OSS: TryLoadSubsystemAndSetDefault: Loaded subsystem for module [NULL]
LogOculusPluginWrapper: OculusPlugin initialized successfully
LogHMD: Failed initializing OVRPlugin 1.59.0
LogInit: Build: ++UE4+Release-4.27-CL-18319896
LogInit: Engine Version: 4.27.2-18319896+++UE4+Release-4.27
LogInit: Compatible Engine Version: 4.27.0-17155196+++UE4+Release-4.27
LogInit: Net CL: 17155196
LogInit: OS: Windows 10 (Release 2009) (), CPU: 11th Gen Intel(R) Core(TM) i9-11900F @ 2.50GHz, GPU: NVIDIA GeForce RTX 3070
LogInit: Compiled (64-bit): Nov 30 2021 07:12:08
LogInit: Compiled with Visual C++: 19.24.28315.00
LogInit: Build Configuration: Development
LogInit: Branch Name: ++UE4+Release-4.27
LogInit: Command Line: 
LogInit: Base Directory: C:/Program Files/Epic Games/UE_4.27/Engine/Binaries/Win64/
LogInit: Allocator: TBB
LogInit: Installed Engine Build: 1
LogDevObjectVersion: Number of dev versions registered: 29
LogDevObjectVersion:   Dev-Blueprints (B0D832E4-1F89-4F0D-ACCF-7EB736FD4AA2): 10
LogDevObjectVersion:   Dev-Build (E1C64328-A22C-4D53-A36C-8E866417BD8C): 0
LogDevObjectVersion:   Dev-Core (375EC13C-06E4-48FB-B500-84F0262A717E): 4
LogDevObjectVersion:   Dev-Editor (E4B068ED-F494-42E9-A231-DA0B2E46BB41): 40
LogDevObjectVersion:   Dev-Framework (CFFC743F-43B0-4480-9391-14DF171D2073): 37
LogDevObjectVersion:   Dev-Mobile (B02B49B5-BB20-44E9-A304-32B752E40360): 3
LogDevObjectVersion:   Dev-Networking (A4E4105C-59A1-49B5-A7C5-40C4547EDFEE): 0
LogDevObjectVersion:   Dev-Online (39C831C9-5AE6-47DC-9A44-9C173E1C8E7C): 0
LogDevObjectVersion:   Dev-Physics (78F01B33-EBEA-4F98-B9B4-84EACCB95AA2): 14
LogDevObjectVersion:   Dev-Platform (6631380F-2D4D-43E0-8009-CF276956A95A): 0
LogDevObjectVersion:   Dev-Rendering (12F88B9F-8875-4AFC-A67C-D90C383ABD29): 45
LogDevObjectVersion:   Dev-Sequencer (7B5AE74C-D270-4C10-A958-57980B212A5A): 13
LogDevObjectVersion:   Dev-VR (D7296918-1DD6-4BDD-9DE2-64A83CC13884): 3
LogDevObjectVersion:   Dev-LoadTimes (C2A15278-BFE7-4AFE-6C17-90FF531DF755): 1
LogDevObjectVersion:   Private-Geometry (6EACA3D4-40EC-4CC1-B786-8BED09428FC5): 3
LogDevObjectVersion:   Dev-AnimPhys (29E575DD-E0A3-4627-9D10-D276232CDCEA): 17
LogDevObjectVersion:   Dev-Anim (AF43A65D-7FD3-4947-9873-3E8ED9C1BB05): 15
LogDevObjectVersion:   Dev-ReflectionCapture (6B266CEC-1EC7-4B8F-A30B-E4D90942FC07): 1
LogDevObjectVersion:   Dev-Automation (0DF73D61-A23F-47EA-B727-89E90C41499A): 1
LogDevObjectVersion:   FortniteMain (601D1886-AC64-4F84-AA16-D3DE0DEAC7D6): 47
LogDevObjectVersion:   FortniteRelease (E7086368-6B23-4C58-8439-1B7016265E91): 1
LogDevObjectVersion:   Dev-Enterprise (9DFFBCD6-494F-0158-E221-12823C92A888): 10
LogDevObjectVersion:   Dev-Niagara (F2AED0AC-9AFE-416F-8664-AA7FFA26D6FC): 1
LogDevObjectVersion:   Dev-Destruction (174F1F0B-B4C6-45A5-B13F-2EE8D0FB917D): 10
LogDevObjectVersion:   Dev-Physics-Ext (35F94A83-E258-406C-A318-09F59610247C): 41
LogDevObjectVersion:   Dev-PhysicsMaterial-Chaos (B68FC16E-8B1B-42E2-B453-215C058844FE): 1
LogDevObjectVersion:   Dev-CineCamera (B2E18506-4273-CFC2-A54E-F4BB758BBA07): 1
LogDevObjectVersion:   Dev-VirtualProduction (64F58936-FD1B-42BA-BA96-7289D5D0FA4E): 1
LogDevObjectVersion:   Dev-MediaFramework (6F0ED827-A609-4895-9C91-998D90180EA4): 2
LogInit: Presizing for max 25165824 objects, including 0 objects not considered by GC, pre-allocating 0 bytes for permanent pool.
LogConfig: Applying CVar settings from Section [/Script/Engine.StreamingSettings] File [C:/Users/Owner/storage/northumbria-university/my/uproject/StayCalm/Saved/Config/Windows/Engine.ini]
LogConfig: Setting CVar [[s.MinBulkDataSizeForAsyncLoading:131072]]
LogConfig: Setting CVar [[s.AsyncLoadingThreadEnabled:0]]
LogConfig: Setting CVar [[s.EventDrivenLoaderEnabled:1]]
LogConfig: Setting CVar [[s.WarnIfTimeLimitExceeded:0]]
LogConfig: Setting CVar [[s.TimeLimitExceededMultiplier:1.5]]
LogConfig: Setting CVar [[s.TimeLimitExceededMinTime:0.005]]
LogConfig: Setting CVar [[s.UseBackgroundLevelStreaming:1]]
LogConfig: Setting CVar [[s.PriorityAsyncLoadingExtraTime:15.0]]
LogConfig: Setting CVar [[s.LevelStreamingActorsUpdateTimeLimit:5.0]]
LogConfig: Setting CVar [[s.PriorityLevelStreamingActorsUpdateExtraTime:5.0]]
LogConfig: Setting CVar [[s.LevelStreamingComponentsRegistrationGranularity:10]]
LogConfig: Setting CVar [[s.UnregisterComponentsTimeLimit:1.0]]
LogConfig: Setting CVar [[s.LevelStreamingComponentsUnregistrationGranularity:5]]
LogConfig: Setting CVar [[s.FlushStreamingOnExit:1]]
LogInit: Object subsystem initialized
LogConfig: Setting CVar [[con.DebugEarlyDefault:1]]
LogConfig: Setting CVar [[r.setres:1280x720]]
[2024.04.16-13.13.02:944][  0]LogConfig: Setting CVar [[r.VSync:0]]
[2024.04.16-13.13.02:944][  0]LogConfig: Setting CVar [[r.RHICmdBypass:0]]
[2024.04.16-13.13.02:944][  0]LogConfig: Applying CVar settings from Section [/Script/Engine.RendererSettings] File [C:/Users/Owner/storage/northumbria-university/my/uproject/StayCalm/Saved/Config/Windows/Engine.ini]
[2024.04.16-13.13.02:944][  0]LogConfig: Setting CVar [[r.GPUCrashDebugging:0]]
[2024.04.16-13.13.02:944][  0]LogConfig: Applying CVar settings from Section [/Script/Engine.RendererOverrideSettings] File [C:/Users/Owner/storage/northumbria-university/my/uproject/StayCalm/Saved/Config/Windows/Engine.ini]
[2024.04.16-13.13.02:944][  0]LogConfig: Applying CVar settings from Section [/Script/Engine.StreamingSettings] File [C:/Users/Owner/storage/northumbria-university/my/uproject/StayCalm/Saved/Config/Windows/Engine.ini]
[2024.04.16-13.13.02:944][  0]LogConfig: Setting CVar [[s.MinBulkDataSizeForAsyncLoading:131072]]
[2024.04.16-13.13.02:944][  0]LogConfig: Setting CVar [[s.AsyncLoadingThreadEnabled:0]]
[2024.04.16-13.13.02:944][  0]LogConfig: Setting CVar [[s.EventDrivenLoaderEnabled:1]]
[2024.04.16-13.13.02:944][  0]LogConfig: Setting CVar [[s.WarnIfTimeLimitExceeded:0]]
[2024.04.16-13.13.02:944][  0]LogConfig: Setting CVar [[s.TimeLimitExceededMultiplier:1.5]]
[2024.04.16-13.13.02:944][  0]LogConfig: Setting CVar [[s.TimeLimitExceededMinTime:0.005]]
[2024.04.16-13.13.02:944][  0]LogConfig: Setting CVar [[s.UseBackgroundLevelStreaming:1]]
[2024.04.16-13.13.02:944][  0]LogConfig: Setting CVar [[s.PriorityAsyncLoadingExtraTime:15.0]]
[2024.04.16-13.13.02:944][  0]LogConfig: Setting CVar [[s.LevelStreamingActorsUpdateTimeLimit:5.0]]
[2024.04.16-13.13.02:944][  0]LogConfig: Setting CVar [[s.PriorityLevelStreamingActorsUpdateExtraTime:5.0]]
[2024.04.16-13.13.02:944][  0]LogConfig: Setting CVar [[s.LevelStreamingComponentsRegistrationGranularity:10]]
[2024.04.16-13.13.02:944][  0]LogConfig: Setting CVar [[s.UnregisterComponentsTimeLimit:1.0]]
[2024.04.16-13.13.02:944][  0]LogConfig: Setting CVar [[s.LevelStreamingComponentsUnregistrationGranularity:5]]
[2024.04.16-13.13.02:944][  0]LogConfig: Setting CVar [[s.FlushStreamingOnExit:1]]
[2024.04.16-13.13.02:944][  0]LogConfig: Applying CVar settings from Section [/Script/Engine.GarbageCollectionSettings] File [C:/Users/Owner/storage/northumbria-university/my/uproject/StayCalm/Saved/Config/Windows/Engine.ini]
[2024.04.16-13.13.02:944][  0]LogConfig: Setting CVar [[gc.MaxObjectsNotConsideredByGC:1]]
[2024.04.16-13.13.02:944][  0]LogConfig: Setting CVar [[gc.SizeOfPermanentObjectPool:0]]
[2024.04.16-13.13.02:944][  0]LogConfig: Setting CVar [[gc.FlushStreamingOnGC:0]]
[2024.04.16-13.13.02:944][  0]LogConfig: Setting CVar [[gc.NumRetriesBeforeForcingGC:10]]
[2024.04.16-13.13.02:944][  0]LogConfig: Setting CVar [[gc.AllowParallelGC:1]]
[2024.04.16-13.13.02:944][  0]LogConfig: Setting CVar [[gc.TimeBetweenPurgingPendingKillObjects:61.1]]
[2024.04.16-13.13.02:944][  0]LogConfig: Setting CVar [[gc.MaxObjectsInEditor:25165824]]
[2024.04.16-13.13.02:944][  0]LogConfig: Setting CVar [[gc.IncrementalBeginDestroyEnabled:1]]
[2024.04.16-13.13.02:944][  0]LogConfig: Setting CVar [[gc.CreateGCClusters:1]]
[2024.04.16-13.13.02:944][  0]LogConfig: Setting CVar [[gc.MinGCClusterSize:5]]
[2024.04.16-13.13.02:944][  0]LogConfig: Setting CVar [[gc.ActorClusteringEnabled:0]]
[2024.04.16-13.13.02:944][  0]LogConfig: Setting CVar [[gc.BlueprintClusteringEnabled:0]]
[2024.04.16-13.13.02:944][  0]LogConfig: Setting CVar [[gc.UseDisregardForGCOnDedicatedServers:0]]
[2024.04.16-13.13.02:944][  0]LogConfig: Setting CVar [[gc.MultithreadedDestructionEnabled:1]]
[2024.04.16-13.13.02:944][  0]LogConfig: Applying CVar settings from Section [/Script/Engine.NetworkSettings] File [C:/Users/Owner/storage/northumbria-university/my/uproject/StayCalm/Saved/Config/Windows/Engine.ini]
[2024.04.16-13.13.02:944][  0]LogConfig: Applying CVar settings from Section [/Script/UnrealEd.CookerSettings] File [C:/Users/Owner/storage/northumbria-university/my/uproject/StayCalm/Saved/Config/Windows/Engine.ini]
[2024.04.16-13.13.02:955][  0]LogConfig: Applying CVar settings from Section [ViewDistanceQuality@3] File [C:/Users/Owner/storage/northumbria-university/my/uproject/StayCalm/Saved/Config/Windows/Scalability.ini]
[2024.04.16-13.13.02:955][  0]LogConfig: Setting CVar [[r.SkeletalMeshLODBias:0]]
[2024.04.16-13.13.02:955][  0]LogConfig: Setting CVar [[r.ViewDistanceScale:1.0]]
[2024.04.16-13.13.02:955][  0]LogConfig: Applying CVar settings from Section [AntiAliasingQuality@3] File [C:/Users/Owner/storage/northumbria-university/my/uproject/StayCalm/Saved/Config/Windows/Scalability.ini]
[2024.04.16-13.13.02:955][  0]LogConfig: Setting CVar [[r.PostProcessAAQuality:4]]
[2024.04.16-13.13.02:955][  0]LogConfig: Applying CVar settings from Section [ShadowQuality@3] File [C:/Users/Owner/storage/northumbria-university/my/uproject/StayCalm/Saved/Config/Windows/Scalability.ini]
[2024.04.16-13.13.02:955][  0]LogConfig: Setting CVar [[r.LightFunctionQuality:1]]
[2024.04.16-13.13.02:955][  0]LogConfig: Setting CVar [[r.ShadowQuality:5]]
[2024.04.16-13.13.02:955][  0]LogConfig: Setting CVar [[r.Shadow.CSM.MaxCascades:10]]
[2024.04.16-13.13.02:955][  0]LogConfig: Setting CVar [[r.Shadow.MaxResolution:2048]]
[2024.04.16-13.13.02:955][  0]LogConfig: Setting CVar [[r.Shadow.MaxCSMResolution:2048]]
[2024.04.16-13.13.02:955][  0]LogConfig: Setting CVar [[r.Shadow.RadiusThreshold:0.01]]
[2024.04.16-13.13.02:955][  0]LogConfig: Setting CVar [[r.Shadow.DistanceScale:1.0]]
[2024.04.16-13.13.02:955][  0]LogConfig: Setting CVar [[r.Shadow.CSM.TransitionScale:1.0]]
[2024.04.16-13.13.02:955][  0]LogConfig: Setting CVar [[r.Shadow.PreShadowResolutionFactor:1.0]]
[2024.04.16-13.13.02:955][  0]LogConfig: Setting CVar [[r.DistanceFieldShadowing:1]]
[2024.04.16-13.13.02:955][  0]LogConfig: Setting CVar [[r.DistanceFieldAO:1]]
[2024.04.16-13.13.02:955][  0]LogConfig: Setting CVar [[r.AOQuality:2]]
[2024.04.16-13.13.02:955][  0]LogConfig: Setting CVar [[r.VolumetricFog:1]]
[2024.04.16-13.13.02:955][  0]LogConfig: Setting CVar [[r.VolumetricFog.GridPixelSize:8]]
[2024.04.16-13.13.02:955][  0]LogConfig: Setting CVar [[r.VolumetricFog.GridSizeZ:128]]
[2024.04.16-13.13.02:955][  0]LogConfig: Setting CVar [[r.VolumetricFog.HistoryMissSupersampleCount:4]]
[2024.04.16-13.13.02:955][  0]LogConfig: Setting CVar [[r.LightMaxDrawDistanceScale:1]]
[2024.04.16-13.13.02:955][  0]LogConfig: Setting CVar [[r.CapsuleShadows:1]]
[2024.04.16-13.13.02:955][  0]LogConfig: Applying CVar settings from Section [PostProcessQuality@3] File [C:/Users/Owner/storage/northumbria-university/my/uproject/StayCalm/Saved/Config/Windows/Scalability.ini]
[2024.04.16-13.13.02:955][  0]LogConfig: Setting CVar [[r.MotionBlurQuality:4]]
[2024.04.16-13.13.02:955][  0]LogConfig: Setting CVar [[r.AmbientOcclusionMipLevelFactor:0.4]]
[2024.04.16-13.13.02:955][  0]LogConfig: Setting CVar [[r.AmbientOcclusionMaxQuality:100]]
[2024.04.16-13.13.02:955][  0]LogConfig: Setting CVar [[r.AmbientOcclusionLevels:-1]]
[2024.04.16-13.13.02:955][  0]LogConfig: Setting CVar [[r.AmbientOcclusionRadiusScale:1.0]]
[2024.04.16-13.13.02:955][  0]LogConfig: Setting CVar [[r.DepthOfFieldQuality:2]]
[2024.04.16-13.13.02:955][  0]LogConfig: Setting CVar [[r.RenderTargetPoolMin:400]]
[2024.04.16-13.13.02:955][  0]LogConfig: Setting CVar [[r.LensFlareQuality:2]]
[2024.04.16-13.13.02:955][  0]LogConfig: Setting CVar [[r.SceneColorFringeQuality:1]]
[2024.04.16-13.13.02:955][  0]LogConfig: Setting CVar [[r.EyeAdaptationQuality:2]]
[2024.04.16-13.13.02:955][  0]LogConfig: Setting CVar [[r.BloomQuality:5]]
[2024.04.16-13.13.02:955][  0]LogConfig: Setting CVar [[r.FastBlurThreshold:100]]
[2024.04.16-13.13.02:955][  0]LogConfig: Setting CVar [[r.Upscale.Quality:3]]
[2024.04.16-13.13.02:955][  0]LogConfig: Setting CVar [[r.Tonemapper.GrainQuantization:1]]
[2024.04.16-13.13.02:955][  0]LogConfig: Setting CVar [[r.LightShaftQuality:1]]
[2024.04.16-13.13.02:955][  0]LogConfig: Setting CVar [[r.Filter.SizeScale:1]]
[2024.04.16-13.13.02:955][  0]LogConfig: Setting CVar [[r.Tonemapper.Quality:5]]
[2024.04.16-13.13.02:956][  0]LogConfig: Setting CVar [[r.DOF.Gather.AccumulatorQuality:1        ; higher gathering accumulator quality]]
[2024.04.16-13.13.02:956][  0]LogConfig: Setting CVar [[r.DOF.Gather.PostfilterMethod:1          ; Median3x3 postfilering method]]
[2024.04.16-13.13.02:956][  0]LogConfig: Setting CVar [[r.DOF.Gather.EnableBokehSettings:0       ; no bokeh simulation when gathering]]
[2024.04.16-13.13.02:956][  0]LogConfig: Setting CVar [[r.DOF.Gather.RingCount:4                 ; medium number of samples when gathering]]
[2024.04.16-13.13.02:956][  0]LogConfig: Setting CVar [[r.DOF.Scatter.ForegroundCompositing:1    ; additive foreground scattering]]
[2024.04.16-13.13.02:956][  0]LogConfig: Setting CVar [[r.DOF.Scatter.BackgroundCompositing:2    ; additive background scattering]]
[2024.04.16-13.13.02:956][  0]LogConfig: Setting CVar [[r.DOF.Scatter.EnableBokehSettings:1      ; bokeh simulation when scattering]]
[2024.04.16-13.13.02:956][  0]LogConfig: Setting CVar [[r.DOF.Scatter.MaxSpriteRatio:0.1         ; only a maximum of 10% of scattered bokeh]]
[2024.04.16-13.13.02:956][  0]LogConfig: Setting CVar [[r.DOF.Recombine.Quality:1                ; cheap slight out of focus]]
[2024.04.16-13.13.02:956][  0]LogConfig: Setting CVar [[r.DOF.Recombine.EnableBokehSettings:0    ; no bokeh simulation on slight out of focus]]
[2024.04.16-13.13.02:956][  0]LogConfig: Setting CVar [[r.DOF.TemporalAAQuality:1                ; more stable temporal accumulation]]
[2024.04.16-13.13.02:956][  0]LogConfig: Setting CVar [[r.DOF.Kernel.MaxForegroundRadius:0.025]]
[2024.04.16-13.13.02:956][  0]LogConfig: Setting CVar [[r.DOF.Kernel.MaxBackgroundRadius:0.025]]
[2024.04.16-13.13.02:956][  0]LogConfig: Applying CVar settings from Section [TextureQuality@3] File [C:/Users/Owner/storage/northumbria-university/my/uproject/StayCalm/Saved/Config/Windows/Scalability.ini]
[2024.04.16-13.13.02:956][  0]LogConfig: Setting CVar [[r.Streaming.MipBias:0]]
[2024.04.16-13.13.02:956][  0]LogConfig: Setting CVar [[r.Streaming.AmortizeCPUToGPUCopy:0]]
[2024.04.16-13.13.02:956][  0]LogConfig: Setting CVar [[r.Streaming.MaxNumTexturesToStreamPerFrame:0]]
[2024.04.16-13.13.02:956][  0]LogConfig: Setting CVar [[r.Streaming.Boost:1]]
[2024.04.16-13.13.02:956][  0]LogConfig: Setting CVar [[r.MaxAnisotropy:8]]
[2024.04.16-13.13.02:956][  0]LogConfig: Setting CVar [[r.VT.MaxAnisotropy:8]]
[2024.04.16-13.13.02:956][  0]LogConfig: Setting CVar [[r.Streaming.LimitPoolSizeToVRAM:0]]
[2024.04.16-13.13.02:956][  0]LogConfig: Setting CVar [[r.Streaming.PoolSize:1000]]
[2024.04.16-13.13.02:956][  0]LogConfig: Setting CVar [[r.Streaming.MaxEffectiveScreenSize:0]]
[2024.04.16-13.13.02:956][  0]LogConfig: Applying CVar settings from Section [EffectsQuality@3] File [C:/Users/Owner/storage/northumbria-university/my/uproject/StayCalm/Saved/Config/Windows/Scalability.ini]
[2024.04.16-13.13.02:956][  0]LogConfig: Setting CVar [[r.TranslucencyLightingVolumeDim:64]]
[2024.04.16-13.13.02:956][  0]LogConfig: Setting CVar [[r.RefractionQuality:2]]
[2024.04.16-13.13.02:956][  0]LogConfig: Setting CVar [[r.SSR.Quality:3]]
[2024.04.16-13.13.02:956][  0]LogConfig: Setting CVar [[r.SSR.HalfResSceneColor:0]]
[2024.04.16-13.13.02:956][  0]LogConfig: Setting CVar [[r.SceneColorFormat:4]]
[2024.04.16-13.13.02:956][  0]LogConfig: Setting CVar [[r.DetailMode:2]]
[2024.04.16-13.13.02:956][  0]LogConfig: Setting CVar [[r.TranslucencyVolumeBlur:1]]
[2024.04.16-13.13.02:956][  0]LogConfig: Setting CVar [[r.MaterialQualityLevel:1 ; High quality]]
[2024.04.16-13.13.02:956][  0]LogConfig: Setting CVar [[r.AnisotropicMaterials:1]]
[2024.04.16-13.13.02:956][  0]LogConfig: Setting CVar [[r.SSS.Scale:1]]
[2024.04.16-13.13.02:956][  0]LogConfig: Setting CVar [[r.SSS.SampleSet:2]]
[2024.04.16-13.13.02:956][  0]LogConfig: Setting CVar [[r.SSS.Quality:1]]
[2024.04.16-13.13.02:956][  0]LogConfig: Setting CVar [[r.SSS.HalfRes:0]]
[2024.04.16-13.13.02:956][  0]LogConfig: Setting CVar [[r.SSGI.Quality:3]]
[2024.04.16-13.13.02:956][  0]LogConfig: Setting CVar [[r.EmitterSpawnRateScale:1.0]]
[2024.04.16-13.13.02:956][  0]LogConfig: Setting CVar [[r.ParticleLightQuality:2]]
[2024.04.16-13.13.02:956][  0]LogConfig: Setting CVar [[r.SkyAtmosphere.AerialPerspectiveLUT.FastApplyOnOpaque:1 ; Always have FastSkyLUT 1 in this case to avoid wrong sky]]
[2024.04.16-13.13.02:956][  0]LogConfig: Setting CVar [[r.SkyAtmosphere.AerialPerspectiveLUT.SampleCountMaxPerSlice:4]]
[2024.04.16-13.13.02:956][  0]LogConfig: Setting CVar [[r.SkyAtmosphere.AerialPerspectiveLUT.DepthResolution:16.0]]
[2024.04.16-13.13.02:956][  0]LogConfig: Setting CVar [[r.SkyAtmosphere.FastSkyLUT:1]]
[2024.04.16-13.13.02:956][  0]LogConfig: Setting CVar [[r.SkyAtmosphere.FastSkyLUT.SampleCountMin:4.0]]
[2024.04.16-13.13.02:956][  0]LogConfig: Setting CVar [[r.SkyAtmosphere.FastSkyLUT.SampleCountMax:128.0]]
[2024.04.16-13.13.02:956][  0]LogConfig: Setting CVar [[r.SkyAtmosphere.SampleCountMin:4.0]]
[2024.04.16-13.13.02:956][  0]LogConfig: Setting CVar [[r.SkyAtmosphere.SampleCountMax:128.0]]
[2024.04.16-13.13.02:956][  0]LogConfig: Setting CVar [[r.SkyAtmosphere.TransmittanceLUT.UseSmallFormat:0]]
[2024.04.16-13.13.02:956][  0]LogConfig: Setting CVar [[r.SkyAtmosphere.TransmittanceLUT.SampleCount:10.0]]
[2024.04.16-13.13.02:956][  0]LogConfig: Setting CVar [[r.SkyAtmosphere.MultiScatteringLUT.SampleCount:15.0]]
[2024.04.16-13.13.02:956][  0]LogConfig: Setting CVar [[r.SkyLight.RealTimeReflectionCapture:1]]
[2024.04.16-13.13.02:956][  0]LogConfig: Applying CVar settings from Section [FoliageQuality@3] File [C:/Users/Owner/storage/northumbria-university/my/uproject/StayCalm/Saved/Config/Windows/Scalability.ini]
[2024.04.16-13.13.02:956][  0]LogConfig: Setting CVar [[foliage.DensityScale:1.0]]
[2024.04.16-13.13.02:956][  0]LogConfig: Setting CVar [[grass.DensityScale:1.0]]
[2024.04.16-13.13.02:956][  0]LogConfig: Applying CVar settings from Section [ShadingQuality@3] File [C:/Users/Owner/storage/northumbria-university/my/uproject/StayCalm/Saved/Config/Windows/Scalability.ini]
[2024.04.16-13.13.02:956][  0]LogConfig: Setting CVar [[r.HairStrands.SkyLighting.IntegrationType:2]]
[2024.04.16-13.13.02:956][  0]LogConfig: Setting CVar [[r.HairStrands.SkyAO.SampleCount:4]]
[2024.04.16-13.13.02:956][  0]LogConfig: Setting CVar [[r.HairStrands.Visibility.MSAA.SamplePerPixel:4]]
[2024.04.16-13.13.02:956][  0]LogInit: Selected Device Profile: [Windows]
[2024.04.16-13.13.02:956][  0]LogInit: Applying CVar settings loaded from the selected device profile: [Windows]
[2024.04.16-13.13.02:956][  0]LogHAL: Display: Platform has ~ 16 GB [17042771968 / 17179869184 / 16], which maps to Larger [LargestMinGB=32, LargerMinGB=12, DefaultMinGB=8, SmallerMinGB=6, SmallestMinGB=0)
[2024.04.16-13.13.02:956][  0]LogInit: Going up to parent DeviceProfile []
[2024.04.16-13.13.02:956][  0]LogConfig: Applying CVar settings from Section [ViewDistanceQuality@3] File [C:/Users/Owner/storage/northumbria-university/my/uproject/StayCalm/Saved/Config/Windows/Scalability.ini]
[2024.04.16-13.13.02:956][  0]LogConfig: Setting CVar [[r.SkeletalMeshLODBias:0]]
[2024.04.16-13.13.02:956][  0]LogConfig: Setting CVar [[r.ViewDistanceScale:1.0]]
[2024.04.16-13.13.02:956][  0]LogConfig: Applying CVar settings from Section [AntiAliasingQuality@3] File [C:/Users/Owner/storage/northumbria-university/my/uproject/StayCalm/Saved/Config/Windows/Scalability.ini]
[2024.04.16-13.13.02:956][  0]LogConfig: Setting CVar [[r.PostProcessAAQuality:4]]
[2024.04.16-13.13.02:956][  0]LogConfig: Applying CVar settings from Section [ShadowQuality@3] File [C:/Users/Owner/storage/northumbria-university/my/uproject/StayCalm/Saved/Config/Windows/Scalability.ini]
[2024.04.16-13.13.02:956][  0]LogConfig: Setting CVar [[r.LightFunctionQuality:1]]
[2024.04.16-13.13.02:956][  0]LogConfig: Setting CVar [[r.ShadowQuality:5]]
[2024.04.16-13.13.02:956][  0]LogConfig: Setting CVar [[r.Shadow.CSM.MaxCascades:10]]
[2024.04.16-13.13.02:956][  0]LogConfig: Setting CVar [[r.Shadow.MaxResolution:2048]]
[2024.04.16-13.13.02:956][  0]LogConfig: Setting CVar [[r.Shadow.MaxCSMResolution:2048]]
[2024.04.16-13.13.02:956][  0]LogConfig: Setting CVar [[r.Shadow.RadiusThreshold:0.01]]
[2024.04.16-13.13.02:956][  0]LogConfig: Setting CVar [[r.Shadow.DistanceScale:1.0]]
[2024.04.16-13.13.02:956][  0]LogConfig: Setting CVar [[r.Shadow.CSM.TransitionScale:1.0]]
[2024.04.16-13.13.02:956][  0]LogConfig: Setting CVar [[r.Shadow.PreShadowResolutionFactor:1.0]]
[2024.04.16-13.13.02:956][  0]LogConfig: Setting CVar [[r.DistanceFieldShadowing:1]]
[2024.04.16-13.13.02:956][  0]LogConfig: Setting CVar [[r.DistanceFieldAO:1]]
[2024.04.16-13.13.02:956][  0]LogConfig: Setting CVar [[r.AOQuality:2]]
[2024.04.16-13.13.02:956][  0]LogConfig: Setting CVar [[r.VolumetricFog:1]]
[2024.04.16-13.13.02:956][  0]LogConfig: Setting CVar [[r.VolumetricFog.GridPixelSize:8]]
[2024.04.16-13.13.02:956][  0]LogConfig: Setting CVar [[r.VolumetricFog.GridSizeZ:128]]
[2024.04.16-13.13.02:956][  0]LogConfig: Setting CVar [[r.VolumetricFog.HistoryMissSupersampleCount:4]]
[2024.04.16-13.13.02:956][  0]LogConfig: Setting CVar [[r.LightMaxDrawDistanceScale:1]]
[2024.04.16-13.13.02:956][  0]LogConfig: Setting CVar [[r.CapsuleShadows:1]]
[2024.04.16-13.13.02:956][  0]LogConfig: Applying CVar settings from Section [PostProcessQuality@3] File [C:/Users/Owner/storage/northumbria-university/my/uproject/StayCalm/Saved/Config/Windows/Scalability.ini]
[2024.04.16-13.13.02:956][  0]LogConfig: Setting CVar [[r.MotionBlurQuality:4]]
[2024.04.16-13.13.02:956][  0]LogConfig: Setting CVar [[r.AmbientOcclusionMipLevelFactor:0.4]]
[2024.04.16-13.13.02:956][  0]LogConfig: Setting CVar [[r.AmbientOcclusionMaxQuality:100]]
[2024.04.16-13.13.02:956][  0]LogConfig: Setting CVar [[r.AmbientOcclusionLevels:-1]]
[2024.04.16-13.13.02:956][  0]LogConfig: Setting CVar [[r.AmbientOcclusionRadiusScale:1.0]]
[2024.04.16-13.13.02:956][  0]LogConfig: Setting CVar [[r.DepthOfFieldQuality:2]]
[2024.04.16-13.13.02:956][  0]LogConfig: Setting CVar [[r.RenderTargetPoolMin:400]]
[2024.04.16-13.13.02:956][  0]LogConfig: Setting CVar [[r.LensFlareQuality:2]]
[2024.04.16-13.13.02:956][  0]LogConfig: Setting CVar [[r.SceneColorFringeQuality:1]]
[2024.04.16-13.13.02:956][  0]LogConfig: Setting CVar [[r.EyeAdaptationQuality:2]]
[2024.04.16-13.13.02:956][  0]LogConfig: Setting CVar [[r.BloomQuality:5]]
[2024.04.16-13.13.02:956][  0]LogConfig: Setting CVar [[r.FastBlurThreshold:100]]
[2024.04.16-13.13.02:956][  0]LogConfig: Setting CVar [[r.Upscale.Quality:3]]
[2024.04.16-13.13.02:956][  0]LogConfig: Setting CVar [[r.Tonemapper.GrainQuantization:1]]
[2024.04.16-13.13.02:956][  0]LogConfig: Setting CVar [[r.LightShaftQuality:1]]
[2024.04.16-13.13.02:956][  0]LogConfig: Setting CVar [[r.Filter.SizeScale:1]]
[2024.04.16-13.13.02:956][  0]LogConfig: Setting CVar [[r.Tonemapper.Quality:5]]
[2024.04.16-13.13.02:956][  0]LogConfig: Setting CVar [[r.DOF.Gather.AccumulatorQuality:1        ; higher gathering accumulator quality]]
[2024.04.16-13.13.02:956][  0]LogConfig: Setting CVar [[r.DOF.Gather.PostfilterMethod:1          ; Median3x3 postfilering method]]
[2024.04.16-13.13.02:956][  0]LogConfig: Setting CVar [[r.DOF.Gather.EnableBokehSettings:0       ; no bokeh simulation when gathering]]
[2024.04.16-13.13.02:956][  0]LogConfig: Setting CVar [[r.DOF.Gather.RingCount:4                 ; medium number of samples when gathering]]
[2024.04.16-13.13.02:956][  0]LogConfig: Setting CVar [[r.DOF.Scatter.ForegroundCompositing:1    ; additive foreground scattering]]
[2024.04.16-13.13.02:956][  0]LogConfig: Setting CVar [[r.DOF.Scatter.BackgroundCompositing:2    ; additive background scattering]]
[2024.04.16-13.13.02:956][  0]LogConfig: Setting CVar [[r.DOF.Scatter.EnableBokehSettings:1      ; bokeh simulation when scattering]]
[2024.04.16-13.13.02:956][  0]LogConfig: Setting CVar [[r.DOF.Scatter.MaxSpriteRatio:0.1         ; only a maximum of 10% of scattered bokeh]]
[2024.04.16-13.13.02:956][  0]LogConfig: Setting CVar [[r.DOF.Recombine.Quality:1                ; cheap slight out of focus]]
[2024.04.16-13.13.02:956][  0]LogConfig: Setting CVar [[r.DOF.Recombine.EnableBokehSettings:0    ; no bokeh simulation on slight out of focus]]
[2024.04.16-13.13.02:956][  0]LogConfig: Setting CVar [[r.DOF.TemporalAAQuality:1                ; more stable temporal accumulation]]
[2024.04.16-13.13.02:956][  0]LogConfig: Setting CVar [[r.DOF.Kernel.MaxForegroundRadius:0.025]]
[2024.04.16-13.13.02:956][  0]LogConfig: Setting CVar [[r.DOF.Kernel.MaxBackgroundRadius:0.025]]
[2024.04.16-13.13.02:956][  0]LogConfig: Applying CVar settings from Section [TextureQuality@3] File [C:/Users/Owner/storage/northumbria-university/my/uproject/StayCalm/Saved/Config/Windows/Scalability.ini]
[2024.04.16-13.13.02:956][  0]LogConfig: Setting CVar [[r.Streaming.MipBias:0]]
[2024.04.16-13.13.02:956][  0]LogConfig: Setting CVar [[r.Streaming.AmortizeCPUToGPUCopy:0]]
[2024.04.16-13.13.02:956][  0]LogConfig: Setting CVar [[r.Streaming.MaxNumTexturesToStreamPerFrame:0]]
[2024.04.16-13.13.02:956][  0]LogConfig: Setting CVar [[r.Streaming.Boost:1]]
[2024.04.16-13.13.02:956][  0]LogConfig: Setting CVar [[r.MaxAnisotropy:8]]
[2024.04.16-13.13.02:956][  0]LogConfig: Setting CVar [[r.VT.MaxAnisotropy:8]]
[2024.04.16-13.13.02:956][  0]LogConfig: Setting CVar [[r.Streaming.LimitPoolSizeToVRAM:0]]
[2024.04.16-13.13.02:956][  0]LogConfig: Setting CVar [[r.Streaming.PoolSize:1000]]
[2024.04.16-13.13.02:956][  0]LogConfig: Setting CVar [[r.Streaming.MaxEffectiveScreenSize:0]]
[2024.04.16-13.13.02:956][  0]LogConfig: Applying CVar settings from Section [EffectsQuality@3] File [C:/Users/Owner/storage/northumbria-university/my/uproject/StayCalm/Saved/Config/Windows/Scalability.ini]
[2024.04.16-13.13.02:956][  0]LogConfig: Setting CVar [[r.TranslucencyLightingVolumeDim:64]]
[2024.04.16-13.13.02:956][  0]LogConfig: Setting CVar [[r.RefractionQuality:2]]
[2024.04.16-13.13.02:956][  0]LogConfig: Setting CVar [[r.SSR.Quality:3]]
[2024.04.16-13.13.02:956][  0]LogConfig: Setting CVar [[r.SSR.HalfResSceneColor:0]]
[2024.04.16-13.13.02:956][  0]LogConfig: Setting CVar [[r.SceneColorFormat:4]]
[2024.04.16-13.13.02:956][  0]LogConfig: Setting CVar [[r.DetailMode:2]]
[2024.04.16-13.13.02:956][  0]LogConfig: Setting CVar [[r.TranslucencyVolumeBlur:1]]
[2024.04.16-13.13.02:956][  0]LogConfig: Setting CVar [[r.MaterialQualityLevel:1 ; High quality]]
[2024.04.16-13.13.02:956][  0]LogConfig: Setting CVar [[r.AnisotropicMaterials:1]]
[2024.04.16-13.13.02:956][  0]LogConfig: Setting CVar [[r.SSS.Scale:1]]
[2024.04.16-13.13.02:956][  0]LogConfig: Setting CVar [[r.SSS.SampleSet:2]]
[2024.04.16-13.13.02:956][  0]LogConfig: Setting CVar [[r.SSS.Quality:1]]
[2024.04.16-13.13.02:956][  0]LogConfig: Setting CVar [[r.SSS.HalfRes:0]]
[2024.04.16-13.13.02:957][  0]LogConfig: Setting CVar [[r.SSGI.Quality:3]]
[2024.04.16-13.13.02:957][  0]LogConfig: Setting CVar [[r.EmitterSpawnRateScale:1.0]]
[2024.04.16-13.13.02:957][  0]LogConfig: Setting CVar [[r.ParticleLightQuality:2]]
[2024.04.16-13.13.02:957][  0]LogConfig: Setting CVar [[r.SkyAtmosphere.AerialPerspectiveLUT.FastApplyOnOpaque:1 ; Always have FastSkyLUT 1 in this case to avoid wrong sky]]
[2024.04.16-13.13.02:957][  0]LogConfig: Setting CVar [[r.SkyAtmosphere.AerialPerspectiveLUT.SampleCountMaxPerSlice:4]]
[2024.04.16-13.13.02:957][  0]LogConfig: Setting CVar [[r.SkyAtmosphere.AerialPerspectiveLUT.DepthResolution:16.0]]
[2024.04.16-13.13.02:957][  0]LogConfig: Setting CVar [[r.SkyAtmosphere.FastSkyLUT:1]]
[2024.04.16-13.13.02:957][  0]LogConfig: Setting CVar [[r.SkyAtmosphere.FastSkyLUT.SampleCountMin:4.0]]
[2024.04.16-13.13.02:957][  0]LogConfig: Setting CVar [[r.SkyAtmosphere.FastSkyLUT.SampleCountMax:128.0]]
[2024.04.16-13.13.02:957][  0]LogConfig: Setting CVar [[r.SkyAtmosphere.SampleCountMin:4.0]]
[2024.04.16-13.13.02:957][  0]LogConfig: Setting CVar [[r.SkyAtmosphere.SampleCountMax:128.0]]
[2024.04.16-13.13.02:957][  0]LogConfig: Setting CVar [[r.SkyAtmosphere.TransmittanceLUT.UseSmallFormat:0]]
[2024.04.16-13.13.02:957][  0]LogConfig: Setting CVar [[r.SkyAtmosphere.TransmittanceLUT.SampleCount:10.0]]
[2024.04.16-13.13.02:957][  0]LogConfig: Setting CVar [[r.SkyAtmosphere.MultiScatteringLUT.SampleCount:15.0]]
[2024.04.16-13.13.02:957][  0]LogConfig: Setting CVar [[r.SkyLight.RealTimeReflectionCapture:1]]
[2024.04.16-13.13.02:957][  0]LogConfig: Applying CVar settings from Section [FoliageQuality@3] File [C:/Users/Owner/storage/northumbria-university/my/uproject/StayCalm/Saved/Config/Windows/Scalability.ini]
[2024.04.16-13.13.02:957][  0]LogConfig: Setting CVar [[foliage.DensityScale:1.0]]
[2024.04.16-13.13.02:957][  0]LogConfig: Setting CVar [[grass.DensityScale:1.0]]
[2024.04.16-13.13.02:957][  0]LogConfig: Applying CVar settings from Section [ShadingQuality@3] File [C:/Users/Owner/storage/northumbria-university/my/uproject/StayCalm/Saved/Config/Windows/Scalability.ini]
[2024.04.16-13.13.02:957][  0]LogConfig: Setting CVar [[r.HairStrands.SkyLighting.IntegrationType:2]]
[2024.04.16-13.13.02:957][  0]LogConfig: Setting CVar [[r.HairStrands.SkyAO.SampleCount:4]]
[2024.04.16-13.13.02:957][  0]LogConfig: Setting CVar [[r.HairStrands.Visibility.MSAA.SamplePerPixel:4]]
[2024.04.16-13.13.02:957][  0]LogConfig: Applying CVar settings from Section [Startup] File [../../../Engine/Config/ConsoleVariables.ini]
[2024.04.16-13.13.02:957][  0]LogConfig: Setting CVar [[net.UseAdaptiveNetUpdateFrequency:0]]
[2024.04.16-13.13.02:957][  0]LogConfig: Setting CVar [[p.chaos.AllowCreatePhysxBodies:1]]
[2024.04.16-13.13.02:957][  0]LogConfig: Setting CVar [[fx.SkipVectorVMBackendOptimizations:1]]
[2024.04.16-13.13.02:957][  0]LogConfig: Applying CVar settings from Section [ConsoleVariables] File [C:/Users/Owner/storage/northumbria-university/my/uproject/StayCalm/Saved/Config/Windows/Engine.ini]
[2024.04.16-13.13.02:957][  0]LogConfig: Applying CVar settings from Section [ConsoleVariables] File [C:/Users/Owner/storage/northumbria-university/my/uproject/StayCalm/Saved/Config/Windows/Editor.ini]
[2024.04.16-13.13.02:957][  0]LogInit: Computer: DESKTOP-OFM8J10
[2024.04.16-13.13.02:957][  0]LogInit: User: Owner
[2024.04.16-13.13.02:957][  0]LogInit: CPU Page size=4096, Cores=8
[2024.04.16-13.13.02:957][  0]LogInit: High frequency timer resolution =10.000000 MHz
[2024.04.16-13.13.02:957][  0]LogMemory: Memory total: Physical=15.9GB (16GB approx)
[2024.04.16-13.13.02:957][  0]LogMemory: Platform Memory Stats for Windows
[2024.04.16-13.13.02:957][  0]LogMemory: Process Physical Memory: 149.00 MB used, 149.00 MB peak
[2024.04.16-13.13.02:957][  0]LogMemory: Process Virtual Memory: 131.18 MB used, 131.18 MB peak
[2024.04.16-13.13.02:957][  0]LogMemory: Physical Memory: 6452.85 MB used,  9800.40 MB free, 16253.25 MB total
[2024.04.16-13.13.02:957][  0]LogMemory: Virtual Memory: 134204696.00 MB used,  13028.26 MB free, 134217728.00 MB total
[2024.04.16-13.13.02:960][  0]LogWindows: WindowsPlatformFeatures enabled
[2024.04.16-13.13.02:982][  0]LogInit: Physics initialised using underlying interface: PhysX
[2024.04.16-13.13.02:983][  0]LogInit: Using OS detected language (en-GB).
[2024.04.16-13.13.02:983][  0]LogInit: Using OS detected locale (en-GB).
[2024.04.16-13.13.02:984][  0]LogTextLocalizationManager: No specific localization for 'en-GB' exists, so the 'en' localization will be used.
[2024.04.16-13.13.03:091][  0]LogInit: Setting process to per monitor DPI aware
[2024.04.16-13.13.03:102][  0]LogWindowsTextInputMethodSystem: Display: IME system deactivated.
[2024.04.16-13.13.03:110][  0]LogSlate: New Slate User Created.  User Index 0, Is Virtual User: 0
[2024.04.16-13.13.03:110][  0]LogSlate: Slate User Registered.  User Index 0, Is Virtual User: 0
[2024.04.16-13.13.03:181][  0]LogD3D11RHI: Loaded GFSDK_Aftermath_Lib.x64.dll
[2024.04.16-13.13.03:183][  0]LogHMD: Failed to initialize OpenVR with code 110
[2024.04.16-13.13.03:183][  0]LogD3D11RHI: D3D11 min allowed feature level: 11_0
[2024.04.16-13.13.03:183][  0]LogD3D11RHI: D3D11 max allowed feature level: 11_0
[2024.04.16-13.13.03:183][  0]LogD3D11RHI: D3D11 adapters:
[2024.04.16-13.13.03:286][  0]LogD3D11RHI:    0. 'NVIDIA GeForce RTX 3070' (Feature Level 11_0)
[2024.04.16-13.13.03:286][  0]LogD3D11RHI:       8032/0/8126 MB DedicatedVideo/DedicatedSystem/SharedSystem, Outputs:1, VendorId:0x10de
[2024.04.16-13.13.03:287][  0]LogD3D11RHI:    1. 'Microsoft Basic Render Driver' (Feature Level 11_0)
[2024.04.16-13.13.03:287][  0]LogD3D11RHI:       0/0/8126 MB DedicatedVideo/DedicatedSystem/SharedSystem, Outputs:0, VendorId:0x1414
[2024.04.16-13.13.03:287][  0]LogD3D11RHI: Chosen D3D11 Adapter:
[2024.04.16-13.13.03:287][  0]LogD3D11RHI:     Description : NVIDIA GeForce RTX 3070
[2024.04.16-13.13.03:287][  0]LogD3D11RHI:     VendorId    : 10de
[2024.04.16-13.13.03:287][  0]LogD3D11RHI:     DeviceId    : 2488
[2024.04.16-13.13.03:287][  0]LogD3D11RHI:     SubSysId    : 39091462
[2024.04.16-13.13.03:287][  0]LogD3D11RHI:     Revision    : 00a1
[2024.04.16-13.13.03:287][  0]LogD3D11RHI:     DedicatedVideoMemory : 8422162432 bytes
[2024.04.16-13.13.03:287][  0]LogD3D11RHI:     DedicatedSystemMemory : 0 bytes
[2024.04.16-13.13.03:287][  0]LogD3D11RHI:     SharedSystemMemory : 8521385984 bytes
[2024.04.16-13.13.03:287][  0]LogD3D11RHI:     AdapterLuid : 0 61364
[2024.04.16-13.13.03:290][  0]LogD3D11RHI: Creating new Direct3DDevice
[2024.04.16-13.13.03:290][  0]LogD3D11RHI:     GPU DeviceId: 0x2488 (for the marketing name, search the web for "GPU Device Id")
[2024.04.16-13.13.03:290][  0]LogWindows: EnumDisplayDevices:
[2024.04.16-13.13.03:290][  0]LogWindows:    0. 'NVIDIA GeForce RTX 3070' (P:1 D:1)
[2024.04.16-13.13.03:291][  0]LogWindows:    1. 'NVIDIA GeForce RTX 3070' (P:0 D:0)
[2024.04.16-13.13.03:291][  0]LogWindows:    2. 'NVIDIA GeForce RTX 3070' (P:0 D:0)
[2024.04.16-13.13.03:291][  0]LogWindows:    3. 'NVIDIA GeForce RTX 3070' (P:0 D:0)
[2024.04.16-13.13.03:291][  0]LogWindows: DebugString: FoundDriverCount:4 
[2024.04.16-13.13.03:291][  0]LogD3D11RHI:     Adapter Name: NVIDIA GeForce RTX 3070
[2024.04.16-13.13.03:291][  0]LogD3D11RHI:   Driver Version: 535.98 (internal:31.0.15.3598, unified:535.98)
[2024.04.16-13.13.03:291][  0]LogD3D11RHI:      Driver Date: 5-24-2023
[2024.04.16-13.13.03:291][  0]LogRHI: Texture pool is 5622 MB (70% of 8032 MB)
[2024.04.16-13.13.03:291][  0]LogD3D11RHI: Creating D3DDevice using adapter:
[2024.04.16-13.13.03:291][  0]LogD3D11RHI:     Description : NVIDIA GeForce RTX 3070
[2024.04.16-13.13.03:291][  0]LogD3D11RHI:     VendorId    : 10de
[2024.04.16-13.13.03:291][  0]LogD3D11RHI:     DeviceId    : 2488
[2024.04.16-13.13.03:291][  0]LogD3D11RHI:     SubSysId    : 39091462
[2024.04.16-13.13.03:291][  0]LogD3D11RHI:     Revision    : 00a1
[2024.04.16-13.13.03:291][  0]LogD3D11RHI:     DedicatedVideoMemory : 8422162432 bytes
[2024.04.16-13.13.03:291][  0]LogD3D11RHI:     DedicatedSystemMemory : 0 bytes
[2024.04.16-13.13.03:291][  0]LogD3D11RHI:     SharedSystemMemory : 8521385984 bytes
[2024.04.16-13.13.03:291][  0]LogD3D11RHI:     AdapterLuid : 0 61364
[2024.04.16-13.13.03:346][  0]LogD3D11RHI: RHI has support for 64 bit atomics
[2024.04.16-13.13.03:346][  0]LogD3D11RHI: Async texture creation enabled
[2024.04.16-13.13.03:346][  0]LogD3D11RHI: Array index from any shader is supported
[2024.04.16-13.13.03:370][  0]LogD3D11RHI: GPU Timing Frequency: 1000.000000 (Debug: 2 2)
[2024.04.16-13.13.03:385][  0]LogRHI: GeForceNow SDK initialized: 1
[2024.04.16-13.13.03:577][  0]LogTargetPlatformManager: Display: Loaded TargetPlatform 'AllDesktop'
[2024.04.16-13.13.03:590][  0]LogTargetPlatformManager: Display: Loaded TargetPlatform 'Android'
[2024.04.16-13.13.03:590][  0]LogTargetPlatformManager: Display: Loaded TargetPlatform 'Android_ASTC'
[2024.04.16-13.13.03:590][  0]LogTargetPlatformManager: Display: Loaded TargetPlatform 'Android_DXT'
[2024.04.16-13.13.03:590][  0]LogTargetPlatformManager: Display: Loaded TargetPlatform 'Android_ETC2'
[2024.04.16-13.13.03:590][  0]LogTargetPlatformManager: Display: Loaded TargetPlatform 'AndroidClient'
[2024.04.16-13.13.03:590][  0]LogTargetPlatformManager: Display: Loaded TargetPlatform 'Android_ASTCClient'
[2024.04.16-13.13.03:590][  0]LogTargetPlatformManager: Display: Loaded TargetPlatform 'Android_DXTClient'
[2024.04.16-13.13.03:590][  0]LogTargetPlatformManager: Display: Loaded TargetPlatform 'Android_ETC2Client'
[2024.04.16-13.13.03:590][  0]LogTargetPlatformManager: Display: Loaded TargetPlatform 'Android_Multi'
[2024.04.16-13.13.03:590][  0]LogTargetPlatformManager: Display: Loaded TargetPlatform 'Android_MultiClient'
[2024.04.16-13.13.03:601][  0]LogTargetPlatformManager: Display: Loaded TargetPlatform 'IOSClient'
[2024.04.16-13.13.03:601][  0]LogTargetPlatformManager: Display: Loaded TargetPlatform 'IOS'
[2024.04.16-13.13.03:607][  0]LogTargetPlatformManager: Display: Loaded TargetPlatform 'Linux'
[2024.04.16-13.13.03:609][  0]LogTargetPlatformManager: Display: Loaded TargetPlatform 'LinuxNoEditor'
[2024.04.16-13.13.03:612][  0]LogTargetPlatformManager: Display: Loaded TargetPlatform 'LinuxClient'
[2024.04.16-13.13.03:615][  0]LogTargetPlatformManager: Display: Loaded TargetPlatform 'LinuxServer'
[2024.04.16-13.13.03:620][  0]LogTargetPlatformManager: Display: Loaded TargetPlatform 'LinuxAArch64NoEditor'
[2024.04.16-13.13.03:623][  0]LogTargetPlatformManager: Display: Loaded TargetPlatform 'LinuxAArch64Client'
[2024.04.16-13.13.03:626][  0]LogTargetPlatformManager: Display: Loaded TargetPlatform 'LinuxAArch64Server'
[2024.04.16-13.13.03:639][  0]LogTargetPlatformManager: Display: Loaded TargetPlatform 'Lumin'
[2024.04.16-13.13.03:639][  0]LogTargetPlatformManager: Display: Loaded TargetPlatform 'LuminClient'
[2024.04.16-13.13.03:645][  0]LogTargetPlatformManager: Display: Loaded TargetPlatform 'MacNoEditor'
[2024.04.16-13.13.03:647][  0]LogTargetPlatformManager: Display: Loaded TargetPlatform 'Mac'
[2024.04.16-13.13.03:650][  0]LogTargetPlatformManager: Display: Loaded TargetPlatform 'MacClient'
[2024.04.16-13.13.03:652][  0]LogTargetPlatformManager: Display: Loaded TargetPlatform 'MacServer'
[2024.04.16-13.13.03:659][  0]LogTargetPlatformManager: Display: Loaded TargetPlatform 'TVOSClient'
[2024.04.16-13.13.03:659][  0]LogTargetPlatformManager: Display: Loaded TargetPlatform 'TVOS'
[2024.04.16-13.13.03:664][  0]LogTargetPlatformManager: Display: Loaded TargetPlatform 'WindowsNoEditor'
[2024.04.16-13.13.03:667][  0]LogTargetPlatformManager: Display: Loaded TargetPlatform 'Windows'
[2024.04.16-13.13.03:669][  0]LogTargetPlatformManager: Display: Loaded TargetPlatform 'WindowsClient'
[2024.04.16-13.13.03:672][  0]LogTargetPlatformManager: Display: Loaded TargetPlatform 'WindowsServer'
[2024.04.16-13.13.03:672][  0]LogTargetPlatformManager: Display: Building Assets For Windows
[2024.04.16-13.13.03:676][  0]LogAudioDebug: Display: Lib vorbis DLL was dynamically loaded.
[2024.04.16-13.13.03:695][  0]LogTextureFormatOodle: Display: Oodle Texture 2.9.0 init RDO Off
[2024.04.16-13.13.03:714][  0]LogRendererCore: Ray tracing is disabled. Reason: r.RayTracing=0.
[2024.04.16-13.13.03:714][  0]LogShaderCompilers: Guid format shader working directory is -36 characters bigger than the processId version (../../../../../../Users/Owner/storage/northumbria-university/my/uproject/StayCalm/Intermediate/Shaders/WorkingDirectory/20412/).
[2024.04.16-13.13.03:714][  0]LogShaderCompilers: Cleaned the shader compiler working directory 'C:/Users/Owner/AppData/Local/Temp/UnrealShaderWorkingDir/C5BF586D451EE2604A8982B1D5502930/'.
[2024.04.16-13.13.03:714][  0]LogXGEController: Cannot use XGE Controller as Incredibuild is not installed on this machine.
[2024.04.16-13.13.03:714][  0]LogShaderCompilers: Cannot use XGE Shader Compiler as Incredibuild is not installed on this machine.
[2024.04.16-13.13.03:714][  0]LogShaderCompilers: Display: Using Local Shader Compiler.
[2024.04.16-13.13.04:204][  0]LogDerivedDataCache: Display: Max Cache Size: 512 MB
[2024.04.16-13.13.04:235][  0]LogDerivedDataCache: Loaded boot cache 0.03s 94MB C:/Users/Owner/AppData/Local/UnrealEngine/4.27/DerivedDataCache/Boot.ddc.
[2024.04.16-13.13.04:235][  0]LogDerivedDataCache: Display: Loaded Boot cache: C:/Users/Owner/AppData/Local/UnrealEngine/4.27/DerivedDataCache/Boot.ddc
[2024.04.16-13.13.04:235][  0]LogDerivedDataCache: FDerivedDataBackendGraph:  Pak pak cache file ../../../../../../Users/Owner/storage/northumbria-university/my/uproject/StayCalm/DerivedDataCache/DDC.ddp not found, will not use a pak cache.
[2024.04.16-13.13.04:235][  0]LogDerivedDataCache: Unable to find inner node Pak for hierarchical cache Hierarchy.
[2024.04.16-13.13.04:235][  0]LogDerivedDataCache: FDerivedDataBackendGraph:  CompressedPak pak cache file ../../../../../../Users/Owner/storage/northumbria-university/my/uproject/StayCalm/DerivedDataCache/Compressed.ddp not found, will not use a pak cache.
[2024.04.16-13.13.04:235][  0]LogDerivedDataCache: Unable to find inner node CompressedPak for hierarchical cache Hierarchy.
[2024.04.16-13.13.04:246][  0]LogDerivedDataCache: Display: Pak cache opened for reading ../../../Engine/DerivedDataCache/Compressed.ddp.
[2024.04.16-13.13.04:246][  0]LogDerivedDataCache: FDerivedDataBackendGraph:  EnterprisePak pak cache file ../../../Enterprise/DerivedDataCache/Compressed.ddp not found, will not use a pak cache.
[2024.04.16-13.13.04:246][  0]LogDerivedDataCache: Unable to find inner node EnterprisePak for hierarchical cache Hierarchy.
[2024.04.16-13.13.04:250][  0]LogDerivedDataCache: Speed tests for C:/Users/Owner/AppData/Local/UnrealEngine/Common/DerivedDataCache took 0.00 seconds
[2024.04.16-13.13.04:250][  0]LogDerivedDataCache: Display: Performance to C:/Users/Owner/AppData/Local/UnrealEngine/Common/DerivedDataCache: Latency=0.01ms. RandomReadSpeed=2023.26MBs, RandomWriteSpeed=336.11MBs. Assigned SpeedClass 'Local'
[2024.04.16-13.13.04:250][  0]LogDerivedDataCache: Using Local data cache path C:/Users/Owner/AppData/Local/UnrealEngine/Common/DerivedDataCache: Writable
[2024.04.16-13.13.04:250][  0]LogDerivedDataCache: Shared data cache path not found in *engine.ini, will not use an Shared cache.
[2024.04.16-13.13.04:250][  0]LogDerivedDataCache: Unable to find inner node Shared for hierarchical cache Hierarchy.
[2024.04.16-13.13.04:280][  0]LogSlate: Using FreeType 2.10.0
[2024.04.16-13.13.04:280][  0]LogSlate: SlateFontServices - WITH_FREETYPE: 1, WITH_HARFBUZZ: 1
[2024.04.16-13.13.04:298][  0]LogAssetRegistry: FAssetRegistry took 0.0016 seconds to start up
[2024.04.16-13.13.04:299][  0]LogWindows: Windows GetLastError: The operation completed successfully. (0)
[2024.04.16-13.13.04:441][  0]LogInit: Selected Device Profile: [Windows]
[2024.04.16-13.13.04:441][  0]LogInit: Active device profile: [000001DAAA935100][000001DAA3A848C0 49] Windows
[2024.04.16-13.13.04:441][  0]LogInit: Profiles: [000001DAAA935100][000001DAA3A848C0 49] Windows, [000001DAAA922500][000001DAA3A88A00 49] WindowsNoEditor, [000001DAAA936200][000001DAA3A8CB40 49] WindowsServer, [000001DAAA921700][000001DAA6582C80 49] WindowsClient, [000001DAAA935700][000001DAA6586DC0 49] IOS, [000001DAAA922700][000001DAA658EF40 49] iPadAir, [000001DAAA937C00][000001DAA65930C0 49] iPadAir2, [000001DAAA8C5400][000001DAA659B380 49] IPadPro, [000001DAAA8C5500][000001DAA65973C0 49] iPadAir3, [000001DAAA923800][000001DAA3DD9540 49] iPadAir4, [000001DAAA8C6300][000001DAA3DDD6C0 49] iPadMini2, [000001DAAA922F00][000001DAA3DE1840 49] iPadMini3, [000001DAAA8C6F00][000001DAA3DE59C0 49] iPadMini4, [000001DAAA921C00][000001DAA3DE9B40 49] iPadMini5, [000001DAAA8F1000][000001DAA3DF0280 49] iPhone6, [000001DAAA8F1100][000001DAA3DEC2C0 49] iPodTouch6, [000001DAAA937900][000001DAA3DF8580 49] iPhone7, [000001DAAA936900][000001DAA3DF45C0 49] iPodTouch7, [000001DAAA8C5000][000001DAA3DFC740 49] iPhone5S, [000001DAAA936F00][000001DAA3E008C0 49] iPhone6Plus, [000001DAAA8C7600][000001DAA3E04A40 49] iPhone6S, [000001DAAA934C00][000001DAA658AB80 49] iPhone6SPlus, [000001DAAA935D00][000001DAA3E08CC0 49] iPhone7Plus, [000001DAAA8F0800][000001DAA3E0CE00 49] iPhoneSE, [000001DAAA934400][000001DAA3E10F40 49] iPhone8, [000001DAAA8F0900][000001DAA3E190C0 49] iPhone8Plus, [000001DAAA8F2E00][000001DAA3E1D240 49] iPhoneX, [000001DAAA8C5D00][000001DAA3E213C0 49] iPhoneXS, [000001DAAA8F2700][000001DAA3E25540 49] iPhoneXSMax, [000001DAAA8C5C00][000001DAA3E296C0 49] iPhoneXR, [000001DAAA8F2800][000001DAA3E2D840 49] iPhone11, [000001DAAA8C4F00][000001DAA3E319C0 49] iPhone11Pro, [000001DAAA8F0B00][000001DAA3E35B40 49] iPhone11ProMax, [000001DAAA8C4D00][000001DAA3E38140 49] iPhoneSE2, [000001DAAA8F0E00][000001DAA3E3C2C0 49] iPhone12Mini, [000001DAAA937800][000001DAA3E40440 49] iPhone12, [000001DAAA8F3000][000001DAA3E445C0 49] iPhone12Pro, [000001DAAA937700][000001DAA3E48740 49] iPhone12ProMax, [000001DAAA8F1E00][000001DAA3E4C8C0 49] iPadPro105, [000001DAAA935300][000001DAA3E50A40 49] iPadPro129, [000001DAAA8F3E00][000001DAA3E54BC0 49] iPadPro97, [000001DAAA935C00][000001DAAADE2D40 49] iPadPro2_129, [000001DAAA8F2000][000001DAA3E14E80 49] iPad5, [000001DAAA936300][000001DAAADE6FC0 49] iPad6, [000001DAAA8F3B00][000001DAAADEB100 49] iPad7, [000001DAAA935E00][000001DAAADF3280 49] iPad8, [000001DAAA8F0A00][000001DAAADF7400 49] iPadPro11, [000001DAAA936600][000001DAAADFB580 49] iPadPro2_11, [000001DAAA8F0F00][000001DAAADFF700 49] iPadPro3_129, [000001DAAA936800][000001DAAAE03880 49] iPadPro4_129, [000001DAAA8F3C00][000001DAAAE07A00 49] AppleTV, [000001DAAA935A00][000001DAAAE0BB80 49] AppleTV4K, [000001DAAA8F2600][000001DAAAE0E180 49] TVOS, [000001DAAA936100][000001DAAAE12300 49] Mac, [000001DAAA8F2F00][000001DAAAE16480 49] MacClient, [000001DAAA936A00][000001DAAAE1A600 49] MacNoEditor, [000001DAAA8F2C00][000001DAAAE1E780 49] MacServer, [000001DAAA937000][000001DAAAE22900 49] Linux, [000001DAAA8F0400][000001DAAAE26A80 49] LinuxAArch64, [000001DAAA934700][000001DAAAE2AC00 49] LinuxNoEditor, [000001DAAA8F3700][000001DAAAE2ED80 49] LinuxAArch64NoEditor, [000001DAAA937B00][000001DAAAE32F00 49] LinuxClient, [000001DAAA8F3400][000001DAAADEF040 49] LinuxAArch64Client, [000001DAAA937E00][000001DAAAE37180 49] LinuxServer, [000001DAAA8F0700][000001DAAAE3B2C0 49] LinuxAArch64Server, [000001DAAA935F00][000001DAAAE43440 49] Android, [000001DAAA8F2A00][000001DAAAE475C0 49] Android_Low, [000001DAAA936D00][000001DAAAE4B740 49] Android_Mid, [000001DAAA8F1F00][000001DAAAE4F8C0 49] Android_High, [000001DAAA936B00][000001DAAAE53A40 49] Android_Default, [000001DAAA8F0100][000001DAAAE57BC0 49] Android_Adreno4xx, [000001DAAA934500][000001DAAAE5A1C0 49] Android_Adreno5xx_Low, [000001DAAA8F1400][000001DAAAE5E340 49] Android_Adreno5xx, [000001DAAA937400][000001DAAAE624C0 49] Android_Adreno6xx, [000001DAAA8F2300][000001DAAAE66640 49] Android_Adreno6xx_Vulkan, [000001DAAA937D00][000001DAAAE6A7C0 49] Android_Mali_T6xx, [000001DAAA8F0200][000001DAAAE6E940 49] Android_Mali_T7xx, [000001DAAA937600][000001DAAAE72AC0 49] Android_Mali_T8xx, [000001DAAA8F3200][000001DAAAE76C40 49] Android_Mali_G71, [000001DAAA8C7100][000001DAAAE7ADC0 49] Android_Mali_G72, [000001DAAA922D00][000001DAAAE7EF40 49] Android_Mali_G72_Vulkan, [000001DAAA8C6B00][000001DAAAE830C0 49] Android_Mali_G76, [000001DAAA920500][000001DAAAE3F200 49] Android_Mali_G76_Vulkan, [000001DAAA8C4C00][000001DAAAE87340 49] Android_Mali_G77, [000001DAAA920600][000001DAAAE8B480 49] Android_Mali_G77_Vulkan, [000001DAAA8C6400][000001DAAAE8F5C0 49] Android_Mali_G78, [000001DAAA920D00][000001DAAAE97740 49] Android_Mali_G78_Vulkan, [000001DAAA8C7D00][000001DAAAE9B8C0 49] Android_Mali_G710, [000001DAAA922900][000001DAAAE9FA40 49] Android_Mali_G710_Vulkan, [000001DAAA8C6A00][000001DAAAEA3BC0 49] Android_Vulkan_SM5, [000001DAAA921800][000001DAAAEA61C0 49] Android_PowerVR_G6xxx, [000001DAAA8C4500][000001DAAAEAA340 49] Android_PowerVR_GT7xxx, [000001DAAA920200][000001DAAAEAE4C0 49] Android_PowerVR_GE8xxx, [000001DAAA8C7B00][000001DAAAEB2640 49] Android_PowerVR_GM9xxx, [000001DAAA921F00][000001DAAAEB67C0 49] Android_PowerVR_GM9xxx_Vulkan, [000001DAAA8C5F00][000001DAAAEBA940 49] Android_TegraK1, [000001DAAA920A00][000001DAAAEBEAC0 49] Android_Unknown_Vulkan, [000001DAAA8C7900][000001DAAAEC2C40 49] Lumin, [000001DAAA921100][000001DAAAEC6DC0 49] Lumin_Desktop, [000001DAAA8C6000][000001DAAAECAF40 49] HoloLens, 
[2024.04.16-13.13.04:522][  0]LogMeshReduction: Using QuadricMeshReduction for automatic static mesh reduction
[2024.04.16-13.13.04:522][  0]LogMeshReduction: Using SimplygonMeshReduction for automatic skeletal mesh reduction
[2024.04.16-13.13.04:522][  0]LogMeshReduction: Using ProxyLODMeshReduction for automatic mesh merging
[2024.04.16-13.13.04:522][  0]LogMeshReduction: No distributed automatic mesh merging module available
[2024.04.16-13.13.04:522][  0]LogMeshMerging: No distributed automatic mesh merging module available
[2024.04.16-13.13.04:531][  0]LogNetVersion: StayCalm 1.0.0, NetCL: 17155196, EngineNetVer: 17, GameNetVer: 0 (Checksum: 1719702328)
[2024.04.16-13.13.04:717][  0]LogThreadingWindows: Error: Runnable thread FAssetDataGatherer crashed.
[2024.04.16-13.13.04:717][  0]LogWindows: Error: === Critical error: ===
[2024.04.16-13.13.04:717][  0]LogWindows: Error: 
[2024.04.16-13.13.04:717][  0]LogWindows: Error: Assertion failed: NumBytes == Strings.Num() [File:D:/Build/++UE4/Sync/Engine/Source/Runtime/Core/Private/UObject/UnrealNames.cpp] [Line: 3336] 
[2024.04.16-13.13.04:717][  0]LogWindows: Error: 
[2024.04.16-13.13.04:717][  0]LogWindows: Error: 
[2024.04.16-13.13.04:717][  0]LogWindows: Error: 
[2024.04.16-13.13.04:717][  0]LogWindows: Error: [Callstack] 0x00007ff9234d53ac KERNELBASE.dll!UnknownFunction []
[2024.04.16-13.13.04:717][  0]LogWindows: Error: [Callstack] 0x00007ff8b5130216 UE4Editor-Core.dll!UnknownFunction []
[2024.04.16-13.13.04:717][  0]LogWindows: Error: [Callstack] 0x00007ff8b5134218 UE4Editor-Core.dll!UnknownFunction []
[2024.04.16-13.13.04:717][  0]LogWindows: Error: [Callstack] 0x00007ff8b4e5242d UE4Editor-Core.dll!UnknownFunction []
[2024.04.16-13.13.04:717][  0]LogWindows: Error: [Callstack] 0x00007ff8b4da6a45 UE4Editor-Core.dll!UnknownFunction []
[2024.04.16-13.13.04:717][  0]LogWindows: Error: [Callstack] 0x00007ff8b4da80a0 UE4Editor-Core.dll!UnknownFunction []
[2024.04.16-13.13.04:717][  0]LogWindows: Error: [Callstack] 0x00007ff8b512d549 UE4Editor-Core.dll!UnknownFunction []
[2024.04.16-13.13.04:717][  0]LogWindows: Error: [Callstack] 0x00007ff8b512c347 UE4Editor-Core.dll!UnknownFunction []
[2024.04.16-13.13.04:717][  0]LogWindows: Error: [Callstack] 0x00007ff8b512cbd8 UE4Editor-Core.dll!UnknownFunction []
[2024.04.16-13.13.04:717][  0]LogWindows: Error: [Callstack] 0x00007ff8af5987a4 UE4Editor-AssetRegistry.dll!UnknownFunction []
[2024.04.16-13.13.04:717][  0]LogWindows: Error: [Callstack] 0x00007ff8af5efb46 UE4Editor-AssetRegistry.dll!UnknownFunction []
[2024.04.16-13.13.04:717][  0]LogWindows: Error: [Callstack] 0x00007ff8b514ff0b UE4Editor-Core.dll!UnknownFunction []
[2024.04.16-13.13.04:717][  0]LogWindows: Error: [Callstack] 0x00007ff8b5147050 UE4Editor-Core.dll!UnknownFunction []
[2024.04.16-13.13.04:717][  0]LogWindows: Error: [Callstack] 0x00007ff924c3257d KERNEL32.DLL!UnknownFunction []
[2024.04.16-13.13.04:717][  0]LogWindows: Error: [Callstack] 0x00007ff925ceaa48 ntdll.dll!UnknownFunction []
[2024.04.16-13.13.04:717][  0]LogWindows: Error: 
[2024.04.16-13.13.04:717][  0]LogWindows: Error: Crash in runnable thread FAssetDataGatherer
[2024.04.16-13.13.04:728][  0]LogExit: Executing StaticShutdownAfterError
[2024.04.16-13.13.04:728][  0]LogWindows: FPlatformMisc::RequestExit(1)
[2024.04.16-13.13.04:728][  0]LogWindows: FPlatformMisc::RequestExitWithStatus(1, 3)
[2024.04.16-13.13.04:728][  0]LogCore: Engine exit requested (reason: Win RequestExit)
[2024.04.16-13.13.04:736][  0]Log file closed, 04/16/24 14:13:04
